#
# There is insufficient memory for the Java Runtime Environment to continue.
# Native memory allocation (mmap) failed to map 24117248 bytes for Failed to commit area from 0x0000000098800000 to 0x0000000099f00000 of length 24117248.
# Possible reasons:
#   The system is out of physical RAM or swap space
#   The process is running with CompressedOops enabled, and the Java Heap may be blocking the growth of the native heap
# Possible solutions:
#   Reduce memory load on the system
#   Increase physical memory or swap space
#   Check if swap backing store is full
#   Decrease Java heap size (-Xmx/-Xms)
#   Decrease number of Java threads
#   Decrease Java thread stack sizes (-Xss)
#   Set larger code cache with -XX:ReservedCodeCacheSize=
#   JVM is running with Unscaled Compressed Oops mode in which the Java heap is
#     placed in the first 4GB address space. The Java Heap base address is the
#     maximum limit for the native heap growth. Please use -XX:HeapBaseMinAddress
#     to set the Java Heap base and to place the Java Heap above 4GB virtual address.
# This output file may be truncated or incomplete.
#
#  Out of Memory Error (t:/workspace/open/src/hotspot/os/windows/os_windows.cpp:3315), pid=8396, tid=10256
#
# JRE version: Java(TM) SE Runtime Environment (14.0+36) (build 14+36-1461)
# Java VM: Java HotSpot(TM) 64-Bit Server VM (14+36-1461, mixed mode, sharing, tiered, compressed oops, g1 gc, windows-amd64)
# No core dump will be written. Minidumps are not enabled by default on client versions of Windows
#

---------------  S U M M A R Y ------------

Command Line: todoapplication.TodoApplication

Host: AMD Ryzen 5 2500U with Radeon Vega Mobile Gfx  , 8 cores, 6G,  Windows 10 , 64 bit Build 19041 (10.0.19041.662)
Time: Wed Jan 27 02:23:52 2021 FLE Standard Time elapsed time: 1 seconds (0d 0h 0m 1s)

---------------  T H R E A D  ---------------

Current thread (0x000001e171616800):  VMThread "VM Thread" [stack: 0x0000005334f00000,0x0000005335000000] [id=10256]

Stack: [0x0000005334f00000,0x0000005335000000]
[error occurred during error reporting (printing stack bounds), id 0xc0000005, EXCEPTION_ACCESS_VIOLATION (0xc0000005) at pc=0x000001e15b6f10ad]

Native frames: (J=compiled Java code, j=interpreted, Vv=VM code, C=native code)
V  [jvm.dll+0x5f83ea]
V  [jvm.dll+0x741e2a]
V  [jvm.dll+0x7435df]
V  [jvm.dll+0x743b85]
V  [jvm.dll+0x743b3b]
V  [jvm.dll+0x5f791f]
V  [jvm.dll+0x5f8088]
C  [ntdll.dll+0xa130f]
C  [ntdll.dll+0x4b5e4]
C  [ntdll.dll+0x9fe3e]
C  0x000001e15b6f10ad

VM_Operation (0x00000053356fe4c0): CollectForMetadataAllocation, mode: safepoint, requested by thread 0x000001e17163c800


---------------  P R O C E S S  ---------------

Threads class SMR info:
_java_thread_list=0x000001e174f14000, length=15, elements={
0x000001e152f50800, 0x000001e171619000, 0x000001e17161a800, 0x000001e171630000,
0x000001e171633000, 0x000001e171634000, 0x000001e171638000, 0x000001e17163c800,
0x000001e171648000, 0x000001e172077000, 0x000001e172083000, 0x000001e1721dc000,
0x000001e17309d800, 0x000001e172e66000, 0x000001e173336000
}

Java Threads: ( => current thread )
  0x000001e152f50800 JavaThread "main" [_thread_blocked, id=11524, stack(0x0000005334900000,0x0000005334a00000)]
  0x000001e171619000 JavaThread "Reference Handler" daemon [_thread_blocked, id=11180, stack(0x0000005335000000,0x0000005335100000)]
  0x000001e17161a800 JavaThread "Finalizer" daemon [_thread_blocked, id=15068, stack(0x0000005335100000,0x0000005335200000)]
  0x000001e171630000 JavaThread "Signal Dispatcher" daemon [_thread_blocked, id=5908, stack(0x0000005335200000,0x0000005335300000)]
  0x000001e171633000 JavaThread "Attach Listener" daemon [_thread_blocked, id=10800, stack(0x0000005335300000,0x0000005335400000)]
  0x000001e171634000 JavaThread "Service Thread" daemon [_thread_blocked, id=6452, stack(0x0000005335400000,0x0000005335500000)]
  0x000001e171638000 JavaThread "C2 CompilerThread0" daemon [_thread_in_native, id=7612, stack(0x0000005335500000,0x0000005335600000)]
  0x000001e17163c800 JavaThread "C1 CompilerThread0" daemon [_thread_blocked, id=13900, stack(0x0000005335600000,0x0000005335700000)]
  0x000001e171648000 JavaThread "Sweeper thread" daemon [_thread_blocked, id=13684, stack(0x0000005335700000,0x0000005335800000)]
  0x000001e172077000 JavaThread "Notification Thread" daemon [_thread_blocked, id=6756, stack(0x0000005335800000,0x0000005335900000)]
  0x000001e172083000 JavaThread "Common-Cleaner" daemon [_thread_blocked, id=5108, stack(0x0000005335a00000,0x0000005335b00000)]
  0x000001e1721dc000 JavaThread "C2 CompilerThread1" daemon [_thread_blocked, id=15904, stack(0x0000005335b00000,0x0000005335c00000)]
  0x000001e17309d800 JavaThread "Thread-0" [_thread_blocked, id=7072, stack(0x0000005335d00000,0x0000005335e00000)]
  0x000001e172e66000 JavaThread "restartedMain" [_thread_blocked, id=12884, stack(0x0000005335e00000,0x0000005335f00000)]
  0x000001e173336000 JavaThread "C2 CompilerThread2" daemon [_thread_blocked, id=7772, stack(0x0000005336000000,0x0000005336100000)]

Other Threads:
=>0x000001e171616800 VMThread "VM Thread" [stack: 0x0000005334f00000,0x0000005335000000] [id=10256]
  0x000001e172078800 WatcherThread [stack: 0x0000005335900000,0x0000005335a00000] [id=11116]
  0x000001e152f8e000 GCTaskThread "GC Thread#0" [stack: 0x0000005334a00000,0x0000005334b00000] [id=2668]
  0x000001e172d4a000 GCTaskThread "GC Thread#1" [stack: 0x0000005335c00000,0x0000005335d00000] [id=12556]
  0x000001e173779000 GCTaskThread "GC Thread#2" [stack: 0x0000005336100000,0x0000005336200000] [id=8800]
  0x000001e174ab3800 GCTaskThread "GC Thread#3" [stack: 0x0000005336200000,0x0000005336300000] [id=14468]
  0x000001e173224800 GCTaskThread "GC Thread#4" [stack: 0x0000005336300000,0x0000005336400000] [id=14784]
  0x000001e173743000 GCTaskThread "GC Thread#5" [stack: 0x0000005336400000,0x0000005336500000] [id=14964]
  0x000001e17348b000 GCTaskThread "GC Thread#6" [stack: 0x0000005336500000,0x0000005336600000] [id=2044]
  0x000001e1734c3000 GCTaskThread "GC Thread#7" [stack: 0x0000005336600000,0x0000005336700000] [id=14528]
  0x000001e152f9f800 ConcurrentGCThread "G1 Main Marker" [stack: 0x0000005334b00000,0x0000005334c00000] [id=16000]
  0x000001e152fa0800 ConcurrentGCThread "G1 Conc#0" [stack: 0x0000005334c00000,0x0000005334d00000] [id=14836]
  0x000001e153016000 ConcurrentGCThread "G1 Refine#0" [stack: 0x0000005334d00000,0x0000005334e00000] [id=5768]
  0x000001e153016800 ConcurrentGCThread "G1 Young RemSet Sampling" [stack: 0x0000005334e00000,0x0000005334f00000] [id=14424]

Threads with active compile tasks:
C2 CompilerThread0     1985 2158   !   4       org.apache.tomcat.util.IntrospectionUtils::setProperty (736 bytes)
C1 CompilerThread0     1985 2310       3       org.springframework.core.type.classreading.AnnotationReadingVisitorUtils::getMergedAnnotationAttributes (238 bytes)
C2 CompilerThread1     1985 2026   !   4       jdk.internal.loader.BuiltinClassLoader::loadClassOrNull (143 bytes)
C2 CompilerThread2     1985 2195       4       jdk.internal.module.SystemModuleFinders$SystemModuleReader::findImageLocation (42 bytes)

VM state:at safepoint (normal execution)

VM Mutex/Monitor currently owned by a thread:  ([mutex/lock_event])
[0x000001e152f4a890] Threads_lock - owner thread: 0x000001e171616800
[0x000001e152f4b3d0] Heap_lock - owner thread: 0x000001e17163c800
[0x000001e152f4ada0] MethodData_lock - owner thread: 0x000001e17163c800

Heap address: 0x0000000091800000, size: 1768 MB, Compressed Oops mode: 32-bit
Narrow klass base: 0x0000000800000000, Narrow klass shift: 3
Compressed class space size: 1073741824 Address: 0x0000000800b30000

Heap:
 garbage-first heap   total 138240K, used 13343K [0x0000000091800000, 0x0000000100000000)
  region size 1024K, 3 young (3072K), 3 survivors (3072K)
 Metaspace       used 20530K, capacity 21093K, committed 21296K, reserved 1067008K
  class space    used 2614K, capacity 2849K, committed 2944K, reserved 1048576K
Heap Regions: E=young(eden), S=young(survivor), O=old, HS=humongous(starts), HC=humongous(continues), CS=collection set, F=free, OA=open archive, CA=closed archive, TAMS=top-at-mark-start (previous, next)
|   0|0x0000000091800000, 0x0000000091900000, 0x0000000091900000|100%|HS|  |TAMS 0x0000000091800000, 0x0000000091900000| Complete 
|   1|0x0000000091900000, 0x0000000091a00000, 0x0000000091a00000|100%| O|  |TAMS 0x0000000091900000, 0x0000000091a00000| Untracked 
|   2|0x0000000091a00000, 0x0000000091b00000, 0x0000000091b00000|100%| O|  |TAMS 0x0000000091a00000, 0x0000000091b00000| Untracked 
|   3|0x0000000091b00000, 0x0000000091c00000, 0x0000000091c00000|100%| O|  |TAMS 0x0000000091b00000, 0x0000000091c00000| Untracked 
|   4|0x0000000091c00000, 0x0000000091d00000, 0x0000000091d00000|100%| O|  |TAMS 0x0000000091c00000, 0x0000000091d00000| Untracked 
|   5|0x0000000091d00000, 0x0000000091e00000, 0x0000000091e00000|100%| O|  |TAMS 0x0000000091d00000, 0x0000000091e00000| Untracked 
|   6|0x0000000091e00000, 0x0000000091f00000, 0x0000000091f00000|100%| O|  |TAMS 0x0000000091e00000, 0x0000000091f00000| Untracked 
|   7|0x0000000091f00000, 0x0000000092000000, 0x0000000092000000|100%| O|  |TAMS 0x0000000091f00000, 0x0000000091f97e00| Untracked 
|   8|0x0000000092000000, 0x0000000092100000, 0x0000000092100000|100%| O|  |TAMS 0x0000000092000000, 0x0000000092000000| Untracked 
|   9|0x0000000092100000, 0x0000000092200000, 0x0000000092200000|100%| O|  |TAMS 0x0000000092100000, 0x0000000092100000| Untracked 
|  10|0x0000000092200000, 0x000000009221a000, 0x0000000092300000| 10%| O|  |TAMS 0x0000000092200000, 0x0000000092200000| Untracked 
|  11|0x0000000092300000, 0x0000000092300000, 0x0000000092400000|  0%| F|  |TAMS 0x0000000092300000, 0x0000000092300000| Untracked 
|  12|0x0000000092400000, 0x0000000092400000, 0x0000000092500000|  0%| F|  |TAMS 0x0000000092400000, 0x0000000092400000| Untracked 
|  13|0x0000000092500000, 0x0000000092500000, 0x0000000092600000|  0%| F|  |TAMS 0x0000000092500000, 0x0000000092500000| Untracked 
|  14|0x0000000092600000, 0x0000000092600000, 0x0000000092700000|  0%| F|  |TAMS 0x0000000092600000, 0x0000000092600000| Untracked 
|  15|0x0000000092700000, 0x0000000092700000, 0x0000000092800000|  0%| F|  |TAMS 0x0000000092700000, 0x0000000092700000| Untracked 
|  16|0x0000000092800000, 0x0000000092800000, 0x0000000092900000|  0%| F|  |TAMS 0x0000000092800000, 0x0000000092800000| Untracked 
|  17|0x0000000092900000, 0x0000000092900000, 0x0000000092a00000|  0%| F|  |TAMS 0x0000000092900000, 0x0000000092900000| Untracked 
|  18|0x0000000092a00000, 0x0000000092a00000, 0x0000000092b00000|  0%| F|  |TAMS 0x0000000092a00000, 0x0000000092a00000| Untracked 
|  19|0x0000000092b00000, 0x0000000092b00000, 0x0000000092c00000|  0%| F|  |TAMS 0x0000000092b00000, 0x0000000092b00000| Untracked 
|  20|0x0000000092c00000, 0x0000000092c00000, 0x0000000092d00000|  0%| F|  |TAMS 0x0000000092c00000, 0x0000000092c00000| Untracked 
|  21|0x0000000092d00000, 0x0000000092d00000, 0x0000000092e00000|  0%| F|  |TAMS 0x0000000092d00000, 0x0000000092d00000| Untracked 
|  22|0x0000000092e00000, 0x0000000092e00000, 0x0000000092f00000|  0%| F|  |TAMS 0x0000000092e00000, 0x0000000092e00000| Untracked 
|  23|0x0000000092f00000, 0x0000000092f00000, 0x0000000093000000|  0%| F|  |TAMS 0x0000000092f00000, 0x0000000092f00000| Untracked 
|  24|0x0000000093000000, 0x0000000093000000, 0x0000000093100000|  0%| F|  |TAMS 0x0000000093000000, 0x0000000093000000| Untracked 
|  25|0x0000000093100000, 0x0000000093100000, 0x0000000093200000|  0%| F|  |TAMS 0x0000000093100000, 0x0000000093100000| Untracked 
|  26|0x0000000093200000, 0x0000000093200000, 0x0000000093300000|  0%| F|  |TAMS 0x0000000093200000, 0x0000000093200000| Untracked 
|  27|0x0000000093300000, 0x0000000093300000, 0x0000000093400000|  0%| F|  |TAMS 0x0000000093300000, 0x0000000093300000| Untracked 
|  28|0x0000000093400000, 0x0000000093400000, 0x0000000093500000|  0%| F|  |TAMS 0x0000000093400000, 0x0000000093400000| Untracked 
|  29|0x0000000093500000, 0x0000000093500000, 0x0000000093600000|  0%| F|  |TAMS 0x0000000093500000, 0x0000000093500000| Untracked 
|  30|0x0000000093600000, 0x0000000093600000, 0x0000000093700000|  0%| F|  |TAMS 0x0000000093600000, 0x0000000093600000| Untracked 
|  31|0x0000000093700000, 0x0000000093700000, 0x0000000093800000|  0%| F|  |TAMS 0x0000000093700000, 0x0000000093700000| Untracked 
|  32|0x0000000093800000, 0x0000000093800000, 0x0000000093900000|  0%| F|  |TAMS 0x0000000093800000, 0x0000000093800000| Untracked 
|  33|0x0000000093900000, 0x0000000093900000, 0x0000000093a00000|  0%| F|  |TAMS 0x0000000093900000, 0x0000000093900000| Untracked 
|  34|0x0000000093a00000, 0x0000000093a00000, 0x0000000093b00000|  0%| F|  |TAMS 0x0000000093a00000, 0x0000000093a00000| Untracked 
|  35|0x0000000093b00000, 0x0000000093b00000, 0x0000000093c00000|  0%| F|  |TAMS 0x0000000093b00000, 0x0000000093b00000| Untracked 
|  36|0x0000000093c00000, 0x0000000093c00000, 0x0000000093d00000|  0%| F|  |TAMS 0x0000000093c00000, 0x0000000093c00000| Untracked 
|  37|0x0000000093d00000, 0x0000000093d00000, 0x0000000093e00000|  0%| F|  |TAMS 0x0000000093d00000, 0x0000000093d00000| Untracked 
|  38|0x0000000093e00000, 0x0000000093e00000, 0x0000000093f00000|  0%| F|  |TAMS 0x0000000093e00000, 0x0000000093e00000| Untracked 
|  39|0x0000000093f00000, 0x0000000093f00000, 0x0000000094000000|  0%| F|  |TAMS 0x0000000093f00000, 0x0000000093f00000| Untracked 
|  40|0x0000000094000000, 0x0000000094000000, 0x0000000094100000|  0%| F|  |TAMS 0x0000000094000000, 0x0000000094000000| Untracked 
|  41|0x0000000094100000, 0x0000000094100000, 0x0000000094200000|  0%| F|  |TAMS 0x0000000094100000, 0x0000000094100000| Untracked 
|  42|0x0000000094200000, 0x0000000094200000, 0x0000000094300000|  0%| F|  |TAMS 0x0000000094200000, 0x0000000094200000| Untracked 
|  43|0x0000000094300000, 0x0000000094300000, 0x0000000094400000|  0%| F|  |TAMS 0x0000000094300000, 0x0000000094300000| Untracked 
|  44|0x0000000094400000, 0x0000000094400000, 0x0000000094500000|  0%| F|  |TAMS 0x0000000094400000, 0x0000000094400000| Untracked 
|  45|0x0000000094500000, 0x0000000094500000, 0x0000000094600000|  0%| F|  |TAMS 0x0000000094500000, 0x0000000094500000| Untracked 
|  46|0x0000000094600000, 0x0000000094600000, 0x0000000094700000|  0%| F|  |TAMS 0x0000000094600000, 0x0000000094600000| Untracked 
|  47|0x0000000094700000, 0x0000000094700000, 0x0000000094800000|  0%| F|  |TAMS 0x0000000094700000, 0x0000000094700000| Untracked 
|  48|0x0000000094800000, 0x0000000094800000, 0x0000000094900000|  0%| F|  |TAMS 0x0000000094800000, 0x0000000094800000| Untracked 
|  49|0x0000000094900000, 0x0000000094900000, 0x0000000094a00000|  0%| F|  |TAMS 0x0000000094900000, 0x0000000094900000| Untracked 
|  50|0x0000000094a00000, 0x0000000094a00000, 0x0000000094b00000|  0%| F|  |TAMS 0x0000000094a00000, 0x0000000094a00000| Untracked 
|  51|0x0000000094b00000, 0x0000000094b00000, 0x0000000094c00000|  0%| F|  |TAMS 0x0000000094b00000, 0x0000000094b00000| Untracked 
|  52|0x0000000094c00000, 0x0000000094c00000, 0x0000000094d00000|  0%| F|  |TAMS 0x0000000094c00000, 0x0000000094c00000| Untracked 
|  53|0x0000000094d00000, 0x0000000094d00000, 0x0000000094e00000|  0%| F|  |TAMS 0x0000000094d00000, 0x0000000094d00000| Untracked 
|  54|0x0000000094e00000, 0x0000000094e00000, 0x0000000094f00000|  0%| F|  |TAMS 0x0000000094e00000, 0x0000000094e00000| Untracked 
|  55|0x0000000094f00000, 0x0000000094f00000, 0x0000000095000000|  0%| F|  |TAMS 0x0000000094f00000, 0x0000000094f00000| Untracked 
|  56|0x0000000095000000, 0x0000000095000000, 0x0000000095100000|  0%| F|  |TAMS 0x0000000095000000, 0x0000000095000000| Untracked 
|  57|0x0000000095100000, 0x0000000095100000, 0x0000000095200000|  0%| F|  |TAMS 0x0000000095100000, 0x0000000095100000| Untracked 
|  58|0x0000000095200000, 0x0000000095200000, 0x0000000095300000|  0%| F|  |TAMS 0x0000000095200000, 0x0000000095200000| Untracked 
|  59|0x0000000095300000, 0x0000000095300000, 0x0000000095400000|  0%| F|  |TAMS 0x0000000095300000, 0x0000000095300000| Untracked 
|  60|0x0000000095400000, 0x0000000095400000, 0x0000000095500000|  0%| F|  |TAMS 0x0000000095400000, 0x0000000095400000| Untracked 
|  61|0x0000000095500000, 0x0000000095500000, 0x0000000095600000|  0%| F|  |TAMS 0x0000000095500000, 0x0000000095500000| Untracked 
|  62|0x0000000095600000, 0x0000000095600000, 0x0000000095700000|  0%| F|  |TAMS 0x0000000095600000, 0x0000000095600000| Untracked 
|  63|0x0000000095700000, 0x0000000095700000, 0x0000000095800000|  0%| F|  |TAMS 0x0000000095700000, 0x0000000095700000| Untracked 
|  64|0x0000000095800000, 0x0000000095800000, 0x0000000095900000|  0%| F|  |TAMS 0x0000000095800000, 0x0000000095800000| Untracked 
|  65|0x0000000095900000, 0x0000000095900000, 0x0000000095a00000|  0%| F|  |TAMS 0x0000000095900000, 0x0000000095900000| Untracked 
|  66|0x0000000095a00000, 0x0000000095a00000, 0x0000000095b00000|  0%| F|  |TAMS 0x0000000095a00000, 0x0000000095a00000| Untracked 
|  67|0x0000000095b00000, 0x0000000095b00000, 0x0000000095c00000|  0%| F|  |TAMS 0x0000000095b00000, 0x0000000095b00000| Untracked 
|  68|0x0000000095c00000, 0x0000000095c00000, 0x0000000095d00000|  0%| F|  |TAMS 0x0000000095c00000, 0x0000000095c00000| Untracked 
|  69|0x0000000095d00000, 0x0000000095d00000, 0x0000000095e00000|  0%| F|  |TAMS 0x0000000095d00000, 0x0000000095d00000| Untracked 
|  70|0x0000000095e00000, 0x0000000095e00000, 0x0000000095f00000|  0%| F|  |TAMS 0x0000000095e00000, 0x0000000095e00000| Untracked 
|  71|0x0000000095f00000, 0x0000000095f00000, 0x0000000096000000|  0%| F|  |TAMS 0x0000000095f00000, 0x0000000095f00000| Untracked 
|  72|0x0000000096000000, 0x0000000096000000, 0x0000000096100000|  0%| F|  |TAMS 0x0000000096000000, 0x0000000096000000| Untracked 
|  73|0x0000000096100000, 0x0000000096100000, 0x0000000096200000|  0%| F|  |TAMS 0x0000000096100000, 0x0000000096100000| Untracked 
|  74|0x0000000096200000, 0x0000000096200000, 0x0000000096300000|  0%| F|  |TAMS 0x0000000096200000, 0x0000000096200000| Untracked 
|  75|0x0000000096300000, 0x0000000096300000, 0x0000000096400000|  0%| F|  |TAMS 0x0000000096300000, 0x0000000096300000| Untracked 
|  76|0x0000000096400000, 0x0000000096400000, 0x0000000096500000|  0%| F|  |TAMS 0x0000000096400000, 0x0000000096400000| Untracked 
|  77|0x0000000096500000, 0x0000000096500000, 0x0000000096600000|  0%| F|  |TAMS 0x0000000096500000, 0x0000000096500000| Untracked 
|  78|0x0000000096600000, 0x0000000096600000, 0x0000000096700000|  0%| F|  |TAMS 0x0000000096600000, 0x0000000096600000| Untracked 
|  79|0x0000000096700000, 0x0000000096700000, 0x0000000096800000|  0%| F|  |TAMS 0x0000000096700000, 0x0000000096700000| Untracked 
|  80|0x0000000096800000, 0x0000000096800000, 0x0000000096900000|  0%| F|  |TAMS 0x0000000096800000, 0x0000000096800000| Untracked 
|  81|0x0000000096900000, 0x0000000096900000, 0x0000000096a00000|  0%| F|  |TAMS 0x0000000096900000, 0x0000000096900000| Untracked 
|  82|0x0000000096a00000, 0x0000000096a00000, 0x0000000096b00000|  0%| F|  |TAMS 0x0000000096a00000, 0x0000000096a00000| Untracked 
|  83|0x0000000096b00000, 0x0000000096b00000, 0x0000000096c00000|  0%| F|  |TAMS 0x0000000096b00000, 0x0000000096b00000| Untracked 
|  84|0x0000000096c00000, 0x0000000096c00000, 0x0000000096d00000|  0%| F|  |TAMS 0x0000000096c00000, 0x0000000096c00000| Untracked 
|  85|0x0000000096d00000, 0x0000000096d00000, 0x0000000096e00000|  0%| F|  |TAMS 0x0000000096d00000, 0x0000000096d00000| Untracked 
|  86|0x0000000096e00000, 0x0000000096e00000, 0x0000000096f00000|  0%| F|  |TAMS 0x0000000096e00000, 0x0000000096e00000| Untracked 
|  87|0x0000000096f00000, 0x0000000096f00000, 0x0000000097000000|  0%| F|  |TAMS 0x0000000096f00000, 0x0000000096f00000| Untracked 
|  88|0x0000000097000000, 0x0000000097000000, 0x0000000097100000|  0%| F|  |TAMS 0x0000000097000000, 0x0000000097000000| Untracked 
|  89|0x0000000097100000, 0x0000000097100000, 0x0000000097200000|  0%| F|  |TAMS 0x0000000097100000, 0x0000000097100000| Untracked 
|  90|0x0000000097200000, 0x0000000097200000, 0x0000000097300000|  0%| F|  |TAMS 0x0000000097200000, 0x0000000097200000| Untracked 
|  91|0x0000000097300000, 0x0000000097300000, 0x0000000097400000|  0%| F|  |TAMS 0x0000000097300000, 0x0000000097300000| Untracked 
|  92|0x0000000097400000, 0x0000000097400000, 0x0000000097500000|  0%| F|  |TAMS 0x0000000097400000, 0x0000000097400000| Untracked 
|  93|0x0000000097500000, 0x0000000097500000, 0x0000000097600000|  0%| F|  |TAMS 0x0000000097500000, 0x0000000097500000| Untracked 
|  94|0x0000000097600000, 0x0000000097600000, 0x0000000097700000|  0%| F|  |TAMS 0x0000000097600000, 0x0000000097600000| Untracked 
|  95|0x0000000097700000, 0x0000000097700000, 0x0000000097800000|  0%| F|  |TAMS 0x0000000097700000, 0x0000000097700000| Untracked 
|  96|0x0000000097800000, 0x0000000097800000, 0x0000000097900000|  0%| F|  |TAMS 0x0000000097800000, 0x0000000097800000| Untracked 
|  97|0x0000000097900000, 0x0000000097900000, 0x0000000097a00000|  0%| F|  |TAMS 0x0000000097900000, 0x0000000097900000| Untracked 
|  98|0x0000000097a00000, 0x0000000097aedcb8, 0x0000000097b00000| 92%| S|CS|TAMS 0x0000000097a00000, 0x0000000097a00000| Complete 
|  99|0x0000000097b00000, 0x0000000097c00000, 0x0000000097c00000|100%| S|CS|TAMS 0x0000000097b00000, 0x0000000097b00000| Complete 
| 100|0x0000000097c00000, 0x0000000097d00000, 0x0000000097d00000|100%| S|CS|TAMS 0x0000000097c00000, 0x0000000097c00000| Complete 
| 101|0x0000000097d00000, 0x0000000097d00000, 0x0000000097e00000|  0%| F|  |TAMS 0x0000000097d00000, 0x0000000097d00000| Untracked 
| 102|0x0000000097e00000, 0x0000000097e00000, 0x0000000097f00000|  0%| F|  |TAMS 0x0000000097e00000, 0x0000000097e00000| Untracked 
| 103|0x0000000097f00000, 0x0000000097f00000, 0x0000000098000000|  0%| F|  |TAMS 0x0000000097f00000, 0x0000000097f00000| Untracked 
| 104|0x0000000098000000, 0x0000000098000000, 0x0000000098100000|  0%| F|  |TAMS 0x0000000098000000, 0x0000000098000000| Untracked 
| 105|0x0000000098100000, 0x0000000098100000, 0x0000000098200000|  0%| F|  |TAMS 0x0000000098100000, 0x0000000098100000| Untracked 
| 106|0x0000000098200000, 0x0000000098200000, 0x0000000098300000|  0%| F|  |TAMS 0x0000000098200000, 0x0000000098200000| Untracked 
| 107|0x0000000098300000, 0x0000000098300000, 0x0000000098400000|  0%| F|  |TAMS 0x0000000098300000, 0x0000000098300000| Untracked 
| 108|0x0000000098400000, 0x0000000098400000, 0x0000000098500000|  0%| F|  |TAMS 0x0000000098400000, 0x0000000098400000| Untracked 
| 109|0x0000000098500000, 0x0000000098500000, 0x0000000098600000|  0%| F|  |TAMS 0x0000000098500000, 0x0000000098500000| Untracked 
| 110|0x0000000098600000, 0x0000000098600000, 0x0000000098700000|  0%| F|  |TAMS 0x0000000098600000, 0x0000000098600000| Untracked 
| 111|0x0000000098700000, 0x0000000098700000, 0x0000000098800000|  0%| F|  |TAMS 0x0000000098700000, 0x0000000098700000| Untracked 

Card table byte_map: [0x000001e16ada0000,0x000001e16b120000] _byte_map_base: 0x000001e16a914000

Marking Bits (Prev, Next): (CMBitMap*) 0x000001e152f8f838, (CMBitMap*) 0x000001e152f8f878
 Prev Bits: [0x000001e16b4a0000, 0x000001e16d040000)
 Next Bits: [0x000001e16d040000, 0x000001e16ebe0000)

Polling page: 0x000001e150ec0000

Metaspace:

Usage:
  Non-class:     17.82 MB capacity,    17.50 MB ( 98%) used,   273.59 KB (  1%) free+waste,    53.69 KB ( <1%) overhead. 
      Class:      2.78 MB capacity,     2.55 MB ( 92%) used,   207.40 KB (  7%) free+waste,    27.38 KB ( <1%) overhead. 
       Both:     20.60 MB capacity,    20.05 MB ( 97%) used,   480.98 KB (  2%) free+waste,    81.06 KB ( <1%) overhead. 

Virtual space:
  Non-class space:       18.00 MB reserved,      17.92 MB (>99%) committed 
      Class space:        1.00 GB reserved,       2.88 MB ( <1%) committed 
             Both:        1.02 GB reserved,      20.80 MB (  2%) committed 

Chunk freelists:
   Non-Class:  60.00 KB
       Class:  31.00 KB
        Both:  91.00 KB

MaxMetaspaceSize: 17179869184.00 GB
CompressedClassSpaceSize: 1.00 GB

CodeHeap 'non-profiled nmethods': size=120000Kb used=1092Kb max_used=1092Kb free=118907Kb
 bounds [0x000001e1631c0000, 0x000001e163430000, 0x000001e16a6f0000]
CodeHeap 'profiled nmethods': size=120000Kb used=5114Kb max_used=5114Kb free=114885Kb
 bounds [0x000001e15bc90000, 0x000001e15c190000, 0x000001e1631c0000]
CodeHeap 'non-nmethods': size=5760Kb used=1225Kb max_used=1267Kb free=4534Kb
 bounds [0x000001e15b6f0000, 0x000001e15b960000, 0x000001e15bc90000]
 total_blobs=3569 nmethods=2285 adapters=400
 compilation: enabled
              stopped_count=0, restarted_count=0
 full_count=0

Compilation events (20 events):
Event: 1.951 Thread 0x000001e17163c800 nmethod 2294 0x000001e15c182990 code [0x000001e15c182b80, 0x000001e15c1830e8]
Event: 1.951 Thread 0x000001e17163c800 2295       3       org.springframework.core.type.classreading.AnnotationMetadataReadingVisitor::getInterfaceNames (5 bytes)
Event: 1.951 Thread 0x000001e17163c800 nmethod 2295 0x000001e15c183210 code [0x000001e15c1833a0, 0x000001e15c1834d8]
Event: 1.952 Thread 0x000001e17163c800 2297       3       org.springframework.core.type.classreading.RecursiveAnnotationArrayVisitor::visit (114 bytes)
Event: 1.953 Thread 0x000001e17163c800 nmethod 2297 0x000001e15c183590 code [0x000001e15c183860, 0x000001e15c184878]
Event: 1.955 Thread 0x000001e17163c800 2299       3       org.springframework.asm.ClassReader::readLabel (34 bytes)
Event: 1.955 Thread 0x000001e17163c800 nmethod 2299 0x000001e15c184d90 code [0x000001e15c184f60, 0x000001e15c185538]
Event: 1.956 Thread 0x000001e17163c800 2300   !   3       jdk.internal.loader.URLClassPath::check (125 bytes)
Event: 1.957 Thread 0x000001e17163c800 nmethod 2300 0x000001e15c185710 code [0x000001e15c1859a0, 0x000001e15c1869a8]
Event: 1.958 Thread 0x000001e17163c800 2301       3       java.util.TreeMap::rotateLeft (96 bytes)
Event: 1.958 Thread 0x000001e17163c800 nmethod 2301 0x000001e15c186d90 code [0x000001e15c186f60, 0x000001e15c187498]
Event: 1.958 Thread 0x000001e17163c800 2303   !   3       org.springframework.context.annotation.ConfigurationClassParser$SourceClass::getAnnotations (64 bytes)
Event: 1.959 Thread 0x000001e17163c800 nmethod 2303 0x000001e15c187610 code [0x000001e15c1878a0, 0x000001e15c188548]
Event: 1.959 Thread 0x000001e17163c800 2304       3       org.springframework.util.ClassUtils::convertClassNameToResourcePath (15 bytes)
Event: 1.959 Thread 0x000001e17163c800 nmethod 2304 0x000001e15c188990 code [0x000001e15c188b60, 0x000001e15c188df8]
Event: 1.959 Thread 0x000001e17163c800 2302   !   3       org.springframework.core.type.classreading.SimpleMetadataReaderFactory::getMetadataReader (156 bytes)
Event: 1.962 Thread 0x000001e17163c800 nmethod 2302 0x000001e15c188f90 code [0x000001e15c1894a0, 0x000001e15c18b948]
Event: 1.962 Thread 0x000001e17163c800 2306       3       org.springframework.asm.ClassReader::<init> (367 bytes)
Event: 1.964 Thread 0x000001e17163c800 nmethod 2306 0x000001e15c18c710 code [0x000001e15c18ca20, 0x000001e15c18e158]
Event: 1.964 Thread 0x000001e17163c800 2310       3       org.springframework.core.type.classreading.AnnotationReadingVisitorUtils::getMergedAnnotationAttributes (238 bytes)

GC Heap History (9 events):
Event: 0.618 GC heap before
{Heap before GC invocations=0 (full 0):
 garbage-first heap   total 114688K, used 23552K [0x0000000091800000, 0x0000000100000000)
  region size 1024K, 23 young (23552K), 0 survivors (0K)
 Metaspace       used 3933K, capacity 6142K, committed 6400K, reserved 1056768K
  class space    used 434K, capacity 646K, committed 768K, reserved 1048576K
}
Event: 0.626 GC heap after
{Heap after GC invocations=1 (full 0):
 garbage-first heap   total 114688K, used 7643K [0x0000000091800000, 0x0000000100000000)
  region size 1024K, 3 young (3072K), 3 survivors (3072K)
 Metaspace       used 3933K, capacity 6142K, committed 6400K, reserved 1056768K
  class space    used 434K, capacity 646K, committed 768K, reserved 1048576K
}
Event: 0.637 GC heap before
{Heap before GC invocations=1 (full 0):
 garbage-first heap   total 114688K, used 33243K [0x0000000091800000, 0x0000000100000000)
  region size 1024K, 29 young (29696K), 3 survivors (3072K)
 Metaspace       used 3933K, capacity 6142K, committed 6400K, reserved 1056768K
  class space    used 434K, capacity 646K, committed 768K, reserved 1048576K
}
Event: 0.641 GC heap after
{Heap after GC invocations=2 (full 0):
 garbage-first heap   total 114688K, used 7836K [0x0000000091800000, 0x0000000100000000)
  region size 1024K, 1 young (1024K), 1 survivors (1024K)
 Metaspace       used 3933K, capacity 6142K, committed 6400K, reserved 1056768K
  class space    used 434K, capacity 646K, committed 768K, reserved 1048576K
}
Event: 1.378 GC heap before
{Heap before GC invocations=2 (full 0):
 garbage-first heap   total 114688K, used 74396K [0x0000000091800000, 0x0000000100000000)
  region size 1024K, 67 young (68608K), 1 survivors (1024K)
 Metaspace       used 15444K, capacity 15785K, committed 16000K, reserved 1062912K
  class space    used 1982K, capacity 2127K, committed 2176K, reserved 1048576K
}
Event: 1.383 GC heap after
{Heap after GC invocations=3 (full 0):
 garbage-first heap   total 114688K, used 10479K [0x0000000091800000, 0x0000000100000000)
  region size 1024K, 3 young (3072K), 3 survivors (3072K)
 Metaspace       used 15444K, capacity 15785K, committed 16000K, reserved 1062912K
  class space    used 1982K, capacity 2127K, committed 2176K, reserved 1048576K
}
Event: 1.915 GC heap before
{Heap before GC invocations=3 (full 0):
 garbage-first heap   total 114688K, used 74991K [0x0000000091800000, 0x0000000100000000)
  region size 1024K, 67 young (68608K), 3 survivors (3072K)
 Metaspace       used 20452K, capacity 21026K, committed 21296K, reserved 1067008K
  class space    used 2609K, capacity 2849K, committed 2944K, reserved 1048576K
}
Event: 1.922 GC heap after
{Heap after GC invocations=4 (full 0):
 garbage-first heap   total 114688K, used 12949K [0x0000000091800000, 0x0000000100000000)
  region size 1024K, 6 young (6144K), 6 survivors (6144K)
 Metaspace       used 20452K, capacity 21026K, committed 21296K, reserved 1067008K
  class space    used 2609K, capacity 2849K, committed 2944K, reserved 1048576K
}
Event: 1.965 GC heap before
{Heap before GC invocations=4 (full 0):
 garbage-first heap   total 114688K, used 22165K [0x0000000091800000, 0x0000000100000000)
  region size 1024K, 17 young (17408K), 6 survivors (6144K)
 Metaspace       used 20530K, capacity 21093K, committed 21296K, reserved 1067008K
  class space    used 2614K, capacity 2849K, committed 2944K, reserved 1048576K
}

Deoptimization events (20 events):
Event: 1.834 Thread 0x000001e172e66000 Uncommon trap: trap_request=0xffffffbe fr.pc=0x000001e1632bf79c relative=0x000000000000261c
Event: 1.834 Thread 0x000001e172e66000 Uncommon trap: reason=profile_predicate action=maybe_recompile pc=0x000001e1632bf79c method=jdk.internal.jimage.ImageStringsReader.charsFromByteBuffer([CLjava/nio/ByteBuffer;)V @ 6 c2
Event: 1.834 Thread 0x000001e172e66000 DEOPT PACKING pc=0x000001e1632bf79c sp=0x0000005335efd380
Event: 1.834 Thread 0x000001e172e66000 DEOPT UNPACKING pc=0x000001e15b73912f sp=0x0000005335efcff8 mode 2
Event: 1.834 Thread 0x000001e172e66000 Uncommon trap: trap_request=0xffffffbe fr.pc=0x000001e1632bf79c relative=0x000000000000261c
Event: 1.834 Thread 0x000001e172e66000 Uncommon trap: reason=profile_predicate action=maybe_recompile pc=0x000001e1632bf79c method=jdk.internal.jimage.ImageStringsReader.charsFromByteBuffer([CLjava/nio/ByteBuffer;)V @ 6 c2
Event: 1.834 Thread 0x000001e172e66000 DEOPT PACKING pc=0x000001e1632bf79c sp=0x0000005335efd380
Event: 1.834 Thread 0x000001e172e66000 DEOPT UNPACKING pc=0x000001e15b73912f sp=0x0000005335efcff8 mode 2
Event: 1.834 Thread 0x000001e172e66000 Uncommon trap: trap_request=0xffffffbe fr.pc=0x000001e1632bf79c relative=0x000000000000261c
Event: 1.834 Thread 0x000001e172e66000 Uncommon trap: reason=profile_predicate action=maybe_recompile pc=0x000001e1632bf79c method=jdk.internal.jimage.ImageStringsReader.charsFromByteBuffer([CLjava/nio/ByteBuffer;)V @ 6 c2
Event: 1.834 Thread 0x000001e172e66000 DEOPT PACKING pc=0x000001e1632bf79c sp=0x0000005335efd380
Event: 1.834 Thread 0x000001e172e66000 DEOPT UNPACKING pc=0x000001e15b73912f sp=0x0000005335efcff8 mode 2
Event: 1.834 Thread 0x000001e172e66000 Uncommon trap: trap_request=0xffffffbe fr.pc=0x000001e1632bf79c relative=0x000000000000261c
Event: 1.834 Thread 0x000001e172e66000 Uncommon trap: reason=profile_predicate action=maybe_recompile pc=0x000001e1632bf79c method=jdk.internal.jimage.ImageStringsReader.charsFromByteBuffer([CLjava/nio/ByteBuffer;)V @ 6 c2
Event: 1.834 Thread 0x000001e172e66000 DEOPT PACKING pc=0x000001e1632bf79c sp=0x0000005335efd380
Event: 1.834 Thread 0x000001e172e66000 DEOPT UNPACKING pc=0x000001e15b73912f sp=0x0000005335efcff8 mode 2
Event: 1.856 Thread 0x000001e172e66000 Uncommon trap: trap_request=0xffffffbe fr.pc=0x000001e1632c9250 relative=0x00000000000023d0
Event: 1.856 Thread 0x000001e172e66000 Uncommon trap: reason=profile_predicate action=maybe_recompile pc=0x000001e1632c9250 method=jdk.internal.jimage.ImageStringsReader.charsFromByteBuffer([CLjava/nio/ByteBuffer;)V @ 6 c2
Event: 1.856 Thread 0x000001e172e66000 DEOPT PACKING pc=0x000001e1632c9250 sp=0x0000005335efcf00
Event: 1.856 Thread 0x000001e172e66000 DEOPT UNPACKING pc=0x000001e15b73912f sp=0x0000005335efcbf0 mode 2

Classes unloaded (0 events):
No events

Classes redefined (0 events):
No events

Internal exceptions (20 events):
Event: 1.276 Thread 0x000001e172e66000 Exception <a 'java/lang/IncompatibleClassChangeError'{0x0000000094e4bdc8}: Found class java.lang.Object, but interface was expected> (0x0000000094e4bdc8) 
thrown [t:/workspace/open/src/hotspot/share/interpreter/linkResolver.cpp, line 832]
Event: 1.280 Thread 0x000001e172e66000 Exception <a 'java/lang/ClassNotFoundException'{0x0000000094e6e8b8}: org/springframework/context/annotation/ConfigurationClassPostProcessorCustomizer> (0x0000000094e6e8b8) 
thrown [t:/workspace/open/src/hotspot/share/classfile/systemDictionary.cpp, line 226]
Event: 1.289 Thread 0x000001e172e66000 Exception <a 'java/lang/ClassNotFoundException'{0x0000000094dcebe0}: org/springframework/beans/factory/support/BeanDefinitionRegistryPostProcessorCustomizer> (0x0000000094dcebe0) 
thrown [t:/workspace/open/src/hotspot/share/classfile/systemDictionary.cpp, line 226]
Event: 1.290 Thread 0x000001e172e66000 Exception <a 'java/lang/ClassNotFoundException'{0x0000000094de2d08}: org/springframework/beans/factory/config/BeanFactoryPostProcessorCustomizer> (0x0000000094de2d08) 
thrown [t:/workspace/open/src/hotspot/share/classfile/systemDictionary.cpp, line 226]
Event: 1.292 Thread 0x000001e172e66000 Exception <a 'java/lang/ClassNotFoundException'{0x0000000094df32b8}: org/springframework/core/PriorityOrderedCustomizer> (0x0000000094df32b8) 
thrown [t:/workspace/open/src/hotspot/share/classfile/systemDictionary.cpp, line 226]
Event: 1.294 Thread 0x000001e172e66000 Exception <a 'java/lang/ClassNotFoundException'{0x0000000094c8a648}: org/springframework/core/OrderedCustomizer> (0x0000000094c8a648) 
thrown [t:/workspace/open/src/hotspot/share/classfile/systemDictionary.cpp, line 226]
Event: 1.295 Thread 0x000001e172e66000 Exception <a 'java/lang/ClassNotFoundException'{0x0000000094c9b4d8}: org/springframework/context/ResourceLoaderAwareCustomizer> (0x0000000094c9b4d8) 
thrown [t:/workspace/open/src/hotspot/share/classfile/systemDictionary.cpp, line 226]
Event: 1.296 Thread 0x000001e172e66000 Exception <a 'java/lang/ClassNotFoundException'{0x0000000094cab370}: org/springframework/beans/factory/AwareCustomizer> (0x0000000094cab370) 
thrown [t:/workspace/open/src/hotspot/share/classfile/systemDictionary.cpp, line 226]
Event: 1.297 Thread 0x000001e172e66000 Exception <a 'java/lang/ClassNotFoundException'{0x0000000094cbc598}: org/springframework/beans/factory/BeanClassLoaderAwareCustomizer> (0x0000000094cbc598) 
thrown [t:/workspace/open/src/hotspot/share/classfile/systemDictionary.cpp, line 226]
Event: 1.298 Thread 0x000001e172e66000 Exception <a 'java/lang/ClassNotFoundException'{0x0000000094ccc448}: org/springframework/beans/factory/AwareCustomizer> (0x0000000094ccc448) 
thrown [t:/workspace/open/src/hotspot/share/classfile/systemDictionary.cpp, line 226]
Event: 1.299 Thread 0x000001e172e66000 Exception <a 'java/lang/ClassNotFoundException'{0x0000000094cdc1d0}: org/springframework/context/EnvironmentAwareCustomizer> (0x0000000094cdc1d0) 
thrown [t:/workspace/open/src/hotspot/share/classfile/systemDictionary.cpp, line 226]
Event: 1.300 Thread 0x000001e172e66000 Exception <a 'java/lang/ClassNotFoundException'{0x0000000094cebfd0}: org/springframework/beans/factory/AwareCustomizer> (0x0000000094cebfd0) 
thrown [t:/workspace/open/src/hotspot/share/classfile/systemDictionary.cpp, line 226]
Event: 1.337 Thread 0x000001e172e66000 Exception <a 'java/lang/NoSuchMethodError'{0x000000009485bb30}: 'java.lang.Object java.lang.invoke.Invokers$Holder.invokeExact_MT(java.lang.Object, java.lang.Object, java.lang.Object, java.lang.Object, java.lang.Object, java.lang.Object)'> (0x000000009485bb30) 
thrown [t:/workspace/open/src/hotspot/share/interpreter/linkResolver.cpp, line 766]
Event: 1.476 Thread 0x000001e172e93000 Exception <a 'java/lang/NoSuchMethodError'{0x0000000097f13b60}: 'long java.lang.invoke.DirectMethodHandle$Holder.invokeStatic(java.lang.Object, java.lang.Object)'> (0x0000000097f13b60) 
thrown [t:/workspace/open/src/hotspot/share/interpreter/linkResolver.cpp, line 766]
Event: 1.477 Thread 0x000001e172e93000 Exception <a 'java/lang/NoSuchMethodError'{0x0000000097f16868}: 'long java.lang.invoke.DirectMethodHandle$Holder.invokeStaticInit(java.lang.Object, java.lang.Object)'> (0x0000000097f16868) 
thrown [t:/workspace/open/src/hotspot/share/interpreter/linkResolver.cpp, line 766]
Event: 1.479 Thread 0x000001e172e93000 Exception <a 'java/lang/NoSuchMethodError'{0x0000000097f22248}: 'long java.lang.invoke.DirectMethodHandle$Holder.invokeInterface(java.lang.Object, java.lang.Object)'> (0x0000000097f22248) 
thrown [t:/workspace/open/src/hotspot/share/interpreter/linkResolver.cpp, line 766]
Event: 1.480 Thread 0x000001e172e93000 Exception <a 'java/lang/IncompatibleClassChangeError'{0x0000000097f24d70}: Found class java.lang.Object, but interface was expected> (0x0000000097f24d70) 
thrown [t:/workspace/open/src/hotspot/share/interpreter/linkResolver.cpp, line 832]
Event: 1.485 Thread 0x000001e172e93000 Exception <a 'java/lang/NoSuchMethodError'{0x0000000097f40be8}: 'java.lang.Object java.lang.invoke.DirectMethodHandle$Holder.invokeVirtual(java.lang.Object, java.lang.Object, java.lang.Object, java.lang.Object)'> (0x0000000097f40be8) 
thrown [t:/workspace/open/src/hotspot/share/interpreter/linkResolver.cpp, line 766]
Event: 1.535 Thread 0x000001e172e66000 Exception <a 'java/lang/IncompatibleClassChangeError'{0x0000000097ababe0}: Found class java.lang.Object, but interface was expected> (0x0000000097ababe0) 
thrown [t:/workspace/open/src/hotspot/share/interpreter/linkResolver.cpp, line 832]
Event: 1.819 Thread 0x000001e172e93000 Exception <a 'java/lang/IncompatibleClassChangeError'{0x00000000965c1580}: Found class java.lang.Object, but interface was expected> (0x00000000965c1580) 
thrown [t:/workspace/open/src/hotspot/share/interpreter/linkResolver.cpp, line 832]

Events (20 events):
Event: 1.887 loading class javax/management/NotificationListener
Event: 1.887 loading class javax/management/NotificationListener done
Event: 1.888 loading class javax/management/NotificationFilter
Event: 1.888 loading class javax/management/NotificationFilter done
Event: 1.888 loading class javax/management/ListenerNotFoundException
Event: 1.888 loading class javax/management/ListenerNotFoundException done
Event: 1.888 loading class jdk/jfr/Recording
Event: 1.888 loading class jdk/jfr/Recording done
Event: 1.888 loading class jdk/jfr/FlightRecorder
Event: 1.888 loading class jdk/jfr/FlightRecorder done
Event: 1.888 loading class jdk/management/jfr/FlightRecorderMXBeanImpl$MXBeanListener
Event: 1.888 loading class jdk/jfr/FlightRecorderListener
Event: 1.888 loading class jdk/jfr/FlightRecorderListener done
Event: 1.888 loading class jdk/management/jfr/FlightRecorderMXBeanImpl$MXBeanListener done
Event: 1.892 Executing VM operation: HandshakeOneThread
Event: 1.892 Executing VM operation: HandshakeOneThread done
Event: 1.892 Thread 0x000001e172e93000 Thread exited: 0x000001e172e93000
Event: 1.915 Executing VM operation: G1CollectForAllocation
Event: 1.922 Executing VM operation: G1CollectForAllocation done
Event: 1.964 Executing VM operation: CollectForMetadataAllocation


Dynamic libraries:
0x00007ff6929f0000 - 0x00007ff6929ff000 	C:\Program Files\Java\jdk-14\bin\java.exe
0x00007ff82ac30000 - 0x00007ff82ae26000 	C:\WINDOWS\SYSTEM32\ntdll.dll
0x00007ff828e00000 - 0x00007ff828ebd000 	C:\WINDOWS\System32\KERNEL32.DLL
0x00007ff8287b0000 - 0x00007ff828a79000 	C:\WINDOWS\System32\KERNELBASE.dll
0x00007ff8285a0000 - 0x00007ff8286a0000 	C:\WINDOWS\System32\ucrtbase.dll
0x00007ff8225b0000 - 0x00007ff8225c5000 	C:\Program Files\Java\jdk-14\bin\VCRUNTIME140.dll
0x00007ff81a280000 - 0x00007ff81a298000 	C:\Program Files\Java\jdk-14\bin\jli.dll
0x00007ff82a2f0000 - 0x00007ff82a39c000 	C:\WINDOWS\System32\ADVAPI32.dll
0x00007ff82a750000 - 0x00007ff82a7ee000 	C:\WINDOWS\System32\msvcrt.dll
0x00007ff828d00000 - 0x00007ff828d9c000 	C:\WINDOWS\System32\sechost.dll
0x00007ff828ec0000 - 0x00007ff828feb000 	C:\WINDOWS\System32\RPCRT4.dll
0x00007ff82a800000 - 0x00007ff82a9a0000 	C:\WINDOWS\System32\USER32.dll
0x00007ff80c750000 - 0x00007ff80c9eb000 	C:\WINDOWS\WinSxS\amd64_microsoft.windows.common-controls_6595b64144ccf1df_6.0.19041.488_none_ca04af081b815d21\COMCTL32.dll
0x00007ff828780000 - 0x00007ff8287a2000 	C:\WINDOWS\System32\win32u.dll
0x00007ff82a450000 - 0x00007ff82a47a000 	C:\WINDOWS\System32\GDI32.dll
0x00007ff828a80000 - 0x00007ff828b89000 	C:\WINDOWS\System32\gdi32full.dll
0x00007ff828b90000 - 0x00007ff828c2d000 	C:\WINDOWS\System32\msvcp_win.dll
0x00007ff81df30000 - 0x00007ff81df3a000 	C:\WINDOWS\SYSTEM32\VERSION.dll
0x00007ff8291a0000 - 0x00007ff8291d0000 	C:\WINDOWS\System32\IMM32.DLL
0x00007ff813ad0000 - 0x00007ff813b6b000 	C:\Program Files\Java\jdk-14\bin\msvcp140.dll
0x00007ffffbce0000 - 0x00007ffffc7ff000 	C:\Program Files\Java\jdk-14\bin\server\jvm.dll
0x00007ff828cf0000 - 0x00007ff828cf8000 	C:\WINDOWS\System32\PSAPI.DLL
0x00007ff81df00000 - 0x00007ff81df27000 	C:\WINDOWS\SYSTEM32\WINMM.dll
0x00007ff823390000 - 0x00007ff823399000 	C:\WINDOWS\SYSTEM32\WSOCK32.dll
0x00007ff829b30000 - 0x00007ff829b9b000 	C:\WINDOWS\System32\WS2_32.dll
0x00007ff8262c0000 - 0x00007ff8262d2000 	C:\WINDOWS\SYSTEM32\kernel.appcore.dll
0x00007ff822590000 - 0x00007ff82259a000 	C:\Program Files\Java\jdk-14\bin\jimage.dll
0x00007ff821530000 - 0x00007ff821714000 	C:\WINDOWS\SYSTEM32\DBGHELP.DLL
0x00007ff81ef80000 - 0x00007ff81efac000 	C:\WINDOWS\SYSTEM32\dbgcore.DLL
0x00007ff828370000 - 0x00007ff8283f0000 	C:\WINDOWS\System32\bcryptPrimitives.dll
0x00007ff814680000 - 0x00007ff8146a5000 	C:\Program Files\Java\jdk-14\bin\java.dll
0x00007ff822550000 - 0x00007ff822567000 	C:\Program Files\Java\jdk-14\bin\zip.dll
0x00007ff829ba0000 - 0x00007ff82a2e2000 	C:\WINDOWS\System32\SHELL32.dll
0x00007ff8264c0000 - 0x00007ff826c55000 	C:\WINDOWS\SYSTEM32\windows.storage.dll
0x00007ff829750000 - 0x00007ff829aa6000 	C:\WINDOWS\System32\combase.dll
0x00007ff827d10000 - 0x00007ff827d3c000 	C:\WINDOWS\SYSTEM32\Wldp.dll
0x00007ff8296a0000 - 0x00007ff82974e000 	C:\WINDOWS\System32\SHCORE.dll
0x00007ff828da0000 - 0x00007ff828df5000 	C:\WINDOWS\System32\shlwapi.dll
0x00007ff8282a0000 - 0x00007ff8282c6000 	C:\WINDOWS\SYSTEM32\profapi.dll
0x00007ff81a240000 - 0x00007ff81a259000 	C:\Program Files\Java\jdk-14\bin\net.dll
0x00007ff81efb0000 - 0x00007ff81f0b0000 	C:\WINDOWS\SYSTEM32\WINHTTP.dll
0x00007ff827a90000 - 0x00007ff827afa000 	C:\WINDOWS\system32\mswsock.dll
0x00007ff8145d0000 - 0x00007ff8145e2000 	C:\Program Files\Java\jdk-14\bin\nio.dll
0x00007ff8206b0000 - 0x00007ff8206c0000 	C:\Program Files\Java\jdk-14\bin\verify.dll
0x00007ff81a4f0000 - 0x00007ff81a4f9000 	C:\Program Files\Java\jdk-14\bin\management.dll
0x00007ff814d30000 - 0x00007ff814d3b000 	C:\Program Files\Java\jdk-14\bin\management_ext.dll
0x00007ff814b40000 - 0x00007ff814b57000 	C:\WINDOWS\system32\napinsp.dll
0x00007ff814ad0000 - 0x00007ff814aeb000 	C:\WINDOWS\system32\pnrpnsp.dll
0x00007ff814ab0000 - 0x00007ff814ac5000 	C:\WINDOWS\system32\wshbth.dll
0x00007ff822760000 - 0x00007ff82277d000 	C:\WINDOWS\system32\NLAapi.dll
0x00007ff827780000 - 0x00007ff8277bb000 	C:\WINDOWS\SYSTEM32\IPHLPAPI.DLL
0x00007ff8277c0000 - 0x00007ff82788b000 	C:\WINDOWS\SYSTEM32\DNSAPI.dll
0x00007ff82a6b0000 - 0x00007ff82a6b8000 	C:\WINDOWS\System32\NSI.dll
0x00007ff814a90000 - 0x00007ff814aa2000 	C:\WINDOWS\System32\winrnr.dll
0x00007ff81e120000 - 0x00007ff81e12a000 	C:\Windows\System32\rasadhlp.dll
0x00007ff81bed0000 - 0x00007ff81bf4f000 	C:\WINDOWS\System32\fwpuclnt.dll
0x00007ff828750000 - 0x00007ff828777000 	C:\WINDOWS\System32\bcrypt.dll

dbghelp: loaded successfully - version: 4.0.5 - missing functions: none
symbol engine: initialized successfully - sym options: 0x614 - pdb path: .;C:\Program Files\Java\jdk-14\bin;C:\WINDOWS\SYSTEM32;C:\WINDOWS\WinSxS\amd64_microsoft.windows.common-controls_6595b64144ccf1df_6.0.19041.488_none_ca04af081b815d21;C:\Program Files\Java\jdk-14\bin\server

VM Arguments:
java_command: todoapplication.TodoApplication
java_class_path (initial): C:\Users\tuppu\Documents\NetBeansProjects\mooc-wepa-itseopiskelu\osa02-Osa02_12.TodoApplication\target\classes;C:\Users\tuppu\.m2\repository\org\springframework\boot\spring-boot-starter-web\2.1.3.RELEASE\spring-boot-starter-web-2.1.3.RELEASE.jar;C:\Users\tuppu\.m2\repository\org\springframework\boot\spring-boot-starter\2.1.3.RELEASE\spring-boot-starter-2.1.3.RELEASE.jar;C:\Users\tuppu\.m2\repository\org\springframework\boot\spring-boot-starter-logging\2.1.3.RELEASE\spring-boot-starter-logging-2.1.3.RELEASE.jar;C:\Users\tuppu\.m2\repository\ch\qos\logback\logback-classic\1.2.3\logback-classic-1.2.3.jar;C:\Users\tuppu\.m2\repository\ch\qos\logback\logback-core\1.2.3\logback-core-1.2.3.jar;C:\Users\tuppu\.m2\repository\org\apache\logging\log4j\log4j-to-slf4j\2.11.2\log4j-to-slf4j-2.11.2.jar;C:\Users\tuppu\.m2\repository\org\apache\logging\log4j\log4j-api\2.11.2\log4j-api-2.11.2.jar;C:\Users\tuppu\.m2\repository\org\slf4j\jul-to-slf4j\1.7.25\jul-to-slf4j-1.7.25.jar;C:\Users\tuppu\.m2\repository\javax\annotation\javax.annotation-api\1.3.2\javax.annotation-api-1.3.2.jar;C:\Users\tuppu\.m2\repository\org\yaml\snakeyaml\1.23\snakeyaml-1.23.jar;C:\Users\tuppu\.m2\repository\org\springframework\boot\spring-boot-starter-json\2.1.3.RELEASE\spring-boot-starter-json-2.1.3.RELEASE.jar;C:\Users\tuppu\.m2\repository\com\fasterxml\jackson\core\jackson-databind\2.9.8\jackson-databind-2.9.8.jar;C:\Users\tuppu\.m2\repository\com\fasterxml\jackson\core\jackson-annotations\2.9.0\jackson-annotations-2.9.0.jar;C:\Users\tuppu\.m2\repository\com\fasterxml\jackson\core\jackson-core\2.9.8\jackson-core-2.9.8.jar;C:\Users\tuppu\.m2\repository\com\fasterxml\jackson\datatype\jackson-datatype-jdk8\2.9.8\jackson-datatype-jdk8-2.9.8.jar;C:\Users\tuppu\.m2\repository\com\fasterxml\jackson\datatype\jackson-datatype-jsr310\2.9.8\jackson-datatype-jsr310-2.9.8.jar;C:\Users\tuppu\.m2\repository\com\fasterxml\jackson\module\jackson-module-parameter-names\2.9.8\jackson-module-para
Launcher Type: SUN_STANDARD

[Global flags]
     intx CICompilerCount                          = 4                                         {product} {ergonomic}
     uint ConcGCThreads                            = 2                                         {product} {ergonomic}
     uint G1ConcRefinementThreads                  = 8                                         {product} {ergonomic}
   size_t G1HeapRegionSize                         = 1048576                                   {product} {ergonomic}
    uintx GCDrainStackTargetSize                   = 64                                        {product} {ergonomic}
   size_t InitialHeapSize                          = 117440512                                 {product} {ergonomic}
   size_t MarkStackSize                            = 4194304                                   {product} {ergonomic}
   size_t MaxHeapSize                              = 1853882368                                {product} {ergonomic}
   size_t MaxNewSize                               = 1111490560                                {product} {ergonomic}
   size_t MinHeapDeltaBytes                        = 1048576                                   {product} {ergonomic}
   size_t MinHeapSize                              = 8388608                                   {product} {ergonomic}
    uintx NonNMethodCodeHeapSize                   = 5839372                                {pd product} {ergonomic}
    uintx NonProfiledCodeHeapSize                  = 122909434                              {pd product} {ergonomic}
    uintx ProfiledCodeHeapSize                     = 122909434                              {pd product} {ergonomic}
    uintx ReservedCodeCacheSize                    = 251658240                              {pd product} {ergonomic}
     bool SegmentedCodeCache                       = true                                      {product} {ergonomic}
   size_t SoftMaxHeapSize                          = 1853882368                             {manageable} {ergonomic}
     bool UseCompressedClassPointers               = true                                 {lp64_product} {ergonomic}
     bool UseCompressedOops                        = true                                 {lp64_product} {ergonomic}
     bool UseG1GC                                  = true                                      {product} {ergonomic}
     bool UseLargePagesIndividualAllocation        = false                                  {pd product} {ergonomic}

Logging:
Log output configuration:
 #0: stdout all=warning uptime,level,tags
 #1: stderr all=off uptime,level,tags

Environment Variables:
JAVA_HOME=C:\Program Files\Java\jdk-14
PATH=C:\Program Files (x86)\Common Files\Oracle\Java\javapath;C:\WINDOWS\system32;C:\WINDOWS;C:\WINDOWS\System32\Wbem;C:\WINDOWS\System32\WindowsPowerShell\v1.0\;C:\WINDOWS\System32\OpenSSH\;C:\Program Files (x86)\leJOS EV3\bin;C:\Program Files\Git\cmd;C:\Program Files\PuTTY\;C:\Users\samitup\applications\;C:\Users\tuppu\AppData\Local\Programs\Python\Python39\Scripts\;C:\Users\tuppu\AppData\Local\Programs\Python\Python39\;C:\Users\tuppu\AppData\Local\Microsoft\WindowsApps;;C:\Users\tuppu\AppData\Local\Programs\Microsoft VS Code\bin;C:\Users\tuppu\AppData\Roaming\npm
USERNAME=tuppu
OS=Windows_NT
PROCESSOR_IDENTIFIER=AMD64 Family 23 Model 17 Stepping 0, AuthenticAMD



---------------  S Y S T E M  ---------------

OS: Windows 10 , 64 bit Build 19041 (10.0.19041.662)
OS uptime: 20 days 23:08 hours

CPU:total 8 (initial active 8) (8 cores per cpu, 2 threads per core) family 23 model 17 stepping 0, cmov, cx8, fxsr, mmx, sse, sse2, sse3, ssse3, sse4.1, sse4.2, popcnt, avx, avx2, aes, clmul, mmxext, 3dnowpref, lzcnt, sse4a, ht, tsc, tscinvbit, tscinv, bmi1, bmi2, adx, sha, fma

Memory: 4k page, system-wide physical 7068M (2254M free)
TotalPageFile size 11164M (AvailPageFile size 26M)
current process WorkingSet (physical memory assigned to process): 185M, peak: 186M
current process commit charge ("private bytes"): 261M, peak: 285M

vm_info: Java HotSpot(TM) 64-Bit Server VM (14+36-1461) for windows-amd64 JRE (14+36-1461), built on Feb  6 2020 19:08:04 by "mach5one" with MS VC++ 15.9 (VS2017)

END.
