#
# There is insufficient memory for the Java Runtime Environment to continue.
# Native memory allocation (mmap) failed to map 14680064 bytes for Failed to commit area from 0x0000000095900000 to 0x0000000096700000 of length 14680064.
# Possible reasons:
#   The system is out of physical RAM or swap space
#   The process is running with CompressedOops enabled, and the Java Heap may be blocking the growth of the native heap
# Possible solutions:
#   Reduce memory load on the system
#   Increase physical memory or swap space
#   Check if swap backing store is full
#   Decrease Java heap size (-Xmx/-Xms)
#   Decrease number of Java threads
#   Decrease Java thread stack sizes (-Xss)
#   Set larger code cache with -XX:ReservedCodeCacheSize=
#   JVM is running with Unscaled Compressed Oops mode in which the Java heap is
#     placed in the first 4GB address space. The Java Heap base address is the
#     maximum limit for the native heap growth. Please use -XX:HeapBaseMinAddress
#     to set the Java Heap base and to place the Java Heap above 4GB virtual address.
# This output file may be truncated or incomplete.
#
#  Out of Memory Error (t:/workspace/open/src/hotspot/os/windows/os_windows.cpp:3315), pid=10404, tid=4084
#
# JRE version: Java(TM) SE Runtime Environment (14.0+36) (build 14+36-1461)
# Java VM: Java HotSpot(TM) 64-Bit Server VM (14+36-1461, mixed mode, sharing, tiered, compressed oops, g1 gc, windows-amd64)
# No core dump will be written. Minidumps are not enabled by default on client versions of Windows
#

---------------  S U M M A R Y ------------

Command Line: todoapplication.TodoApplication

Host: AMD Ryzen 5 2500U with Radeon Vega Mobile Gfx  , 8 cores, 6G,  Windows 10 , 64 bit Build 19041 (10.0.19041.662)
Time: Wed Jan 27 03:07:21 2021 FLE Standard Time elapsed time: 7 seconds (0d 0h 0m 7s)

---------------  T H R E A D  ---------------

Current thread (0x0000020406865800):  VMThread "VM Thread" [stack: 0x000000696f600000,0x000000696f700000] [id=4084]

Stack: [0x000000696f600000,0x000000696f700000]
[error occurred during error reporting (printing stack bounds), id 0xc0000005, EXCEPTION_ACCESS_VIOLATION (0xc0000005) at pc=0x00000204708610ad]

Native frames: (J=compiled Java code, j=interpreted, Vv=VM code, C=native code)
V  [jvm.dll+0x5f83ea]
V  [jvm.dll+0x741e2a]
V  [jvm.dll+0x7435df]
V  [jvm.dll+0x743b85]
V  [jvm.dll+0x743b3b]
V  [jvm.dll+0x5f791f]
V  [jvm.dll+0x5f8088]
C  [ntdll.dll+0xa130f]
C  [ntdll.dll+0x4b5e4]
C  [ntdll.dll+0x9fe3e]
C  0x00000204708610ad

VM_Operation (0x0000006970ffea10): G1CollectForAllocation, mode: safepoint, requested by thread 0x000002040a167800


---------------  P R O C E S S  ---------------

Threads class SMR info:
_java_thread_list=0x000002040bbbb9a0, length=37, elements={
0x00000204680bc000, 0x0000020406868800, 0x0000020406869800, 0x000002040687e800,
0x0000020406881800, 0x0000020406882800, 0x000002040688c000, 0x000002040688f800,
0x000002040689a800, 0x00000204072df000, 0x00000204072f3000, 0x0000020407f76800,
0x00000204081ce000, 0x0000020408039800, 0x000002040803a800, 0x000002040ba46800,
0x000002040a167800, 0x000002040a216800, 0x0000020407bd1000, 0x0000020408b72800,
0x000002040c39e800, 0x0000020408037000, 0x0000020408035800, 0x000002040803c000,
0x0000020408038000, 0x0000020408039000, 0x0000020408036800, 0x000002040e29b800,
0x000002040e299000, 0x000002040e29a000, 0x000002040e29c800, 0x000002040e29e000,
0x000002040e29a800, 0x000002040e298800, 0x000002040e29f800, 0x000002040e29d000,
0x000002040e2a3800
}

Java Threads: ( => current thread )
  0x00000204680bc000 JavaThread "main" [_thread_blocked, id=1720, stack(0x000000696f000000,0x000000696f100000)]
  0x0000020406868800 JavaThread "Reference Handler" daemon [_thread_blocked, id=12280, stack(0x000000696f700000,0x000000696f800000)]
  0x0000020406869800 JavaThread "Finalizer" daemon [_thread_blocked, id=7112, stack(0x000000696f800000,0x000000696f900000)]
  0x000002040687e800 JavaThread "Signal Dispatcher" daemon [_thread_blocked, id=16212, stack(0x000000696f900000,0x000000696fa00000)]
  0x0000020406881800 JavaThread "Attach Listener" daemon [_thread_blocked, id=7844, stack(0x000000696fa00000,0x000000696fb00000)]
  0x0000020406882800 JavaThread "Service Thread" daemon [_thread_blocked, id=11356, stack(0x000000696fb00000,0x000000696fc00000)]
  0x000002040688c000 JavaThread "C2 CompilerThread0" daemon [_thread_blocked, id=14976, stack(0x000000696fc00000,0x000000696fd00000)]
  0x000002040688f800 JavaThread "C1 CompilerThread0" daemon [_thread_blocked, id=1108, stack(0x000000696fd00000,0x000000696fe00000)]
  0x000002040689a800 JavaThread "Sweeper thread" daemon [_thread_blocked, id=11668, stack(0x000000696fe00000,0x000000696ff00000)]
  0x00000204072df000 JavaThread "Notification Thread" daemon [_thread_blocked, id=14640, stack(0x000000696ff00000,0x0000006970000000)]
  0x00000204072f3000 JavaThread "Common-Cleaner" daemon [_thread_blocked, id=6752, stack(0x0000006970100000,0x0000006970200000)]
  0x0000020407f76800 JavaThread "Thread-0" [_thread_blocked, id=14668, stack(0x0000006970300000,0x0000006970400000)]
  0x00000204081ce000 JavaThread "restartedMain" [_thread_blocked, id=12492, stack(0x0000006970400000,0x0000006970500000)]
  0x0000020408039800 JavaThread "C2 CompilerThread1" daemon [_thread_blocked, id=10012, stack(0x0000006970600000,0x0000006970700000)]
  0x000002040803a800 JavaThread "C2 CompilerThread2" daemon [_thread_blocked, id=13864, stack(0x0000006970d00000,0x0000006970e00000)]
  0x000002040ba46800 JavaThread "Catalina-utility-1" [_thread_blocked, id=14620, stack(0x0000006970500000,0x0000006970600000)]
  0x000002040a167800 JavaThread "Catalina-utility-2" [_thread_blocked, id=6572, stack(0x0000006970f00000,0x0000006971000000)]
  0x000002040a216800 JavaThread "container-0" [_thread_blocked, id=1268, stack(0x0000006971000000,0x0000006971100000)]
  0x0000020407bd1000 JavaThread "MVStore background writer nio:C:/Users/tuppu/Documents/NetBeansProjects/mooc-wepa-itseopiskelu/osa02-Osa02_12.TodoApplication/database.mv.db" daemon [_thread_blocked, id=6564, stack(0x0000006971200000,0x0000006971300000)]
  0x0000020408b72800 JavaThread "HikariPool-1 housekeeper" daemon [_thread_blocked, id=2876, stack(0x0000006971100000,0x0000006971200000)]
  0x000002040c39e800 JavaThread "HikariPool-1 connection adder" daemon [_thread_blocked, id=6920, stack(0x0000006971300000,0x0000006971400000)]
  0x0000020408037000 JavaThread "Live Reload Server" daemon [_thread_in_native, id=13816, stack(0x0000006971600000,0x0000006971700000)]
  0x0000020408035800 JavaThread "File Watcher" daemon [_thread_blocked, id=6184, stack(0x0000006971500000,0x0000006971600000)]
  0x000002040803c000 JavaThread "NioBlockingSelector.BlockPoller-1" daemon [_thread_in_native, id=13464, stack(0x0000006971700000,0x0000006971800000)]
  0x0000020408038000 JavaThread "http-nio-8080-exec-1" daemon [_thread_blocked, id=3532, stack(0x0000006971800000,0x0000006971900000)]
  0x0000020408039000 JavaThread "http-nio-8080-exec-2" daemon [_thread_blocked, id=16180, stack(0x0000006971900000,0x0000006971a00000)]
  0x0000020408036800 JavaThread "http-nio-8080-exec-3" daemon [_thread_blocked, id=14532, stack(0x0000006971a00000,0x0000006971b00000)]
  0x000002040e29b800 JavaThread "http-nio-8080-exec-4" daemon [_thread_blocked, id=1524, stack(0x0000006971b00000,0x0000006971c00000)]
  0x000002040e299000 JavaThread "http-nio-8080-exec-5" daemon [_thread_blocked, id=13028, stack(0x0000006971c00000,0x0000006971d00000)]
  0x000002040e29a000 JavaThread "http-nio-8080-exec-6" daemon [_thread_blocked, id=15944, stack(0x0000006971d00000,0x0000006971e00000)]
  0x000002040e29c800 JavaThread "http-nio-8080-exec-7" daemon [_thread_blocked, id=9256, stack(0x0000006971e00000,0x0000006971f00000)]
  0x000002040e29e000 JavaThread "http-nio-8080-exec-8" daemon [_thread_blocked, id=9220, stack(0x0000006971f00000,0x0000006972000000)]
  0x000002040e29a800 JavaThread "http-nio-8080-exec-9" daemon [_thread_blocked, id=1816, stack(0x0000006972000000,0x0000006972100000)]
  0x000002040e298800 JavaThread "http-nio-8080-exec-10" daemon [_thread_blocked, id=11396, stack(0x0000006972100000,0x0000006972200000)]
  0x000002040e29f800 JavaThread "http-nio-8080-ClientPoller-0" daemon [_thread_in_native, id=8016, stack(0x0000006972200000,0x0000006972300000)]
  0x000002040e29d000 JavaThread "http-nio-8080-ClientPoller-1" daemon [_thread_in_native, id=10552, stack(0x0000006972300000,0x0000006972400000)]
  0x000002040e2a3800 JavaThread "http-nio-8080-Acceptor-0" daemon [_thread_in_native, id=15020, stack(0x0000006972400000,0x0000006972500000)]

Other Threads:
=>0x0000020406865800 VMThread "VM Thread" [stack: 0x000000696f600000,0x000000696f700000] [id=4084]
  0x00000204072e8000 WatcherThread [stack: 0x0000006970000000,0x0000006970100000] [id=7356]
  0x00000204680fb000 GCTaskThread "GC Thread#0" [stack: 0x000000696f100000,0x000000696f200000] [id=7600]
  0x0000020407fc1000 GCTaskThread "GC Thread#1" [stack: 0x0000006970200000,0x0000006970300000] [id=5344]
  0x0000020408101800 GCTaskThread "GC Thread#2" [stack: 0x0000006970700000,0x0000006970800000] [id=16088]
  0x000002040832a800 GCTaskThread "GC Thread#3" [stack: 0x0000006970800000,0x0000006970900000] [id=6284]
  0x0000020408603800 GCTaskThread "GC Thread#4" [stack: 0x0000006970900000,0x0000006970a00000] [id=3620]
  0x000002040831a800 GCTaskThread "GC Thread#5" [stack: 0x0000006970a00000,0x0000006970b00000] [id=14120]
  0x000002040861d800 GCTaskThread "GC Thread#6" [stack: 0x0000006970b00000,0x0000006970c00000] [id=16020]
  0x00000204082fb000 GCTaskThread "GC Thread#7" [stack: 0x0000006970c00000,0x0000006970d00000] [id=11624]
  0x000002046810d000 ConcurrentGCThread "G1 Main Marker" [stack: 0x000000696f200000,0x000000696f300000] [id=15804]
  0x000002046810f000 ConcurrentGCThread "G1 Conc#0" [stack: 0x000000696f300000,0x000000696f400000] [id=4304]
  0x0000020409675800 ConcurrentGCThread "G1 Conc#1" [stack: 0x0000006970e00000,0x0000006970f00000] [id=432]
  0x00000204066d0800 ConcurrentGCThread "G1 Refine#0" [stack: 0x000000696f400000,0x000000696f500000] [id=13452]
  0x000002040b635000 ConcurrentGCThread "G1 Refine#1" [stack: 0x0000006971400000,0x0000006971500000] [id=10116]
  0x00000204066d1000 ConcurrentGCThread "G1 Young RemSet Sampling" [stack: 0x000000696f500000,0x000000696f600000] [id=8340]

Threads with active compile tasks:
C2 CompilerThread0     7424 5013   !   4       org.springframework.core.annotation.AnnotatedElementUtils::searchWithFindSemantics (774 bytes)
C2 CompilerThread1     7424 5107   !   4       org.springframework.util.ReflectionUtils::doWithMethods (176 bytes)
C2 CompilerThread2     7424 5127   !   4       sun.nio.fs.WindowsPath::initOffsets (153 bytes)

VM state:at safepoint (normal execution)

VM Mutex/Monitor currently owned by a thread:  ([mutex/lock_event])
[0x00000204680aebf0] Threads_lock - owner thread: 0x0000020406865800
[0x00000204680ad9f0] Heap_lock - owner thread: 0x000002040a167800

Heap address: 0x0000000091800000, size: 1768 MB, Compressed Oops mode: 32-bit
Narrow klass base: 0x0000000800000000, Narrow klass shift: 3
Compressed class space size: 1073741824 Address: 0x0000000800b30000

Heap:
 garbage-first heap   total 84992K, used 33627K [0x0000000091800000, 0x0000000100000000)
  region size 1024K, 4 young (4096K), 4 survivors (4096K)
 Metaspace       used 56312K, capacity 57616K, committed 57724K, reserved 1099776K
  class space    used 7513K, capacity 8020K, committed 8112K, reserved 1048576K
Heap Regions: E=young(eden), S=young(survivor), O=old, HS=humongous(starts), HC=humongous(continues), CS=collection set, F=free, OA=open archive, CA=closed archive, TAMS=top-at-mark-start (previous, next)
|   0|0x0000000091800000, 0x0000000091900000, 0x0000000091900000|100%|HS|  |TAMS 0x0000000091900000, 0x0000000091800000| Complete 
|   1|0x0000000091900000, 0x0000000091a00000, 0x0000000091a00000|100%| O|  |TAMS 0x0000000091a00000, 0x0000000091900000| Untracked 
|   2|0x0000000091a00000, 0x0000000091b00000, 0x0000000091b00000|100%| O|  |TAMS 0x0000000091b00000, 0x0000000091a00000| Untracked 
|   3|0x0000000091b00000, 0x0000000091c00000, 0x0000000091c00000|100%| O|  |TAMS 0x0000000091c00000, 0x0000000091b00000| Untracked 
|   4|0x0000000091c00000, 0x0000000091d00000, 0x0000000091d00000|100%| O|  |TAMS 0x0000000091d00000, 0x0000000091c00000| Untracked 
|   5|0x0000000091d00000, 0x0000000091e00000, 0x0000000091e00000|100%| O|  |TAMS 0x0000000091e00000, 0x0000000091d00000| Untracked 
|   6|0x0000000091e00000, 0x0000000091f00000, 0x0000000091f00000|100%| O|  |TAMS 0x0000000091f00000, 0x0000000091e00000| Untracked 
|   7|0x0000000091f00000, 0x0000000092000000, 0x0000000092000000|100%| O|  |TAMS 0x0000000092000000, 0x0000000091f00000| Untracked 
|   8|0x0000000092000000, 0x0000000092100000, 0x0000000092100000|100%| O|  |TAMS 0x0000000092100000, 0x0000000092000000| Untracked 
|   9|0x0000000092100000, 0x00000000921c3000, 0x0000000092200000| 76%| O|  |TAMS 0x00000000921c3000, 0x0000000092100000| Untracked 
|  10|0x0000000092200000, 0x0000000092300000, 0x0000000092300000|100%| O|  |TAMS 0x0000000092300000, 0x0000000092200000| Untracked 
|  11|0x0000000092300000, 0x0000000092400000, 0x0000000092400000|100%| O|  |TAMS 0x0000000092400000, 0x0000000092300000| Untracked 
|  12|0x0000000092400000, 0x0000000092500000, 0x0000000092500000|100%| O|  |TAMS 0x0000000092500000, 0x0000000092400000| Untracked 
|  13|0x0000000092500000, 0x0000000092600000, 0x0000000092600000|100%| O|  |TAMS 0x0000000092600000, 0x0000000092500000| Untracked 
|  14|0x0000000092600000, 0x0000000092700000, 0x0000000092700000|100%| O|  |TAMS 0x0000000092700000, 0x0000000092600000| Untracked 
|  15|0x0000000092700000, 0x0000000092800000, 0x0000000092800000|100%| O|  |TAMS 0x0000000092800000, 0x0000000092700000| Untracked 
|  16|0x0000000092800000, 0x0000000092900000, 0x0000000092900000|100%| O|  |TAMS 0x0000000092900000, 0x0000000092800000| Untracked 
|  17|0x0000000092900000, 0x0000000092a00000, 0x0000000092a00000|100%| O|  |TAMS 0x0000000092a00000, 0x0000000092900000| Untracked 
|  18|0x0000000092a00000, 0x0000000092b00000, 0x0000000092b00000|100%| O|  |TAMS 0x0000000092b00000, 0x0000000092a00000| Untracked 
|  19|0x0000000092b00000, 0x0000000092c00000, 0x0000000092c00000|100%| O|  |TAMS 0x0000000092c00000, 0x0000000092b00000| Untracked 
|  20|0x0000000092c00000, 0x0000000092d00000, 0x0000000092d00000|100%| O|  |TAMS 0x0000000092d00000, 0x0000000092c00000| Untracked 
|  21|0x0000000092d00000, 0x0000000092e00000, 0x0000000092e00000|100%| O|  |TAMS 0x0000000092e00000, 0x0000000092d00000| Untracked 
|  22|0x0000000092e00000, 0x0000000092f00000, 0x0000000092f00000|100%| O|  |TAMS 0x0000000092f00000, 0x0000000092e00000| Untracked 
|  23|0x0000000092f00000, 0x0000000093000000, 0x0000000093000000|100%|HS|  |TAMS 0x0000000093000000, 0x0000000092f00000| Complete 
|  24|0x0000000093000000, 0x0000000093100000, 0x0000000093100000|100%|HC|  |TAMS 0x0000000093100000, 0x0000000093000000| Complete 
|  25|0x0000000093100000, 0x0000000093200000, 0x0000000093200000|100%| O|  |TAMS 0x00000000931b2e00, 0x0000000093100000| Untracked 
|  26|0x0000000093200000, 0x0000000093300000, 0x0000000093300000|100%| O|  |TAMS 0x0000000093200000, 0x0000000093200000| Untracked 
|  27|0x0000000093300000, 0x0000000093400000, 0x0000000093400000|100%| O|  |TAMS 0x0000000093300000, 0x0000000093300000| Untracked 
|  28|0x0000000093400000, 0x0000000093500000, 0x0000000093500000|100%| O|  |TAMS 0x0000000093400000, 0x0000000093400000| Untracked 
|  29|0x0000000093500000, 0x0000000093592a00, 0x0000000093600000| 57%| O|  |TAMS 0x0000000093500000, 0x0000000093500000| Untracked 
|  30|0x0000000093600000, 0x0000000093600000, 0x0000000093700000|  0%| F|  |TAMS 0x0000000093600000, 0x0000000093600000| Untracked 
|  31|0x0000000093700000, 0x0000000093700000, 0x0000000093800000|  0%| F|  |TAMS 0x0000000093700000, 0x0000000093700000| Untracked 
|  32|0x0000000093800000, 0x0000000093800000, 0x0000000093900000|  0%| F|  |TAMS 0x0000000093800000, 0x0000000093800000| Untracked 
|  33|0x0000000093900000, 0x0000000093900000, 0x0000000093a00000|  0%| F|  |TAMS 0x0000000093900000, 0x0000000093900000| Untracked 
|  34|0x0000000093a00000, 0x0000000093a00000, 0x0000000093b00000|  0%| F|  |TAMS 0x0000000093a00000, 0x0000000093a00000| Untracked 
|  35|0x0000000093b00000, 0x0000000093b812d0, 0x0000000093c00000| 50%| S|CS|TAMS 0x0000000093b00000, 0x0000000093b00000| Complete 
|  36|0x0000000093c00000, 0x0000000093d00000, 0x0000000093d00000|100%| S|CS|TAMS 0x0000000093c00000, 0x0000000093c00000| Complete 
|  37|0x0000000093d00000, 0x0000000093d00000, 0x0000000093e00000|  0%| F|  |TAMS 0x0000000093d00000, 0x0000000093d00000| Untracked 
|  38|0x0000000093e00000, 0x0000000093e00000, 0x0000000093f00000|  0%| F|  |TAMS 0x0000000093e00000, 0x0000000093e00000| Untracked 
|  39|0x0000000093f00000, 0x0000000094000000, 0x0000000094000000|100%| S|CS|TAMS 0x0000000093f00000, 0x0000000093f00000| Complete 
|  40|0x0000000094000000, 0x0000000094000000, 0x0000000094100000|  0%| F|  |TAMS 0x0000000094000000, 0x0000000094000000| Untracked 
|  41|0x0000000094100000, 0x0000000094100000, 0x0000000094200000|  0%| F|  |TAMS 0x0000000094100000, 0x0000000094100000| Untracked 
|  42|0x0000000094200000, 0x0000000094300000, 0x0000000094300000|100%| S|CS|TAMS 0x0000000094200000, 0x0000000094200000| Complete 
|  43|0x0000000094300000, 0x0000000094300000, 0x0000000094400000|  0%| F|  |TAMS 0x0000000094300000, 0x0000000094300000| Untracked 
|  44|0x0000000094400000, 0x0000000094400000, 0x0000000094500000|  0%| F|  |TAMS 0x0000000094400000, 0x0000000094400000| Untracked 
|  45|0x0000000094500000, 0x0000000094500000, 0x0000000094600000|  0%| F|  |TAMS 0x0000000094500000, 0x0000000094500000| Untracked 
|  46|0x0000000094600000, 0x0000000094600000, 0x0000000094700000|  0%| F|  |TAMS 0x0000000094600000, 0x0000000094600000| Untracked 
|  47|0x0000000094700000, 0x0000000094700000, 0x0000000094800000|  0%| F|  |TAMS 0x0000000094700000, 0x0000000094700000| Untracked 
|  48|0x0000000094800000, 0x0000000094800000, 0x0000000094900000|  0%| F|  |TAMS 0x0000000094800000, 0x0000000094800000| Untracked 
|  49|0x0000000094900000, 0x0000000094900000, 0x0000000094a00000|  0%| F|  |TAMS 0x0000000094900000, 0x0000000094900000| Untracked 
|  50|0x0000000094a00000, 0x0000000094a00000, 0x0000000094b00000|  0%| F|  |TAMS 0x0000000094a00000, 0x0000000094a00000| Untracked 
|  51|0x0000000094b00000, 0x0000000094b00000, 0x0000000094c00000|  0%| F|  |TAMS 0x0000000094b00000, 0x0000000094b00000| Untracked 
|  52|0x0000000094c00000, 0x0000000094c00000, 0x0000000094d00000|  0%| F|  |TAMS 0x0000000094c00000, 0x0000000094c00000| Untracked 
|  53|0x0000000094d00000, 0x0000000094d00000, 0x0000000094e00000|  0%| F|  |TAMS 0x0000000094d00000, 0x0000000094d00000| Untracked 
|  54|0x0000000094e00000, 0x0000000094e00000, 0x0000000094f00000|  0%| F|  |TAMS 0x0000000094e00000, 0x0000000094e00000| Untracked 
|  55|0x0000000094f00000, 0x0000000094f00000, 0x0000000095000000|  0%| F|  |TAMS 0x0000000094f00000, 0x0000000094f00000| Untracked 
|  56|0x0000000095000000, 0x0000000095000000, 0x0000000095100000|  0%| F|  |TAMS 0x0000000095000000, 0x0000000095000000| Untracked 
|  57|0x0000000095100000, 0x0000000095100000, 0x0000000095200000|  0%| F|  |TAMS 0x0000000095100000, 0x0000000095100000| Untracked 
|  58|0x0000000095200000, 0x0000000095200000, 0x0000000095300000|  0%| F|  |TAMS 0x0000000095200000, 0x0000000095200000| Untracked 
|  59|0x0000000095300000, 0x0000000095300000, 0x0000000095400000|  0%| F|  |TAMS 0x0000000095300000, 0x0000000095300000| Untracked 
|  60|0x0000000095400000, 0x0000000095400000, 0x0000000095500000|  0%| F|  |TAMS 0x0000000095400000, 0x0000000095400000| Untracked 
|  61|0x0000000095500000, 0x0000000095500000, 0x0000000095600000|  0%| F|  |TAMS 0x0000000095500000, 0x0000000095500000| Untracked 
|  62|0x0000000095600000, 0x0000000095600000, 0x0000000095700000|  0%| F|  |TAMS 0x0000000095600000, 0x0000000095600000| Untracked 
|  63|0x0000000095700000, 0x0000000095700000, 0x0000000095800000|  0%| F|  |TAMS 0x0000000095700000, 0x0000000095700000| Untracked 
|  64|0x0000000095800000, 0x0000000095800000, 0x0000000095900000|  0%| F|  |TAMS 0x0000000095800000, 0x0000000095800000| Untracked 
|  91|0x0000000097300000, 0x0000000097300000, 0x0000000097400000|  0%| F|  |TAMS 0x0000000097300000, 0x0000000097300000| Untracked 
|  92|0x0000000097400000, 0x0000000097400000, 0x0000000097500000|  0%| F|  |TAMS 0x0000000097400000, 0x0000000097400000| Untracked 
|  93|0x0000000097500000, 0x0000000097500000, 0x0000000097600000|  0%| F|  |TAMS 0x0000000097500000, 0x0000000097500000| Untracked 
| 134|0x0000000099e00000, 0x0000000099e00000, 0x0000000099f00000|  0%| F|  |TAMS 0x0000000099e00000, 0x0000000099e00000| Untracked 

Card table byte_map: [0x0000020400000000,0x0000020400380000] _byte_map_base: 0x00000203ffb74000

Marking Bits (Prev, Next): (CMBitMap*) 0x00000204680fd998, (CMBitMap*) 0x00000204680fd958
 Prev Bits: [0x00000204022a0000, 0x0000020403e40000)
 Next Bits: [0x0000020400700000, 0x00000204022a0000)

Polling page: 0x0000020466260000

Metaspace:

Usage:
  Non-class:     48.43 MB capacity,    47.65 MB ( 98%) used,   641.07 KB (  1%) free+waste,   156.38 KB ( <1%) overhead. 
      Class:      7.83 MB capacity,     7.34 MB ( 94%) used,   433.06 KB (  5%) free+waste,    73.31 KB ( <1%) overhead. 
       Both:     56.27 MB capacity,    54.99 MB ( 98%) used,     1.05 MB (  2%) free+waste,   229.69 KB ( <1%) overhead. 

Virtual space:
  Non-class space:       50.00 MB reserved,      48.45 MB ( 97%) committed 
      Class space:        1.00 GB reserved,       7.92 MB ( <1%) committed 
             Both:        1.05 GB reserved,      56.37 MB (  5%) committed 

Chunk freelists:
   Non-Class:  16.00 KB
       Class:  12.00 KB
        Both:  28.00 KB

MaxMetaspaceSize: 17179869184.00 GB
CompressedClassSpaceSize: 1.00 GB

CodeHeap 'non-profiled nmethods': size=120000Kb used=3267Kb max_used=3267Kb free=116732Kb
 bounds [0x0000020478330000, 0x0000020478670000, 0x000002047f860000]
CodeHeap 'profiled nmethods': size=120000Kb used=10451Kb max_used=10451Kb free=109548Kb
 bounds [0x0000020470e00000, 0x0000020471840000, 0x0000020478330000]
CodeHeap 'non-nmethods': size=5760Kb used=1316Kb max_used=1386Kb free=4443Kb
 bounds [0x0000020470860000, 0x0000020470ad0000, 0x0000020470e00000]
 total_blobs=7448 nmethods=4413 adapters=520
 compilation: enabled
              stopped_count=0, restarted_count=0
 full_count=0

Compilation events (20 events):
Event: 7.358 Thread 0x000002040803a800 5121       4       org.springframework.boot.autoconfigure.condition.ConditionEvaluationReport$$Lambda$755/0x00000008012e4c40::accept (20 bytes)
Event: 7.358 Thread 0x000002040688f800 nmethod 5124 0x0000020471835a10 code [0x0000020471835c20, 0x00000204718362d8]
Event: 7.358 Thread 0x000002040688f800 5125       1       org.springframework.util.ConcurrentReferenceHashMap::getLoadFactor (5 bytes)
Event: 7.359 Thread 0x000002040688f800 nmethod 5125 0x000002047865d710 code [0x000002047865d8a0, 0x000002047865d978]
Event: 7.359 Thread 0x000002040688f800 5126       3       org.springframework.util.ConcurrentReferenceHashMap$Segment::createReferenceArray (5 bytes)
Event: 7.359 Thread 0x000002040688f800 nmethod 5126 0x0000020471836590 code [0x0000020471836720, 0x00000204718368d8]
Event: 7.368 Thread 0x000002040803a800 nmethod 5121 0x000002047865da10 code [0x000002047865dca0, 0x000002047865e5c8]
Event: 7.368 Thread 0x000002040803a800 5122       4       org.springframework.boot.autoconfigure.condition.ConditionEvaluationReport::lambda$addNoMatchOutcomeToAncestors$1 (54 bytes)
Event: 7.376 Thread 0x000002040803a800 nmethod 5122 0x000002047865ea90 code [0x000002047865ed00, 0x000002047865f548]
Event: 7.376 Thread 0x000002040803a800 5017   !   4       org.springframework.core.annotation.AnnotatedElementUtils::searchWithFindSemantics (78 bytes)
Event: 7.380 Thread 0x000002040803a800 nmethod 5017 0x000002047865f990 code [0x000002047865fb60, 0x000002047865fe18]
Event: 7.380 Thread 0x000002040803a800 5089       4       java.util.LinkedList::listIterator (15 bytes)
Event: 7.386 Thread 0x000002040803a800 nmethod 5089 0x0000020478660010 code [0x00000204786601e0, 0x00000204786604f8]
Event: 7.386 Thread 0x000002040803a800 5090       4       java.util.LinkedList$ListItr::<init> (47 bytes)
Event: 7.391 Thread 0x000002040803a800 nmethod 5090 0x0000020478660710 code [0x00000204786608c0, 0x0000020478660c78]
Event: 7.393 Thread 0x000002040803a800 5127   !   4       sun.nio.fs.WindowsPath::initOffsets (153 bytes)
Event: 7.393 Thread 0x000002040688f800 5129       3       java.nio.CharBuffer::array (35 bytes)
Event: 7.394 Thread 0x000002040688f800 nmethod 5129 0x0000020471836990 code [0x0000020471836b60, 0x0000020471836e58]
Event: 7.401 Thread 0x000002040688f800 5130       3       java.util.logging.LogManager$LoggerContext::getGlobalLogger (6 bytes)
Event: 7.401 Thread 0x000002040688f800 nmethod 5130 0x0000020471836f90 code [0x0000020471837120, 0x0000020471837258]

GC Heap History (20 events):
Event: 3.881 GC heap after
{Heap after GC invocations=12 (full 0):
 garbage-first heap   total 58368K, used 22687K [0x0000000091800000, 0x0000000100000000)
  region size 1024K, 1 young (1024K), 1 survivors (1024K)
 Metaspace       used 30903K, capacity 31881K, committed 32048K, reserved 1077248K
  class space    used 3936K, capacity 4291K, committed 4400K, reserved 1048576K
}
Event: 3.947 GC heap before
{Heap before GC invocations=12 (full 0):
 garbage-first heap   total 58368K, used 44191K [0x0000000091800000, 0x0000000100000000)
  region size 1024K, 23 young (23552K), 1 survivors (1024K)
 Metaspace       used 31330K, capacity 32306K, committed 32560K, reserved 1077248K
  class space    used 3974K, capacity 4326K, committed 4400K, reserved 1048576K
}
Event: 3.949 GC heap after
{Heap after GC invocations=13 (full 0):
 garbage-first heap   total 58368K, used 23134K [0x0000000091800000, 0x0000000100000000)
  region size 1024K, 1 young (1024K), 1 survivors (1024K)
 Metaspace       used 31330K, capacity 32306K, committed 32560K, reserved 1077248K
  class space    used 3974K, capacity 4326K, committed 4400K, reserved 1048576K
}
Event: 4.070 GC heap before
{Heap before GC invocations=13 (full 0):
 garbage-first heap   total 58368K, used 45662K [0x0000000091800000, 0x0000000100000000)
  region size 1024K, 24 young (24576K), 1 survivors (1024K)
 Metaspace       used 31698K, capacity 32670K, committed 32816K, reserved 1077248K
  class space    used 4009K, capacity 4362K, committed 4400K, reserved 1048576K
}
Event: 4.071 GC heap after
{Heap after GC invocations=14 (full 0):
 garbage-first heap   total 58368K, used 23183K [0x0000000091800000, 0x0000000100000000)
  region size 1024K, 2 young (2048K), 2 survivors (2048K)
 Metaspace       used 31698K, capacity 32670K, committed 32816K, reserved 1077248K
  class space    used 4009K, capacity 4362K, committed 4400K, reserved 1048576K
}
Event: 4.436 GC heap before
{Heap before GC invocations=14 (full 0):
 garbage-first heap   total 58368K, used 38543K [0x0000000091800000, 0x0000000100000000)
  region size 1024K, 18 young (18432K), 2 survivors (2048K)
 Metaspace       used 34517K, capacity 35499K, committed 35708K, reserved 1081344K
  class space    used 4300K, capacity 4642K, committed 4784K, reserved 1048576K
}
Event: 4.440 GC heap after
{Heap after GC invocations=15 (full 0):
 garbage-first heap   total 58368K, used 24113K [0x0000000091800000, 0x0000000100000000)
  region size 1024K, 2 young (2048K), 2 survivors (2048K)
 Metaspace       used 34517K, capacity 35499K, committed 35708K, reserved 1081344K
  class space    used 4300K, capacity 4642K, committed 4784K, reserved 1048576K
}
Event: 4.883 GC heap before
{Heap before GC invocations=16 (full 0):
 garbage-first heap   total 58368K, used 46641K [0x0000000091800000, 0x0000000100000000)
  region size 1024K, 24 young (24576K), 2 survivors (2048K)
 Metaspace       used 38443K, capacity 39403K, committed 39548K, reserved 1083392K
  class space    used 4844K, capacity 5196K, committed 5296K, reserved 1048576K
}
Event: 4.886 GC heap after
{Heap after GC invocations=17 (full 0):
 garbage-first heap   total 58368K, used 24879K [0x0000000091800000, 0x0000000100000000)
  region size 1024K, 3 young (3072K), 3 survivors (3072K)
 Metaspace       used 38443K, capacity 39403K, committed 39548K, reserved 1083392K
  class space    used 4844K, capacity 5196K, committed 5296K, reserved 1048576K
}
Event: 5.254 GC heap before
{Heap before GC invocations=17 (full 0):
 garbage-first heap   total 58368K, used 48431K [0x0000000091800000, 0x0000000100000000)
  region size 1024K, 24 young (24576K), 3 survivors (3072K)
 Metaspace       used 41533K, capacity 42467K, committed 42620K, reserved 1085440K
  class space    used 5418K, capacity 5747K, committed 5808K, reserved 1048576K
}
Event: 5.257 GC heap after
{Heap after GC invocations=18 (full 0):
 garbage-first heap   total 58368K, used 27575K [0x0000000091800000, 0x0000000100000000)
  region size 1024K, 2 young (2048K), 2 survivors (2048K)
 Metaspace       used 41533K, capacity 42467K, committed 42620K, reserved 1085440K
  class space    used 5418K, capacity 5747K, committed 5808K, reserved 1048576K
}
Event: 5.553 GC heap before
{Heap before GC invocations=18 (full 0):
 garbage-first heap   total 58368K, used 48055K [0x0000000091800000, 0x0000000100000000)
  region size 1024K, 22 young (22528K), 2 survivors (2048K)
 Metaspace       used 44636K, capacity 45617K, committed 45948K, reserved 1089536K
  class space    used 5814K, capacity 6200K, committed 6320K, reserved 1048576K
}
Event: 5.556 GC heap after
{Heap after GC invocations=19 (full 0):
 garbage-first heap   total 70656K, used 28119K [0x0000000091800000, 0x0000000100000000)
  region size 1024K, 2 young (2048K), 2 survivors (2048K)
 Metaspace       used 44636K, capacity 45617K, committed 45948K, reserved 1089536K
  class space    used 5814K, capacity 6200K, committed 6320K, reserved 1048576K
}
Event: 5.989 GC heap before
{Heap before GC invocations=20 (full 0):
 garbage-first heap   total 70656K, used 58839K [0x0000000091800000, 0x0000000100000000)
  region size 1024K, 32 young (32768K), 2 survivors (2048K)
 Metaspace       used 49034K, capacity 50050K, committed 50172K, reserved 1093632K
  class space    used 6548K, capacity 6928K, committed 6960K, reserved 1048576K
}
Event: 5.992 GC heap after
{Heap after GC invocations=21 (full 0):
 garbage-first heap   total 70656K, used 28848K [0x0000000091800000, 0x0000000100000000)
  region size 1024K, 3 young (3072K), 3 survivors (3072K)
 Metaspace       used 49034K, capacity 50050K, committed 50172K, reserved 1093632K
  class space    used 6548K, capacity 6928K, committed 6960K, reserved 1048576K
}
Event: 6.473 GC heap before
{Heap before GC invocations=21 (full 0):
 garbage-first heap   total 70656K, used 58544K [0x0000000091800000, 0x0000000100000000)
  region size 1024K, 32 young (32768K), 3 survivors (3072K)
 Metaspace       used 52460K, capacity 53645K, committed 53756K, reserved 1095680K
  class space    used 6991K, capacity 7470K, committed 7472K, reserved 1048576K
}
Event: 6.480 GC heap after
{Heap after GC invocations=22 (full 0):
 garbage-first heap   total 70656K, used 30262K [0x0000000091800000, 0x0000000100000000)
  region size 1024K, 4 young (4096K), 4 survivors (4096K)
 Metaspace       used 52460K, capacity 53645K, committed 53756K, reserved 1095680K
  class space    used 6991K, capacity 7470K, committed 7472K, reserved 1048576K
}
Event: 6.971 GC heap before
{Heap before GC invocations=22 (full 0):
 garbage-first heap   total 70656K, used 57910K [0x0000000091800000, 0x0000000100000000)
  region size 1024K, 31 young (31744K), 4 survivors (4096K)
 Metaspace       used 54453K, capacity 55723K, committed 55932K, reserved 1097728K
  class space    used 7270K, capacity 7780K, committed 7856K, reserved 1048576K
}
Event: 6.975 GC heap after
{Heap after GC invocations=23 (full 0):
 garbage-first heap   total 70656K, used 31975K [0x0000000091800000, 0x0000000100000000)
  region size 1024K, 4 young (4096K), 4 survivors (4096K)
 Metaspace       used 54453K, capacity 55723K, committed 55932K, reserved 1097728K
  class space    used 7270K, capacity 7780K, committed 7856K, reserved 1048576K
}
Event: 7.403 GC heap before
{Heap before GC invocations=23 (full 0):
 garbage-first heap   total 70656K, used 58599K [0x0000000091800000, 0x0000000100000000)
  region size 1024K, 30 young (30720K), 4 survivors (4096K)
 Metaspace       used 56312K, capacity 57616K, committed 57724K, reserved 1099776K
  class space    used 7513K, capacity 8020K, committed 8112K, reserved 1048576K
}

Deoptimization events (20 events):
Event: 7.110 Thread 0x00000204081ce000 DEOPT PACKING pc=0x00000204784b3794 sp=0x00000069704faf30
Event: 7.110 Thread 0x00000204081ce000 DEOPT UNPACKING pc=0x00000204708a912f sp=0x00000069704faec8 mode 2
Event: 7.237 Thread 0x00000204081ce000 DEOPT PACKING pc=0x000002047175579e sp=0x00000069704fcaf0
Event: 7.237 Thread 0x00000204081ce000 DEOPT UNPACKING pc=0x00000204708a964e sp=0x00000069704fbf88 mode 0
Event: 7.285 Thread 0x00000204081ce000 DEOPT PACKING pc=0x00000204714f491b sp=0x00000069704fc8e0
Event: 7.285 Thread 0x00000204081ce000 DEOPT UNPACKING pc=0x00000204708a964e sp=0x00000069704fbe00 mode 0
Event: 7.321 Thread 0x00000204081ce000 Uncommon trap: trap_request=0xffffffde fr.pc=0x00000204785fd080 relative=0x0000000000002360
Event: 7.321 Thread 0x00000204081ce000 Uncommon trap: reason=class_check action=maybe_recompile pc=0x00000204785fd080 method=org.springframework.core.annotation.AnnotatedElementUtils.searchWithGetSemanticsInAnnotations(Ljava/lang/reflect/AnnotatedElement;Ljava/util/List;Ljava/util/Set;Ljava/la
Event: 7.321 Thread 0x00000204081ce000 DEOPT PACKING pc=0x00000204785fd080 sp=0x00000069704fdfc0
Event: 7.321 Thread 0x00000204081ce000 DEOPT UNPACKING pc=0x00000204708a912f sp=0x00000069704fdf88 mode 2
Event: 7.321 Thread 0x00000204081ce000 Uncommon trap: trap_request=0xffffff45 fr.pc=0x00000204785fcaa4 relative=0x0000000000001d84
Event: 7.321 Thread 0x00000204081ce000 Uncommon trap: reason=unstable_if action=reinterpret pc=0x00000204785fcaa4 method=org.springframework.core.annotation.AnnotatedElementUtils.searchWithGetSemanticsInAnnotations(Ljava/lang/reflect/AnnotatedElement;Ljava/util/List;Ljava/util/Set;Ljava/lang/S
Event: 7.321 Thread 0x00000204081ce000 DEOPT PACKING pc=0x00000204785fcaa4 sp=0x00000069704fe0b0
Event: 7.321 Thread 0x00000204081ce000 DEOPT UNPACKING pc=0x00000204708a912f sp=0x00000069704fe090 mode 2
Event: 7.358 Thread 0x00000204081ce000 Uncommon trap: trap_request=0xffffff45 fr.pc=0x00000204784b3008 relative=0x0000000000000068
Event: 7.358 Thread 0x00000204081ce000 Uncommon trap: reason=unstable_if action=reinterpret pc=0x00000204784b3008 method=org.springframework.util.ConcurrentReferenceHashMap$Segment.clear()V @ 4 c2
Event: 7.358 Thread 0x00000204081ce000 DEOPT PACKING pc=0x00000204784b3008 sp=0x00000069704fe200
Event: 7.358 Thread 0x00000204081ce000 DEOPT UNPACKING pc=0x00000204708a912f sp=0x00000069704fe190 mode 2
Event: 7.393 Thread 0x00000204081ce000 DEOPT PACKING pc=0x00000204716f94cd sp=0x00000069704fd210
Event: 7.393 Thread 0x00000204081ce000 DEOPT UNPACKING pc=0x00000204708a964e sp=0x00000069704fc6f0 mode 0

Classes unloaded (1 events):
Event: 4.464 Thread 0x0000020406865800 Unloading class 0x0000000800be5040 'org/springframework/core/GenericTypeResolver$$Lambda$83'

Classes redefined (0 events):
No events

Internal exceptions (20 events):
Event: 6.444 Thread 0x00000204081ce000 Exception <a 'java/lang/ClassNotFoundException'{0x00000000941d2f88}: org/springframework/data/jpa/domain/AbstractPersistableCustomizer> (0x00000000941d2f88) 
thrown [t:/workspace/open/src/hotspot/share/classfile/systemDictionary.cpp, line 226]
Event: 6.447 Thread 0x00000204081ce000 Exception <a 'java/lang/ClassNotFoundException'{0x00000000941e8ca0}: todoapplication/ItemCustomizer> (0x00000000941e8ca0) 
thrown [t:/workspace/open/src/hotspot/share/classfile/systemDictionary.cpp, line 226]
Event: 6.449 Thread 0x00000204081ce000 Exception <a 'java/lang/ClassNotFoundException'{0x0000000094002378}: org/springframework/data/domain/PersistableCustomizer> (0x0000000094002378) 
thrown [t:/workspace/open/src/hotspot/share/classfile/systemDictionary.cpp, line 226]
Event: 6.481 Thread 0x00000204081ce000 Exception <a 'java/lang/NoSuchMethodError'{0x0000000099e09cc0}: 'int java.lang.invoke.DirectMethodHandle$Holder.invokeVirtual(java.lang.Object, java.lang.Object, java.lang.Object)'> (0x0000000099e09cc0) 
thrown [t:/workspace/open/src/hotspot/share/interpreter/linkResolver.cpp, line 766]
Event: 6.503 Thread 0x00000204081ce000 Exception <a 'java/lang/NoSuchMethodError'{0x0000000099ed5698}: 'java.lang.Object java.lang.invoke.DirectMethodHandle$Holder.invokeSpecialIFC(java.lang.Object, java.lang.Object, java.lang.Object)'> (0x0000000099ed5698) 
thrown [t:/workspace/open/src/hotspot/share/interpreter/linkResolver.cpp, line 766]
Event: 6.516 Thread 0x00000204081ce000 Exception <a 'java/lang/IncompatibleClassChangeError'{0x0000000097554620}: Found class java.lang.Object, but interface was expected> (0x0000000097554620) 
thrown [t:/workspace/open/src/hotspot/share/interpreter/linkResolver.cpp, line 832]
Event: 6.613 Thread 0x00000204081ce000 Exception <a 'java/lang/NoSuchMethodError'{0x00000000956a12d8}: 'java.lang.Object java.lang.invoke.DirectMethodHandle$Holder.invokeInterface(java.lang.Object, java.lang.Object, java.lang.Object, java.lang.Object)'> (0x00000000956a12d8) 
thrown [t:/workspace/open/src/hotspot/share/interpreter/linkResolver.cpp, line 766]
Event: 6.689 Thread 0x00000204081ce000 Exception <a 'java/lang/ClassNotFoundException'{0x00000000953ec438}: java/lang/ObjectCustomizer> (0x00000000953ec438) 
thrown [t:/workspace/open/src/hotspot/share/classfile/systemDictionary.cpp, line 226]
Event: 6.690 Thread 0x00000204081ce000 Exception <a 'java/lang/ClassNotFoundException'{0x0000000095208470}: org/springframework/web/servlet/config/annotation/WebMvcConfigurationSupportCustomizer> (0x0000000095208470) 
thrown [t:/workspace/open/src/hotspot/share/classfile/systemDictionary.cpp, line 226]
Event: 6.692 Thread 0x00000204081ce000 Exception <a 'java/lang/ClassNotFoundException'{0x000000009522b6c8}: org/springframework/web/servlet/config/annotation/DelegatingWebMvcConfigurationCustomizer> (0x000000009522b6c8) 
thrown [t:/workspace/open/src/hotspot/share/classfile/systemDictionary.cpp, line 226]
Event: 6.693 Thread 0x00000204081ce000 Exception <a 'java/lang/ClassNotFoundException'{0x000000009524ba10}: org/springframework/boot/autoconfigure/web/servlet/WebMvcAutoConfiguration$EnableWebMvcConfigurationCustomizer> (0x000000009524ba10) 
thrown [t:/workspace/open/src/hotspot/share/classfile/systemDictionary.cpp, line 226]
Event: 6.695 Thread 0x00000204081ce000 Exception <a 'java/lang/ClassNotFoundException'{0x00000000952729c0}: org/springframework/boot/autoconfigure/web/servlet/WebMvcAutoConfiguration$EnableWebMvcConfiguration$$EnhancerBySpringCGLIB$$936486b5Customizer> (0x00000000952729c0) 
thrown [t:/workspace/open/src/hotspot/share/classfile/systemDictionary.cpp, line 226]
Event: 6.697 Thread 0x00000204081ce000 Exception <a 'java/lang/ClassNotFoundException'{0x00000000952a2dd8}: org/springframework/context/annotation/ConfigurationClassEnhancer$EnhancedConfigurationCustomizer> (0x00000000952a2dd8) 
thrown [t:/workspace/open/src/hotspot/share/classfile/systemDictionary.cpp, line 226]
Event: 6.699 Thread 0x00000204081ce000 Exception <a 'java/lang/ClassNotFoundException'{0x00000000952b7308}: org/springframework/beans/factory/BeanFactoryAwareCustomizer> (0x00000000952b7308) 
thrown [t:/workspace/open/src/hotspot/share/classfile/systemDictionary.cpp, line 226]
Event: 6.700 Thread 0x00000204081ce000 Exception <a 'java/lang/ClassNotFoundException'{0x00000000952caba0}: org/springframework/beans/factory/AwareCustomizer> (0x00000000952caba0) 
thrown [t:/workspace/open/src/hotspot/share/classfile/systemDictionary.cpp, line 226]
Event: 6.701 Thread 0x00000204081ce000 Exception <a 'java/lang/ClassNotFoundException'{0x00000000952df198}: org/springframework/context/ApplicationContextAwareCustomizer> (0x00000000952df198) 
thrown [t:/workspace/open/src/hotspot/share/classfile/systemDictionary.cpp, line 226]
Event: 6.702 Thread 0x00000204081ce000 Exception <a 'java/lang/ClassNotFoundException'{0x00000000952f2e68}: org/springframework/beans/factory/AwareCustomizer> (0x00000000952f2e68) 
thrown [t:/workspace/open/src/hotspot/share/classfile/systemDictionary.cpp, line 226]
Event: 6.704 Thread 0x00000204081ce000 Exception <a 'java/lang/ClassNotFoundException'{0x00000000951078c0}: org/springframework/web/context/ServletContextAwareCustomizer> (0x00000000951078c0) 
thrown [t:/workspace/open/src/hotspot/share/classfile/systemDictionary.cpp, line 226]
Event: 6.705 Thread 0x00000204081ce000 Exception <a 'java/lang/ClassNotFoundException'{0x000000009511ae18}: org/springframework/beans/factory/AwareCustomizer> (0x000000009511ae18) 
thrown [t:/workspace/open/src/hotspot/share/classfile/systemDictionary.cpp, line 226]
Event: 6.927 Thread 0x00000204081ce000 Exception <a 'java/lang/NoSuchMethodError'{0x00000000944ad8b8}: 'void java.lang.invoke.DirectMethodHandle$Holder.invokeVirtual(java.lang.Object, java.lang.Object, int)'> (0x00000000944ad8b8) 
thrown [t:/workspace/open/src/hotspot/share/interpreter/linkResolver.cpp, line 766]

Events (20 events):
Event: 7.388 loading class sun/nio/ch/OptionKey done
Event: 7.390 loading class java/nio/channels/CancelledKeyException
Event: 7.390 loading class java/nio/channels/CancelledKeyException done
Event: 7.391 Thread 0x000002040803c000 Thread added: 0x000002040803c000
Event: 7.392 loading class java/nio/channels/spi/AbstractSelector$1
Event: 7.392 loading class java/nio/channels/spi/AbstractSelector$1 done
Event: 7.395 Thread 0x0000020408038000 Thread added: 0x0000020408038000
Event: 7.395 Thread 0x0000020408039000 Thread added: 0x0000020408039000
Event: 7.395 Thread 0x0000020408036800 Thread added: 0x0000020408036800
Event: 7.395 Thread 0x000002040e29b800 Thread added: 0x000002040e29b800
Event: 7.396 Thread 0x000002040e299000 Thread added: 0x000002040e299000
Event: 7.396 Thread 0x000002040e29a000 Thread added: 0x000002040e29a000
Event: 7.396 Thread 0x000002040e29c800 Thread added: 0x000002040e29c800
Event: 7.396 Thread 0x000002040e29e000 Thread added: 0x000002040e29e000
Event: 7.396 Thread 0x000002040e29a800 Thread added: 0x000002040e29a800
Event: 7.396 Thread 0x000002040e298800 Thread added: 0x000002040e298800
Event: 7.399 Thread 0x000002040e29f800 Thread added: 0x000002040e29f800
Event: 7.400 Thread 0x000002040e29d000 Thread added: 0x000002040e29d000
Event: 7.402 Thread 0x000002040e2a3800 Thread added: 0x000002040e2a3800
Event: 7.403 Executing VM operation: G1CollectForAllocation


Dynamic libraries:
0x00007ff6929f0000 - 0x00007ff6929ff000 	C:\Program Files\Java\jdk-14\bin\java.exe
0x00007ff82ac30000 - 0x00007ff82ae26000 	C:\WINDOWS\SYSTEM32\ntdll.dll
0x00007ff828e00000 - 0x00007ff828ebd000 	C:\WINDOWS\System32\KERNEL32.DLL
0x00007ff8287b0000 - 0x00007ff828a79000 	C:\WINDOWS\System32\KERNELBASE.dll
0x00007ff8285a0000 - 0x00007ff8286a0000 	C:\WINDOWS\System32\ucrtbase.dll
0x00007ff822550000 - 0x00007ff822565000 	C:\Program Files\Java\jdk-14\bin\VCRUNTIME140.dll
0x00007ff8136d0000 - 0x00007ff8136e8000 	C:\Program Files\Java\jdk-14\bin\jli.dll
0x00007ff82a2f0000 - 0x00007ff82a39c000 	C:\WINDOWS\System32\ADVAPI32.dll
0x00007ff82a750000 - 0x00007ff82a7ee000 	C:\WINDOWS\System32\msvcrt.dll
0x00007ff828d00000 - 0x00007ff828d9c000 	C:\WINDOWS\System32\sechost.dll
0x00007ff828ec0000 - 0x00007ff828feb000 	C:\WINDOWS\System32\RPCRT4.dll
0x00007ff80c750000 - 0x00007ff80c9eb000 	C:\WINDOWS\WinSxS\amd64_microsoft.windows.common-controls_6595b64144ccf1df_6.0.19041.488_none_ca04af081b815d21\COMCTL32.dll
0x00007ff82a800000 - 0x00007ff82a9a0000 	C:\WINDOWS\System32\USER32.dll
0x00007ff82a450000 - 0x00007ff82a47a000 	C:\WINDOWS\System32\GDI32.dll
0x00007ff828780000 - 0x00007ff8287a2000 	C:\WINDOWS\System32\win32u.dll
0x00007ff828a80000 - 0x00007ff828b89000 	C:\WINDOWS\System32\gdi32full.dll
0x00007ff828b90000 - 0x00007ff828c2d000 	C:\WINDOWS\System32\msvcp_win.dll
0x00007ff81df30000 - 0x00007ff81df3a000 	C:\WINDOWS\SYSTEM32\VERSION.dll
0x00007ff8291a0000 - 0x00007ff8291d0000 	C:\WINDOWS\System32\IMM32.DLL
0x00007ff813af0000 - 0x00007ff813b8b000 	C:\Program Files\Java\jdk-14\bin\msvcp140.dll
0x00007ffffbce0000 - 0x00007ffffc7ff000 	C:\Program Files\Java\jdk-14\bin\server\jvm.dll
0x00007ff828cf0000 - 0x00007ff828cf8000 	C:\WINDOWS\System32\PSAPI.DLL
0x00007ff81df00000 - 0x00007ff81df27000 	C:\WINDOWS\SYSTEM32\WINMM.dll
0x00007ff823630000 - 0x00007ff823639000 	C:\WINDOWS\SYSTEM32\WSOCK32.dll
0x00007ff829b30000 - 0x00007ff829b9b000 	C:\WINDOWS\System32\WS2_32.dll
0x00007ff8262c0000 - 0x00007ff8262d2000 	C:\WINDOWS\SYSTEM32\kernel.appcore.dll
0x00007ff823390000 - 0x00007ff82339a000 	C:\Program Files\Java\jdk-14\bin\jimage.dll
0x00007ff821530000 - 0x00007ff821714000 	C:\WINDOWS\SYSTEM32\DBGHELP.DLL
0x00007ff81ef80000 - 0x00007ff81efac000 	C:\WINDOWS\SYSTEM32\dbgcore.DLL
0x00007ff828370000 - 0x00007ff8283f0000 	C:\WINDOWS\System32\bcryptPrimitives.dll
0x00007ff814680000 - 0x00007ff8146a5000 	C:\Program Files\Java\jdk-14\bin\java.dll
0x00007ff81a240000 - 0x00007ff81a257000 	C:\Program Files\Java\jdk-14\bin\zip.dll
0x00007ff829ba0000 - 0x00007ff82a2e2000 	C:\WINDOWS\System32\SHELL32.dll
0x00007ff8264c0000 - 0x00007ff826c55000 	C:\WINDOWS\SYSTEM32\windows.storage.dll
0x00007ff829750000 - 0x00007ff829aa6000 	C:\WINDOWS\System32\combase.dll
0x00007ff827d10000 - 0x00007ff827d3c000 	C:\WINDOWS\SYSTEM32\Wldp.dll
0x00007ff8296a0000 - 0x00007ff82974e000 	C:\WINDOWS\System32\SHCORE.dll
0x00007ff828da0000 - 0x00007ff828df5000 	C:\WINDOWS\System32\shlwapi.dll
0x00007ff8282a0000 - 0x00007ff8282c6000 	C:\WINDOWS\SYSTEM32\profapi.dll
0x00007ff8145d0000 - 0x00007ff8145e9000 	C:\Program Files\Java\jdk-14\bin\net.dll
0x00007ff81efb0000 - 0x00007ff81f0b0000 	C:\WINDOWS\SYSTEM32\WINHTTP.dll
0x00007ff827a90000 - 0x00007ff827afa000 	C:\WINDOWS\system32\mswsock.dll
0x00007ff813b90000 - 0x00007ff813ba2000 	C:\Program Files\Java\jdk-14\bin\nio.dll
0x00007ff822610000 - 0x00007ff822620000 	C:\Program Files\Java\jdk-14\bin\verify.dll
0x00007ff822590000 - 0x00007ff822599000 	C:\Program Files\Java\jdk-14\bin\management.dll
0x00007ff8206b0000 - 0x00007ff8206bb000 	C:\Program Files\Java\jdk-14\bin\management_ext.dll
0x00007ff814b40000 - 0x00007ff814b57000 	C:\WINDOWS\system32\napinsp.dll
0x00007ff814ad0000 - 0x00007ff814aeb000 	C:\WINDOWS\system32\pnrpnsp.dll
0x00007ff814ab0000 - 0x00007ff814ac5000 	C:\WINDOWS\system32\wshbth.dll
0x00007ff822760000 - 0x00007ff82277d000 	C:\WINDOWS\system32\NLAapi.dll
0x00007ff827780000 - 0x00007ff8277bb000 	C:\WINDOWS\SYSTEM32\IPHLPAPI.DLL
0x00007ff8277c0000 - 0x00007ff82788b000 	C:\WINDOWS\SYSTEM32\DNSAPI.dll
0x00007ff82a6b0000 - 0x00007ff82a6b8000 	C:\WINDOWS\System32\NSI.dll
0x00007ff814a90000 - 0x00007ff814aa2000 	C:\WINDOWS\System32\winrnr.dll
0x00007ff81e120000 - 0x00007ff81e12a000 	C:\Windows\System32\rasadhlp.dll
0x00007ff81bed0000 - 0x00007ff81bf4f000 	C:\WINDOWS\System32\fwpuclnt.dll
0x00007ff828750000 - 0x00007ff828777000 	C:\WINDOWS\System32\bcrypt.dll
0x00007ff827c60000 - 0x00007ff827c78000 	C:\WINDOWS\SYSTEM32\CRYPTSP.dll
0x00007ff827420000 - 0x00007ff827454000 	C:\WINDOWS\system32\rsaenh.dll
0x00007ff828260000 - 0x00007ff82828e000 	C:\WINDOWS\SYSTEM32\USERENV.dll
0x00007ff827c80000 - 0x00007ff827c8c000 	C:\WINDOWS\SYSTEM32\CRYPTBASE.dll
0x00007ff822450000 - 0x00007ff822467000 	C:\WINDOWS\SYSTEM32\dhcpcsvc6.DLL
0x00007ff822430000 - 0x00007ff82244d000 	C:\WINDOWS\SYSTEM32\dhcpcsvc.DLL

dbghelp: loaded successfully - version: 4.0.5 - missing functions: none
symbol engine: initialized successfully - sym options: 0x614 - pdb path: .;C:\Program Files\Java\jdk-14\bin;C:\WINDOWS\SYSTEM32;C:\WINDOWS\WinSxS\amd64_microsoft.windows.common-controls_6595b64144ccf1df_6.0.19041.488_none_ca04af081b815d21;C:\Program Files\Java\jdk-14\bin\server

VM Arguments:
java_command: todoapplication.TodoApplication
java_class_path (initial): C:\Users\tuppu\Documents\NetBeansProjects\mooc-wepa-itseopiskelu\osa02-Osa02_12.TodoApplication\target\classes;C:\Users\tuppu\.m2\repository\org\springframework\boot\spring-boot-starter-web\2.1.3.RELEASE\spring-boot-starter-web-2.1.3.RELEASE.jar;C:\Users\tuppu\.m2\repository\org\springframework\boot\spring-boot-starter\2.1.3.RELEASE\spring-boot-starter-2.1.3.RELEASE.jar;C:\Users\tuppu\.m2\repository\org\springframework\boot\spring-boot-starter-logging\2.1.3.RELEASE\spring-boot-starter-logging-2.1.3.RELEASE.jar;C:\Users\tuppu\.m2\repository\ch\qos\logback\logback-classic\1.2.3\logback-classic-1.2.3.jar;C:\Users\tuppu\.m2\repository\ch\qos\logback\logback-core\1.2.3\logback-core-1.2.3.jar;C:\Users\tuppu\.m2\repository\org\apache\logging\log4j\log4j-to-slf4j\2.11.2\log4j-to-slf4j-2.11.2.jar;C:\Users\tuppu\.m2\repository\org\apache\logging\log4j\log4j-api\2.11.2\log4j-api-2.11.2.jar;C:\Users\tuppu\.m2\repository\org\slf4j\jul-to-slf4j\1.7.25\jul-to-slf4j-1.7.25.jar;C:\Users\tuppu\.m2\repository\javax\annotation\javax.annotation-api\1.3.2\javax.annotation-api-1.3.2.jar;C:\Users\tuppu\.m2\repository\org\yaml\snakeyaml\1.23\snakeyaml-1.23.jar;C:\Users\tuppu\.m2\repository\org\springframework\boot\spring-boot-starter-json\2.1.3.RELEASE\spring-boot-starter-json-2.1.3.RELEASE.jar;C:\Users\tuppu\.m2\repository\com\fasterxml\jackson\core\jackson-databind\2.9.8\jackson-databind-2.9.8.jar;C:\Users\tuppu\.m2\repository\com\fasterxml\jackson\core\jackson-annotations\2.9.0\jackson-annotations-2.9.0.jar;C:\Users\tuppu\.m2\repository\com\fasterxml\jackson\core\jackson-core\2.9.8\jackson-core-2.9.8.jar;C:\Users\tuppu\.m2\repository\com\fasterxml\jackson\datatype\jackson-datatype-jdk8\2.9.8\jackson-datatype-jdk8-2.9.8.jar;C:\Users\tuppu\.m2\repository\com\fasterxml\jackson\datatype\jackson-datatype-jsr310\2.9.8\jackson-datatype-jsr310-2.9.8.jar;C:\Users\tuppu\.m2\repository\com\fasterxml\jackson\module\jackson-module-parameter-names\2.9.8\jackson-module-para
Launcher Type: SUN_STANDARD

[Global flags]
     intx CICompilerCount                          = 4                                         {product} {ergonomic}
     uint ConcGCThreads                            = 2                                         {product} {ergonomic}
     uint G1ConcRefinementThreads                  = 8                                         {product} {ergonomic}
   size_t G1HeapRegionSize                         = 1048576                                   {product} {ergonomic}
    uintx GCDrainStackTargetSize                   = 64                                        {product} {ergonomic}
   size_t InitialHeapSize                          = 117440512                                 {product} {ergonomic}
   size_t MarkStackSize                            = 4194304                                   {product} {ergonomic}
   size_t MaxHeapSize                              = 1853882368                                {product} {ergonomic}
   size_t MaxNewSize                               = 1111490560                                {product} {ergonomic}
   size_t MinHeapDeltaBytes                        = 1048576                                   {product} {ergonomic}
   size_t MinHeapSize                              = 8388608                                   {product} {ergonomic}
    uintx NonNMethodCodeHeapSize                   = 5839372                                {pd product} {ergonomic}
    uintx NonProfiledCodeHeapSize                  = 122909434                              {pd product} {ergonomic}
    uintx ProfiledCodeHeapSize                     = 122909434                              {pd product} {ergonomic}
    uintx ReservedCodeCacheSize                    = 251658240                              {pd product} {ergonomic}
     bool SegmentedCodeCache                       = true                                      {product} {ergonomic}
   size_t SoftMaxHeapSize                          = 1853882368                             {manageable} {ergonomic}
     bool UseCompressedClassPointers               = true                                 {lp64_product} {ergonomic}
     bool UseCompressedOops                        = true                                 {lp64_product} {ergonomic}
     bool UseG1GC                                  = true                                      {product} {ergonomic}
     bool UseLargePagesIndividualAllocation        = false                                  {pd product} {ergonomic}

Logging:
Log output configuration:
 #0: stdout all=warning uptime,level,tags
 #1: stderr all=off uptime,level,tags

Environment Variables:
JAVA_HOME=C:\Program Files\Java\jdk-14
PATH=C:\Program Files (x86)\Common Files\Oracle\Java\javapath;C:\WINDOWS\system32;C:\WINDOWS;C:\WINDOWS\System32\Wbem;C:\WINDOWS\System32\WindowsPowerShell\v1.0\;C:\WINDOWS\System32\OpenSSH\;C:\Program Files (x86)\leJOS EV3\bin;C:\Program Files\Git\cmd;C:\Program Files\PuTTY\;C:\Users\samitup\applications\;C:\Users\tuppu\AppData\Local\Programs\Python\Python39\Scripts\;C:\Users\tuppu\AppData\Local\Programs\Python\Python39\;C:\Users\tuppu\AppData\Local\Microsoft\WindowsApps;;C:\Users\tuppu\AppData\Local\Programs\Microsoft VS Code\bin;C:\Users\tuppu\AppData\Roaming\npm
USERNAME=tuppu
OS=Windows_NT
PROCESSOR_IDENTIFIER=AMD64 Family 23 Model 17 Stepping 0, AuthenticAMD



---------------  S Y S T E M  ---------------

OS: Windows 10 , 64 bit Build 19041 (10.0.19041.662)
OS uptime: 20 days 23:51 hours

CPU:total 8 (initial active 8) (8 cores per cpu, 2 threads per core) family 23 model 17 stepping 0, cmov, cx8, fxsr, mmx, sse, sse2, sse3, ssse3, sse4.1, sse4.2, popcnt, avx, avx2, aes, clmul, mmxext, 3dnowpref, lzcnt, sse4a, ht, tsc, tscinvbit, tscinv, bmi1, bmi2, adx, sha, fma

Memory: 4k page, system-wide physical 7068M (2451M free)
TotalPageFile size 11164M (AvailPageFile size 20M)
current process WorkingSet (physical memory assigned to process): 254M, peak: 256M
current process commit charge ("private bytes"): 293M, peak: 309M

vm_info: Java HotSpot(TM) 64-Bit Server VM (14+36-1461) for windows-amd64 JRE (14+36-1461), built on Feb  6 2020 19:08:04 by "mach5one" with MS VC++ 15.9 (VS2017)

END.
