#
# There is insufficient memory for the Java Runtime Environment to continue.
# Native memory allocation (malloc) failed to allocate 1343136 bytes for Chunk::new
# Possible reasons:
#   The system is out of physical RAM or swap space
#   The process is running with CompressedOops enabled, and the Java Heap may be blocking the growth of the native heap
# Possible solutions:
#   Reduce memory load on the system
#   Increase physical memory or swap space
#   Check if swap backing store is full
#   Decrease Java heap size (-Xmx/-Xms)
#   Decrease number of Java threads
#   Decrease Java thread stack sizes (-Xss)
#   Set larger code cache with -XX:ReservedCodeCacheSize=
#   JVM is running with Unscaled Compressed Oops mode in which the Java heap is
#     placed in the first 4GB address space. The Java Heap base address is the
#     maximum limit for the native heap growth. Please use -XX:HeapBaseMinAddress
#     to set the Java Heap base and to place the Java Heap above 4GB virtual address.
# This output file may be truncated or incomplete.
#
#  Out of Memory Error (t:/workspace/open/src/hotspot/share/memory/arena.cpp:195), pid=15388, tid=12380
#
# JRE version: Java(TM) SE Runtime Environment (14.0+36) (build 14+36-1461)
# Java VM: Java HotSpot(TM) 64-Bit Server VM (14+36-1461, mixed mode, sharing, tiered, compressed oops, g1 gc, windows-amd64)
# No core dump will be written. Minidumps are not enabled by default on client versions of Windows
#

---------------  S U M M A R Y ------------

Command Line: todoapplication.TodoApplication

Host: AMD Ryzen 5 2500U with Radeon Vega Mobile Gfx  , 8 cores, 6G,  Windows 10 , 64 bit Build 19041 (10.0.19041.662)
Time: Wed Jan 27 03:27:21 2021 FLE Standard Time elapsed time: 7 seconds (0d 0h 0m 7s)

---------------  T H R E A D  ---------------

Current thread (0x0000021f7bcfe800):  JavaThread "C2 CompilerThread0" daemon [_thread_in_native, id=12380, stack(0x0000009f71300000,0x0000009f71400000)]


Current CompileTask:
C2:   7324 4992   !   4       org.springframework.util.ReflectionUtils::doWithMethods (176 bytes)

Stack: [0x0000009f71300000,0x0000009f71400000]
Native frames: (J=compiled Java code, j=interpreted, Vv=VM code, C=native code)
V  [jvm.dll+0x5f83ea]
V  [jvm.dll+0x741e2a]
V  [jvm.dll+0x7435df]
V  [jvm.dll+0x743c23]
V  [jvm.dll+0x20d268]
V  [jvm.dll+0xabb07]
V  [jvm.dll+0xac1fc]
V  [jvm.dll+0x276d94]
V  [jvm.dll+0x50ca2a]
V  [jvm.dll+0x1ee1ba]
V  [jvm.dll+0x1e7cdb]
V  [jvm.dll+0x1e4f78]
V  [jvm.dll+0x1779cc]
V  [jvm.dll+0x1f40e5]
V  [jvm.dll+0x1f22cb]
V  [jvm.dll+0x706a7d]
V  [jvm.dll+0x6ff89a]
V  [jvm.dll+0x5f72a6]
C  [ucrtbase.dll+0x214c2]
C  [KERNEL32.DLL+0x17034]
C  [ntdll.dll+0x4d0d1]


---------------  P R O C E S S  ---------------

Threads class SMR info:
_java_thread_list=0x0000021f7faa3650, length=22, elements={
0x0000021f5d5de800, 0x0000021f7bcdf000, 0x0000021f7bce0800, 0x0000021f7bcf6000,
0x0000021f7bcf9000, 0x0000021f7bcfc000, 0x0000021f7bcfe800, 0x0000021f7bd03000,
0x0000021f7c610800, 0x0000021f7c73c000, 0x0000021f7c745800, 0x0000021f7d20c000,
0x0000021f7d1f5000, 0x0000021f7d3dd000, 0x0000021f7d6b4000, 0x0000021f7e02d800,
0x0000021f016e1000, 0x0000021f7d60b000, 0x0000021f7d855000, 0x0000021f00d22000,
0x0000021f0245b800, 0x0000021f0245c000
}

Java Threads: ( => current thread )
  0x0000021f5d5de800 JavaThread "main" [_thread_blocked, id=2844, stack(0x0000009f70700000,0x0000009f70800000)]
  0x0000021f7bcdf000 JavaThread "Reference Handler" daemon [_thread_blocked, id=7304, stack(0x0000009f70e00000,0x0000009f70f00000)]
  0x0000021f7bce0800 JavaThread "Finalizer" daemon [_thread_blocked, id=14372, stack(0x0000009f70f00000,0x0000009f71000000)]
  0x0000021f7bcf6000 JavaThread "Signal Dispatcher" daemon [_thread_blocked, id=12212, stack(0x0000009f71000000,0x0000009f71100000)]
  0x0000021f7bcf9000 JavaThread "Attach Listener" daemon [_thread_blocked, id=8396, stack(0x0000009f71100000,0x0000009f71200000)]
  0x0000021f7bcfc000 JavaThread "Service Thread" daemon [_thread_blocked, id=13900, stack(0x0000009f71200000,0x0000009f71300000)]
=>0x0000021f7bcfe800 JavaThread "C2 CompilerThread0" daemon [_thread_in_native, id=12380, stack(0x0000009f71300000,0x0000009f71400000)]
  0x0000021f7bd03000 JavaThread "C1 CompilerThread0" daemon [_thread_blocked, id=13404, stack(0x0000009f71400000,0x0000009f71500000)]
  0x0000021f7c610800 JavaThread "Sweeper thread" daemon [_thread_blocked, id=7764, stack(0x0000009f71500000,0x0000009f71600000)]
  0x0000021f7c73c000 JavaThread "Notification Thread" daemon [_thread_blocked, id=14296, stack(0x0000009f71600000,0x0000009f71700000)]
  0x0000021f7c745800 JavaThread "Common-Cleaner" daemon [_thread_blocked, id=13684, stack(0x0000009f71800000,0x0000009f71900000)]
  0x0000021f7d20c000 JavaThread "C2 CompilerThread1" daemon [_thread_in_native, id=15188, stack(0x0000009f71900000,0x0000009f71a00000)]
  0x0000021f7d1f5000 JavaThread "Thread-0" [_thread_blocked, id=8156, stack(0x0000009f71b00000,0x0000009f71c00000)]
  0x0000021f7d3dd000 JavaThread "restartedMain" [_thread_in_vm, id=14768, stack(0x0000009f71c00000,0x0000009f71d00000)]
  0x0000021f7d6b4000 JavaThread "Catalina-utility-1" [_thread_blocked, id=12080, stack(0x0000009f72500000,0x0000009f72600000)]
  0x0000021f7e02d800 JavaThread "Catalina-utility-2" [_thread_blocked, id=7752, stack(0x0000009f72600000,0x0000009f72700000)]
  0x0000021f016e1000 JavaThread "container-0" [_thread_blocked, id=15736, stack(0x0000009f72700000,0x0000009f72800000)]
  0x0000021f7d60b000 JavaThread "MVStore background writer nio:C:/Users/tuppu/Documents/NetBeansProjects/mooc-wepa-itseopiskelu/osa02-Osa02_12.TodoApplication/database.mv.db" daemon [_thread_blocked, id=8764, stack(0x0000009f72900000,0x0000009f72a00000)]
  0x0000021f7d855000 JavaThread "HikariPool-1 housekeeper" daemon [_thread_blocked, id=14452, stack(0x0000009f72800000,0x0000009f72900000)]
  0x0000021f00d22000 JavaThread "HikariPool-1 connection adder" daemon [_thread_blocked, id=15940, stack(0x0000009f72a00000,0x0000009f72b00000)]
  0x0000021f0245b800 JavaThread "Live Reload Server" daemon [_thread_in_native, id=5416, stack(0x0000009f72400000,0x0000009f72500000)]
  0x0000021f0245c000 JavaThread "C2 CompilerThread2" daemon [_thread_in_native, id=1984, stack(0x0000009f72b00000,0x0000009f72c00000)]

Other Threads:
  0x0000021f7bcdc800 VMThread "VM Thread" [stack: 0x0000009f70d00000,0x0000009f70e00000] [id=11756]
  0x0000021f7c73d800 WatcherThread [stack: 0x0000009f71700000,0x0000009f71800000] [id=14136]
  0x0000021f5d61d800 GCTaskThread "GC Thread#0" [stack: 0x0000009f70800000,0x0000009f70900000] [id=12552]
  0x0000021f7d48d800 GCTaskThread "GC Thread#1" [stack: 0x0000009f71a00000,0x0000009f71b00000] [id=12084]
  0x0000021f7d75f800 GCTaskThread "GC Thread#2" [stack: 0x0000009f71e00000,0x0000009f71f00000] [id=32]
  0x0000021f7d760000 GCTaskThread "GC Thread#3" [stack: 0x0000009f71f00000,0x0000009f72000000] [id=1508]
  0x0000021f7d760800 GCTaskThread "GC Thread#4" [stack: 0x0000009f72000000,0x0000009f72100000] [id=7808]
  0x0000021f7d761800 GCTaskThread "GC Thread#5" [stack: 0x0000009f72100000,0x0000009f72200000] [id=10864]
  0x0000021f7d762000 GCTaskThread "GC Thread#6" [stack: 0x0000009f72200000,0x0000009f72300000] [id=9764]
  0x0000021f7d763000 GCTaskThread "GC Thread#7" [stack: 0x0000009f72300000,0x0000009f72400000] [id=12936]
  0x0000021f5d62d000 ConcurrentGCThread "G1 Main Marker" [stack: 0x0000009f70900000,0x0000009f70a00000] [id=9156]
  0x0000021f5d62e800 ConcurrentGCThread "G1 Conc#0" [stack: 0x0000009f70a00000,0x0000009f70b00000] [id=8316]
  0x0000021f7d764000 ConcurrentGCThread "G1 Conc#1" [stack: 0x0000009f71d00000,0x0000009f71e00000] [id=15788]
  0x0000021f7bb3b800 ConcurrentGCThread "G1 Refine#0" [stack: 0x0000009f70b00000,0x0000009f70c00000] [id=4720]
  0x0000021f7bb3c800 ConcurrentGCThread "G1 Young RemSet Sampling" [stack: 0x0000009f70c00000,0x0000009f70d00000] [id=5564]

Threads with active compile tasks:
C2 CompilerThread0     7344 4992   !   4       org.springframework.util.ReflectionUtils::doWithMethods (176 bytes)
C2 CompilerThread1     7344 5075       4       org.springframework.core.BridgeMethodResolver::findBridgedMethod (106 bytes)
C2 CompilerThread2     7344 4851   !   4       org.springframework.core.annotation.AnnotatedElementUtils::searchWithFindSemantics (774 bytes)

VM state:not at safepoint (normal execution)

VM Mutex/Monitor currently owned by a thread: None

Heap address: 0x0000000091800000, size: 1768 MB, Compressed Oops mode: 32-bit
Narrow klass base: 0x0000000800000000, Narrow klass shift: 3
Compressed class space size: 1073741824 Address: 0x0000000800b30000

Heap:
 garbage-first heap   total 70656K, used 53345K [0x0000000091800000, 0x0000000100000000)
  region size 1024K, 26 young (26624K), 4 survivors (4096K)
 Metaspace       used 55825K, capacity 57118K, committed 57392K, reserved 1099776K
  class space    used 7465K, capacity 7982K, committed 8064K, reserved 1048576K
Heap Regions: E=young(eden), S=young(survivor), O=old, HS=humongous(starts), HC=humongous(continues), CS=collection set, F=free, OA=open archive, CA=closed archive, TAMS=top-at-mark-start (previous, next)
|   0|0x0000000091800000, 0x0000000091900000, 0x0000000091900000|100%|HS|  |TAMS 0x0000000091900000, 0x0000000091800000| Complete 
|   1|0x0000000091900000, 0x0000000091a00000, 0x0000000091a00000|100%| O|  |TAMS 0x0000000091a00000, 0x0000000091900000| Untracked 
|   2|0x0000000091a00000, 0x0000000091b00000, 0x0000000091b00000|100%| O|  |TAMS 0x0000000091b00000, 0x0000000091a00000| Untracked 
|   3|0x0000000091b00000, 0x0000000091c00000, 0x0000000091c00000|100%| O|  |TAMS 0x0000000091c00000, 0x0000000091b00000| Untracked 
|   4|0x0000000091c00000, 0x0000000091d00000, 0x0000000091d00000|100%| O|  |TAMS 0x0000000091d00000, 0x0000000091c00000| Untracked 
|   5|0x0000000091d00000, 0x0000000091e00000, 0x0000000091e00000|100%| O|  |TAMS 0x0000000091e00000, 0x0000000091d00000| Untracked 
|   6|0x0000000091e00000, 0x0000000091f00000, 0x0000000091f00000|100%| O|  |TAMS 0x0000000091f00000, 0x0000000091e00000| Untracked 
|   7|0x0000000091f00000, 0x0000000092000000, 0x0000000092000000|100%| O|  |TAMS 0x0000000092000000, 0x0000000091f00000| Untracked 
|   8|0x0000000092000000, 0x0000000092100000, 0x0000000092100000|100%| O|  |TAMS 0x0000000092100000, 0x0000000092000000| Untracked 
|   9|0x0000000092100000, 0x00000000921e0000, 0x0000000092200000| 87%| O|  |TAMS 0x00000000921e0000, 0x0000000092100000| Untracked 
|  10|0x0000000092200000, 0x0000000092300000, 0x0000000092300000|100%| O|  |TAMS 0x0000000092300000, 0x0000000092200000| Untracked 
|  11|0x0000000092300000, 0x0000000092400000, 0x0000000092400000|100%| O|  |TAMS 0x0000000092400000, 0x0000000092300000| Untracked 
|  12|0x0000000092400000, 0x0000000092500000, 0x0000000092500000|100%| O|  |TAMS 0x0000000092500000, 0x0000000092400000| Untracked 
|  13|0x0000000092500000, 0x0000000092600000, 0x0000000092600000|100%| O|  |TAMS 0x0000000092600000, 0x0000000092500000| Untracked 
|  14|0x0000000092600000, 0x0000000092700000, 0x0000000092700000|100%| O|  |TAMS 0x0000000092700000, 0x0000000092600000| Untracked 
|  15|0x0000000092700000, 0x0000000092800000, 0x0000000092800000|100%| O|  |TAMS 0x0000000092800000, 0x0000000092700000| Untracked 
|  16|0x0000000092800000, 0x0000000092900000, 0x0000000092900000|100%| O|  |TAMS 0x0000000092900000, 0x0000000092800000| Untracked 
|  17|0x0000000092900000, 0x0000000092a00000, 0x0000000092a00000|100%| O|  |TAMS 0x0000000092a00000, 0x0000000092900000| Untracked 
|  18|0x0000000092a00000, 0x0000000092b00000, 0x0000000092b00000|100%| O|  |TAMS 0x0000000092b00000, 0x0000000092a00000| Untracked 
|  19|0x0000000092b00000, 0x0000000092c00000, 0x0000000092c00000|100%| O|  |TAMS 0x0000000092c00000, 0x0000000092b00000| Untracked 
|  20|0x0000000092c00000, 0x0000000092d00000, 0x0000000092d00000|100%| O|  |TAMS 0x0000000092d00000, 0x0000000092c00000| Untracked 
|  21|0x0000000092d00000, 0x0000000092e00000, 0x0000000092e00000|100%| O|  |TAMS 0x0000000092e00000, 0x0000000092d00000| Untracked 
|  22|0x0000000092e00000, 0x0000000092f00000, 0x0000000092f00000|100%|HS|  |TAMS 0x0000000092f00000, 0x0000000092e00000| Complete 
|  23|0x0000000092f00000, 0x0000000093000000, 0x0000000093000000|100%|HC|  |TAMS 0x0000000093000000, 0x0000000092f00000| Complete 
|  24|0x0000000093000000, 0x0000000093100000, 0x0000000093100000|100%| O|  |TAMS 0x0000000093100000, 0x0000000093000000| Untracked 
|  25|0x0000000093100000, 0x0000000093200000, 0x0000000093200000|100%| O|  |TAMS 0x000000009316a400, 0x0000000093100000| Untracked 
|  26|0x0000000093200000, 0x0000000093300000, 0x0000000093300000|100%| O|  |TAMS 0x0000000093200000, 0x0000000093200000| Untracked 
|  27|0x0000000093300000, 0x0000000093378600, 0x0000000093400000| 47%| O|  |TAMS 0x0000000093300000, 0x0000000093300000| Untracked 
|  28|0x0000000093400000, 0x0000000093400000, 0x0000000093500000|  0%| F|  |TAMS 0x0000000093400000, 0x0000000093400000| Untracked 
|  29|0x0000000093500000, 0x0000000093500000, 0x0000000093600000|  0%| F|  |TAMS 0x0000000093500000, 0x0000000093500000| Untracked 
|  30|0x0000000093600000, 0x0000000093600000, 0x0000000093700000|  0%| F|  |TAMS 0x0000000093600000, 0x0000000093600000| Untracked 
|  31|0x0000000093700000, 0x0000000093700000, 0x0000000093800000|  0%| F|  |TAMS 0x0000000093700000, 0x0000000093700000| Untracked 
|  32|0x0000000093800000, 0x0000000093800000, 0x0000000093900000|  0%| F|  |TAMS 0x0000000093800000, 0x0000000093800000| Untracked 
|  33|0x0000000093900000, 0x0000000093900000, 0x0000000093a00000|  0%| F|  |TAMS 0x0000000093900000, 0x0000000093900000| Untracked 
|  34|0x0000000093a00000, 0x0000000093ac0030, 0x0000000093b00000| 75%| S|CS|TAMS 0x0000000093a00000, 0x0000000093a00000| Complete 
|  35|0x0000000093b00000, 0x0000000093b00000, 0x0000000093c00000|  0%| F|  |TAMS 0x0000000093b00000, 0x0000000093b00000| Untracked 
|  36|0x0000000093c00000, 0x0000000093c00000, 0x0000000093d00000|  0%| F|  |TAMS 0x0000000093c00000, 0x0000000093c00000| Untracked 
|  37|0x0000000093d00000, 0x0000000093e00000, 0x0000000093e00000|100%| S|CS|TAMS 0x0000000093d00000, 0x0000000093d00000| Complete 
|  38|0x0000000093e00000, 0x0000000093e00000, 0x0000000093f00000|  0%| F|  |TAMS 0x0000000093e00000, 0x0000000093e00000| Untracked 
|  39|0x0000000093f00000, 0x0000000093f00000, 0x0000000094000000|  0%| F|  |TAMS 0x0000000093f00000, 0x0000000093f00000| Untracked 
|  40|0x0000000094000000, 0x0000000094100000, 0x0000000094100000|100%| S|CS|TAMS 0x0000000094000000, 0x0000000094000000| Complete 
|  41|0x0000000094100000, 0x0000000094200000, 0x0000000094200000|100%| S|CS|TAMS 0x0000000094100000, 0x0000000094100000| Complete 
|  42|0x0000000094200000, 0x0000000094200000, 0x0000000094300000|  0%| F|  |TAMS 0x0000000094200000, 0x0000000094200000| Untracked 
|  43|0x0000000094300000, 0x0000000094300000, 0x0000000094400000|  0%| F|  |TAMS 0x0000000094300000, 0x0000000094300000| Untracked 
|  44|0x0000000094400000, 0x0000000094400000, 0x0000000094500000|  0%| F|  |TAMS 0x0000000094400000, 0x0000000094400000| Untracked 
|  45|0x0000000094500000, 0x0000000094500000, 0x0000000094600000|  0%| F|  |TAMS 0x0000000094500000, 0x0000000094500000| Untracked 
|  46|0x0000000094600000, 0x0000000094600000, 0x0000000094700000|  0%| F|  |TAMS 0x0000000094600000, 0x0000000094600000| Untracked 
|  47|0x0000000094700000, 0x0000000094800000, 0x0000000094800000|100%| E|  |TAMS 0x0000000094700000, 0x0000000094700000| Complete 
|  48|0x0000000094800000, 0x0000000094900000, 0x0000000094900000|100%| E|CS|TAMS 0x0000000094800000, 0x0000000094800000| Complete 
|  49|0x0000000094900000, 0x0000000094a00000, 0x0000000094a00000|100%| E|CS|TAMS 0x0000000094900000, 0x0000000094900000| Complete 
|  50|0x0000000094a00000, 0x0000000094b00000, 0x0000000094b00000|100%| E|CS|TAMS 0x0000000094a00000, 0x0000000094a00000| Complete 
|  51|0x0000000094b00000, 0x0000000094c00000, 0x0000000094c00000|100%| E|CS|TAMS 0x0000000094b00000, 0x0000000094b00000| Complete 
|  52|0x0000000094c00000, 0x0000000094d00000, 0x0000000094d00000|100%| E|CS|TAMS 0x0000000094c00000, 0x0000000094c00000| Complete 
|  53|0x0000000094d00000, 0x0000000094e00000, 0x0000000094e00000|100%| E|CS|TAMS 0x0000000094d00000, 0x0000000094d00000| Complete 
|  54|0x0000000094e00000, 0x0000000094f00000, 0x0000000094f00000|100%| E|CS|TAMS 0x0000000094e00000, 0x0000000094e00000| Complete 
|  55|0x0000000094f00000, 0x0000000095000000, 0x0000000095000000|100%| E|CS|TAMS 0x0000000094f00000, 0x0000000094f00000| Complete 
|  56|0x0000000095000000, 0x0000000095100000, 0x0000000095100000|100%| E|CS|TAMS 0x0000000095000000, 0x0000000095000000| Complete 
|  57|0x0000000095100000, 0x0000000095200000, 0x0000000095200000|100%| E|CS|TAMS 0x0000000095100000, 0x0000000095100000| Complete 
|  58|0x0000000095200000, 0x0000000095300000, 0x0000000095300000|100%| E|CS|TAMS 0x0000000095200000, 0x0000000095200000| Complete 
|  59|0x0000000095300000, 0x0000000095400000, 0x0000000095400000|100%| E|CS|TAMS 0x0000000095300000, 0x0000000095300000| Complete 
|  60|0x0000000095400000, 0x0000000095500000, 0x0000000095500000|100%| E|CS|TAMS 0x0000000095400000, 0x0000000095400000| Complete 
|  61|0x0000000095500000, 0x0000000095600000, 0x0000000095600000|100%| E|CS|TAMS 0x0000000095500000, 0x0000000095500000| Complete 
|  62|0x0000000095600000, 0x0000000095700000, 0x0000000095700000|100%| E|CS|TAMS 0x0000000095600000, 0x0000000095600000| Complete 
|  63|0x0000000095700000, 0x0000000095800000, 0x0000000095800000|100%| E|CS|TAMS 0x0000000095700000, 0x0000000095700000| Complete 
|  64|0x0000000095800000, 0x0000000095900000, 0x0000000095900000|100%| E|CS|TAMS 0x0000000095800000, 0x0000000095800000| Complete 
|  97|0x0000000097900000, 0x0000000097a00000, 0x0000000097a00000|100%| E|CS|TAMS 0x0000000097900000, 0x0000000097900000| Complete 
|  98|0x0000000097a00000, 0x0000000097b00000, 0x0000000097b00000|100%| E|CS|TAMS 0x0000000097a00000, 0x0000000097a00000| Complete 
|  99|0x0000000097b00000, 0x0000000097c00000, 0x0000000097c00000|100%| E|CS|TAMS 0x0000000097b00000, 0x0000000097b00000| Complete 
| 134|0x0000000099e00000, 0x0000000099f00000, 0x0000000099f00000|100%| E|CS|TAMS 0x0000000099e00000, 0x0000000099e00000| Complete 

Card table byte_map: [0x0000021f75440000,0x0000021f757c0000] _byte_map_base: 0x0000021f74fb4000

Marking Bits (Prev, Next): (CMBitMap*) 0x0000021f5d61e2f8, (CMBitMap*) 0x0000021f5d61e338
 Prev Bits: [0x0000021f75b40000, 0x0000021f776e0000)
 Next Bits: [0x0000021f776e0000, 0x0000021f79280000)

Polling page: 0x0000021f5b740000

Metaspace:

Usage:
  Non-class:     47.99 MB capacity,    47.24 MB ( 98%) used,   607.40 KB (  1%) free+waste,   154.94 KB ( <1%) overhead. 
      Class:      7.80 MB capacity,     7.29 MB ( 94%) used,   443.15 KB (  6%) free+waste,    72.94 KB ( <1%) overhead. 
       Both:     55.78 MB capacity,    54.53 MB ( 98%) used,     1.03 MB (  2%) free+waste,   227.88 KB ( <1%) overhead. 

Virtual space:
  Non-class space:       50.00 MB reserved,      48.17 MB ( 96%) committed 
      Class space:        1.00 GB reserved,       7.88 MB ( <1%) committed 
             Both:        1.05 GB reserved,      56.05 MB (  5%) committed 

Chunk freelists:
   Non-Class:  0 bytes
       Class:  17.00 KB
        Both:  17.00 KB

MaxMetaspaceSize: 17179869184.00 GB
CompressedClassSpaceSize: 1.00 GB

CodeHeap 'non-profiled nmethods': size=120000Kb used=3312Kb max_used=3312Kb free=116687Kb
 bounds [0x0000021f6d850000, 0x0000021f6db90000, 0x0000021f74d80000]
CodeHeap 'profiled nmethods': size=120000Kb used=10410Kb max_used=10410Kb free=109589Kb
 bounds [0x0000021f66320000, 0x0000021f66d50000, 0x0000021f6d850000]
CodeHeap 'non-nmethods': size=5760Kb used=1372Kb max_used=1422Kb free=4387Kb
 bounds [0x0000021f65d80000, 0x0000021f65ff0000, 0x0000021f66320000]
 total_blobs=7393 nmethods=4406 adapters=516
 compilation: enabled
              stopped_count=0, restarted_count=0
 full_count=0

Compilation events (20 events):
Event: 7.317 Thread 0x0000021f7bd03000 nmethod 5096 0x0000021f66997e10 code [0x0000021f66998020, 0x0000021f66998718]
Event: 7.318 Thread 0x0000021f7bd03000 5097       3       org.springframework.boot.web.servlet.context.WebApplicationContextServletContextAwareProcessor::getServletConfig (23 bytes)
Event: 7.318 Thread 0x0000021f7bd03000 nmethod 5097 0x0000021f66997710 code [0x0000021f669978c0, 0x0000021f66997b28]
Event: 7.318 Thread 0x0000021f7bd03000 5098       3       org.springframework.aop.framework.AbstractAdvisingBeanPostProcessor::postProcessAfterInitialization (137 bytes)
Event: 7.319 Thread 0x0000021f7bd03000 nmethod 5098 0x0000021f66d3c110 code [0x0000021f66d3c420, 0x0000021f66d3de38]
Event: 7.319 Thread 0x0000021f7bd03000 5102       3       org.springframework.aop.framework.autoproxy.AbstractBeanFactoryAwareAdvisingPostProcessor::isEligible (26 bytes)
Event: 7.319 Thread 0x0000021f7bd03000 nmethod 5102 0x0000021f66d3e390 code [0x0000021f66d3e560, 0x0000021f66d3e8f8]
Event: 7.319 Thread 0x0000021f7bd03000 5103       3       org.springframework.aop.framework.AbstractAdvisingBeanPostProcessor::isEligible (9 bytes)
Event: 7.319 Thread 0x0000021f7bd03000 nmethod 5103 0x0000021f66d3ea10 code [0x0000021f66d3ebc0, 0x0000021f66d3ede8]
Event: 7.319 Thread 0x0000021f7bd03000 5099       3       org.springframework.beans.factory.annotation.InitDestroyAnnotationBeanPostProcessor$$Lambda$345/0x0000000800ea0440::get$Lambda (12 bytes)
Event: 7.319 Thread 0x0000021f7d20c000 nmethod 4974 0x0000021f6db87010 code [0x0000021f6db873e0, 0x0000021f6db88c90]
Event: 7.320 Thread 0x0000021f7d20c000 5075       4       org.springframework.core.BridgeMethodResolver::findBridgedMethod (106 bytes)
Event: 7.320 Thread 0x0000021f7bd03000 nmethod 5099 0x0000021f66d3ef10 code [0x0000021f66d3f0c0, 0x0000021f66d3f438]
Event: 7.320 Thread 0x0000021f7bd03000 5100       3       org.springframework.beans.factory.annotation.InitDestroyAnnotationBeanPostProcessor$$Lambda$345/0x0000000800ea0440::<init> (26 bytes)
Event: 7.320 Thread 0x0000021f7bd03000 nmethod 5100 0x0000021f66d3f590 code [0x0000021f66d3f740, 0x0000021f66d3fa38]
Event: 7.320 Thread 0x0000021f7bd03000 5107       3       org.springframework.beans.factory.support.DisposableBeanAdapter::hasApplicableProcessors (64 bytes)
Event: 7.320 Thread 0x0000021f7bd03000 nmethod 5107 0x0000021f66d3fb10 code [0x0000021f66d3fd40, 0x0000021f66d40828]
Event: 7.320 Thread 0x0000021f7bd03000 5104       3       org.springframework.aop.framework.autoproxy.AbstractAutoProxyCreator::getCacheKey (42 bytes)
Event: 7.321 Thread 0x0000021f7bd03000 nmethod 5104 0x0000021f66d40a90 code [0x0000021f66d40d00, 0x0000021f66d41738]
Event: 7.321 Thread 0x0000021f7bd03000 5106       3       org.springframework.aop.support.annotation.AnnotationClassFilter::matches (27 bytes)

GC Heap History (20 events):
Event: 3.772 GC heap before
{Heap before GC invocations=11 (full 0):
 garbage-first heap   total 58368K, used 42530K [0x0000000091800000, 0x0000000100000000)
  region size 1024K, 22 young (22528K), 1 survivors (1024K)
 Metaspace       used 30520K, capacity 31413K, committed 31664K, reserved 1077248K
  class space    used 3901K, capacity 4225K, committed 4352K, reserved 1048576K
}
Event: 3.773 GC heap after
{Heap after GC invocations=12 (full 0):
 garbage-first heap   total 58368K, used 22205K [0x0000000091800000, 0x0000000100000000)
  region size 1024K, 1 young (1024K), 1 survivors (1024K)
 Metaspace       used 30520K, capacity 31413K, committed 31664K, reserved 1077248K
  class space    used 3901K, capacity 4225K, committed 4352K, reserved 1048576K
}
Event: 3.885 GC heap before
{Heap before GC invocations=12 (full 0):
 garbage-first heap   total 58368K, used 43709K [0x0000000091800000, 0x0000000100000000)
  region size 1024K, 23 young (23552K), 1 survivors (1024K)
 Metaspace       used 31311K, capacity 32298K, committed 32432K, reserved 1077248K
  class space    used 3974K, capacity 4326K, committed 4352K, reserved 1048576K
}
Event: 3.886 GC heap after
{Heap after GC invocations=13 (full 0):
 garbage-first heap   total 58368K, used 22916K [0x0000000091800000, 0x0000000100000000)
  region size 1024K, 1 young (1024K), 1 survivors (1024K)
 Metaspace       used 31311K, capacity 32298K, committed 32432K, reserved 1077248K
  class space    used 3974K, capacity 4326K, committed 4352K, reserved 1048576K
}
Event: 3.943 GC heap before
{Heap before GC invocations=13 (full 0):
 garbage-first heap   total 58368K, used 45444K [0x0000000091800000, 0x0000000100000000)
  region size 1024K, 24 young (24576K), 1 survivors (1024K)
 Metaspace       used 31528K, capacity 32432K, committed 32688K, reserved 1077248K
  class space    used 3994K, capacity 4328K, committed 4352K, reserved 1048576K
}
Event: 3.944 GC heap after
{Heap after GC invocations=14 (full 0):
 garbage-first heap   total 58368K, used 22940K [0x0000000091800000, 0x0000000100000000)
  region size 1024K, 2 young (2048K), 2 survivors (2048K)
 Metaspace       used 31528K, capacity 32432K, committed 32688K, reserved 1077248K
  class space    used 3994K, capacity 4328K, committed 4352K, reserved 1048576K
}
Event: 4.400 GC heap before
{Heap before GC invocations=14 (full 0):
 garbage-first heap   total 58368K, used 41372K [0x0000000091800000, 0x0000000100000000)
  region size 1024K, 22 young (22528K), 2 survivors (2048K)
 Metaspace       used 34806K, capacity 35780K, committed 35888K, reserved 1081344K
  class space    used 4337K, capacity 4675K, committed 4736K, reserved 1048576K
}
Event: 4.403 GC heap after
{Heap after GC invocations=15 (full 0):
 garbage-first heap   total 58368K, used 23927K [0x0000000091800000, 0x0000000100000000)
  region size 1024K, 2 young (2048K), 2 survivors (2048K)
 Metaspace       used 34806K, capacity 35780K, committed 35888K, reserved 1081344K
  class space    used 4337K, capacity 4675K, committed 4736K, reserved 1048576K
}
Event: 4.883 GC heap before
{Heap before GC invocations=16 (full 0):
 garbage-first heap   total 58368K, used 46455K [0x0000000091800000, 0x0000000100000000)
  region size 1024K, 25 young (25600K), 2 survivors (2048K)
 Metaspace       used 38980K, capacity 39939K, committed 40112K, reserved 1083392K
  class space    used 4945K, capacity 5293K, committed 5376K, reserved 1048576K
}
Event: 4.887 GC heap after
{Heap after GC invocations=17 (full 0):
 garbage-first heap   total 58368K, used 24685K [0x0000000091800000, 0x0000000100000000)
  region size 1024K, 3 young (3072K), 3 survivors (3072K)
 Metaspace       used 38980K, capacity 39939K, committed 40112K, reserved 1083392K
  class space    used 4945K, capacity 5293K, committed 5376K, reserved 1048576K
}
Event: 5.303 GC heap before
{Heap before GC invocations=18 (full 0):
 garbage-first heap   total 58368K, used 49261K [0x0000000091800000, 0x0000000100000000)
  region size 1024K, 25 young (25600K), 3 survivors (3072K)
 Metaspace       used 42169K, capacity 43168K, committed 43184K, reserved 1087488K
  class space    used 5512K, capacity 5878K, committed 5888K, reserved 1048576K
}
Event: 5.308 GC heap after
{Heap after GC invocations=19 (full 0):
 garbage-first heap   total 58368K, used 27500K [0x0000000091800000, 0x0000000100000000)
  region size 1024K, 3 young (3072K), 3 survivors (3072K)
 Metaspace       used 42169K, capacity 43168K, committed 43184K, reserved 1087488K
  class space    used 5512K, capacity 5878K, committed 5888K, reserved 1048576K
}
Event: 5.650 GC heap before
{Heap before GC invocations=19 (full 0):
 garbage-first heap   total 58368K, used 47980K [0x0000000091800000, 0x0000000100000000)
  region size 1024K, 23 young (23552K), 3 survivors (3072K)
 Metaspace       used 45287K, capacity 46343K, committed 46512K, reserved 1089536K
  class space    used 5900K, capacity 6296K, committed 6400K, reserved 1048576K
}
Event: 5.653 GC heap after
{Heap after GC invocations=20 (full 0):
 garbage-first heap   total 58368K, used 28002K [0x0000000091800000, 0x0000000100000000)
  region size 1024K, 3 young (3072K), 3 survivors (3072K)
 Metaspace       used 45287K, capacity 46343K, committed 46512K, reserved 1089536K
  class space    used 5900K, capacity 6296K, committed 6400K, reserved 1048576K
}
Event: 5.949 GC heap before
{Heap before GC invocations=20 (full 0):
 garbage-first heap   total 58368K, used 47458K [0x0000000091800000, 0x0000000100000000)
  region size 1024K, 22 young (22528K), 3 survivors (3072K)
 Metaspace       used 48305K, capacity 49380K, committed 49584K, reserved 1091584K
  class space    used 6422K, capacity 6833K, committed 6912K, reserved 1048576K
}
Event: 5.954 GC heap after
{Heap after GC invocations=21 (full 0):
 garbage-first heap   total 70656K, used 28717K [0x0000000091800000, 0x0000000100000000)
  region size 1024K, 2 young (2048K), 2 survivors (2048K)
 Metaspace       used 48305K, capacity 49380K, committed 49584K, reserved 1091584K
  class space    used 6422K, capacity 6833K, committed 6912K, reserved 1048576K
}
Event: 6.478 GC heap before
{Heap before GC invocations=22 (full 0):
 garbage-first heap   total 70656K, used 58413K [0x0000000091800000, 0x0000000100000000)
  region size 1024K, 31 young (31744K), 2 survivors (2048K)
 Metaspace       used 52046K, capacity 53183K, committed 53424K, reserved 1095680K
  class space    used 6922K, capacity 7378K, committed 7424K, reserved 1048576K
}
Event: 6.482 GC heap after
{Heap after GC invocations=23 (full 0):
 garbage-first heap   total 70656K, used 29976K [0x0000000091800000, 0x0000000100000000)
  region size 1024K, 4 young (4096K), 4 survivors (4096K)
 Metaspace       used 52046K, capacity 53183K, committed 53424K, reserved 1095680K
  class space    used 6922K, capacity 7378K, committed 7424K, reserved 1048576K
}
Event: 6.951 GC heap before
{Heap before GC invocations=23 (full 0):
 garbage-first heap   total 70656K, used 57624K [0x0000000091800000, 0x0000000100000000)
  region size 1024K, 31 young (31744K), 4 survivors (4096K)
 Metaspace       used 54249K, capacity 55514K, committed 55600K, reserved 1097728K
  class space    used 7247K, capacity 7752K, committed 7808K, reserved 1048576K
}
Event: 6.956 GC heap after
{Heap after GC invocations=24 (full 0):
 garbage-first heap   total 70656K, used 31841K [0x0000000091800000, 0x0000000100000000)
  region size 1024K, 4 young (4096K), 4 survivors (4096K)
 Metaspace       used 54249K, capacity 55514K, committed 55600K, reserved 1097728K
  class space    used 7247K, capacity 7752K, committed 7808K, reserved 1048576K
}

Deoptimization events (20 events):
Event: 6.875 Thread 0x0000021f7d3dd000 DEOPT PACKING pc=0x0000021f6db1ed78 sp=0x0000009f71cf8710
Event: 6.875 Thread 0x0000021f7d3dd000 DEOPT UNPACKING pc=0x0000021f65dc912f sp=0x0000009f71cf86a8 mode 2
Event: 6.875 Thread 0x0000021f7d3dd000 Uncommon trap: trap_request=0xffffffde fr.pc=0x0000021f6db1ed78 relative=0x0000000000000278
Event: 6.875 Thread 0x0000021f7d3dd000 Uncommon trap: reason=class_check action=maybe_recompile pc=0x0000021f6db1ed78 method=sun.reflect.generics.reflectiveObjects.TypeVariableImpl.hashCode()I @ 4 c2
Event: 6.875 Thread 0x0000021f7d3dd000 DEOPT PACKING pc=0x0000021f6db1ed78 sp=0x0000009f71cf8660
Event: 6.875 Thread 0x0000021f7d3dd000 DEOPT UNPACKING pc=0x0000021f65dc912f sp=0x0000009f71cf85f8 mode 2
Event: 6.875 Thread 0x0000021f7d3dd000 Uncommon trap: trap_request=0xffffffde fr.pc=0x0000021f6db1ed78 relative=0x0000000000000278
Event: 6.875 Thread 0x0000021f7d3dd000 Uncommon trap: reason=class_check action=maybe_recompile pc=0x0000021f6db1ed78 method=sun.reflect.generics.reflectiveObjects.TypeVariableImpl.hashCode()I @ 4 c2
Event: 6.875 Thread 0x0000021f7d3dd000 DEOPT PACKING pc=0x0000021f6db1ed78 sp=0x0000009f71cf8830
Event: 6.875 Thread 0x0000021f7d3dd000 DEOPT UNPACKING pc=0x0000021f65dc912f sp=0x0000009f71cf87c8 mode 2
Event: 6.999 Thread 0x0000021f7d3dd000 DEOPT PACKING pc=0x0000021f6696af94 sp=0x0000009f71cfe040
Event: 6.999 Thread 0x0000021f7d3dd000 DEOPT UNPACKING pc=0x0000021f65dc964e sp=0x0000009f71cfd708 mode 0
Event: 7.074 Thread 0x0000021f7d3dd000 DEOPT PACKING pc=0x0000021f6643e52a sp=0x0000009f71cfd4c0
Event: 7.074 Thread 0x0000021f7d3dd000 DEOPT UNPACKING pc=0x0000021f65dc964e sp=0x0000009f71cfca10 mode 0
Event: 7.075 Thread 0x0000021f7d3dd000 DEOPT PACKING pc=0x0000021f6643e52a sp=0x0000009f71cfd4c0
Event: 7.075 Thread 0x0000021f7d3dd000 DEOPT UNPACKING pc=0x0000021f65dc964e sp=0x0000009f71cfca10 mode 0
Event: 7.078 Thread 0x0000021f7d3dd000 Uncommon trap: trap_request=0xffffff45 fr.pc=0x0000021f6db44e70 relative=0x0000000000002130
Event: 7.078 Thread 0x0000021f7d3dd000 Uncommon trap: reason=unstable_if action=reinterpret pc=0x0000021f6db44e70 method=org.springframework.beans.factory.support.AbstractBeanFactory.isTypeMatch(Ljava/lang/String;Lorg/springframework/core/ResolvableType;)Z @ 26 c2
Event: 7.078 Thread 0x0000021f7d3dd000 DEOPT PACKING pc=0x0000021f6db44e70 sp=0x0000009f71cfd5e0
Event: 7.079 Thread 0x0000021f7d3dd000 DEOPT UNPACKING pc=0x0000021f65dc912f sp=0x0000009f71cfd578 mode 2

Classes unloaded (1 events):
Event: 4.425 Thread 0x0000021f7bcdc800 Unloading class 0x0000000800be7440 'org/springframework/core/GenericTypeResolver$$Lambda$83'

Classes redefined (0 events):
No events

Internal exceptions (20 events):
Event: 6.517 Thread 0x0000021f7d3dd000 Exception <a 'java/lang/ClassNotFoundException'{0x0000000097be6aa0}: org/springframework/data/jpa/domain/AbstractPersistableCustomizer> (0x0000000097be6aa0) 
thrown [t:/workspace/open/src/hotspot/share/classfile/systemDictionary.cpp, line 226]
Event: 6.518 Thread 0x0000021f7d3dd000 Exception <a 'java/lang/ClassNotFoundException'{0x0000000097bf9238}: todoapplication/ItemCustomizer> (0x0000000097bf9238) 
thrown [t:/workspace/open/src/hotspot/share/classfile/systemDictionary.cpp, line 226]
Event: 6.519 Thread 0x0000021f7d3dd000 Exception <a 'java/lang/ClassNotFoundException'{0x0000000097a10760}: org/springframework/data/domain/PersistableCustomizer> (0x0000000097a10760) 
thrown [t:/workspace/open/src/hotspot/share/classfile/systemDictionary.cpp, line 226]
Event: 6.539 Thread 0x0000021f7d3dd000 Exception <a 'java/lang/NoSuchMethodError'{0x000000009790b1e0}: 'int java.lang.invoke.DirectMethodHandle$Holder.invokeVirtual(java.lang.Object, java.lang.Object, java.lang.Object)'> (0x000000009790b1e0) 
thrown [t:/workspace/open/src/hotspot/share/interpreter/linkResolver.cpp, line 766]
Event: 6.559 Thread 0x0000021f7d3dd000 Exception <a 'java/lang/NoSuchMethodError'{0x00000000979cb710}: 'java.lang.Object java.lang.invoke.DirectMethodHandle$Holder.invokeSpecialIFC(java.lang.Object, java.lang.Object, java.lang.Object)'> (0x00000000979cb710) 
thrown [t:/workspace/open/src/hotspot/share/interpreter/linkResolver.cpp, line 766]
Event: 6.566 Thread 0x0000021f7d3dd000 Exception <a 'java/lang/IncompatibleClassChangeError'{0x00000000958409f8}: Found class java.lang.Object, but interface was expected> (0x00000000958409f8) 
thrown [t:/workspace/open/src/hotspot/share/interpreter/linkResolver.cpp, line 832]
Event: 6.664 Thread 0x0000021f7d3dd000 Exception <a 'java/lang/NoSuchMethodError'{0x000000009531ca00}: 'java.lang.Object java.lang.invoke.DirectMethodHandle$Holder.invokeInterface(java.lang.Object, java.lang.Object, java.lang.Object, java.lang.Object)'> (0x000000009531ca00) 
thrown [t:/workspace/open/src/hotspot/share/interpreter/linkResolver.cpp, line 766]
Event: 6.724 Thread 0x0000021f7d3dd000 Exception <a 'java/lang/ClassNotFoundException'{0x0000000095041f08}: java/lang/ObjectCustomizer> (0x0000000095041f08) 
thrown [t:/workspace/open/src/hotspot/share/classfile/systemDictionary.cpp, line 226]
Event: 6.726 Thread 0x0000021f7d3dd000 Exception <a 'java/lang/ClassNotFoundException'{0x0000000095059c20}: org/springframework/web/servlet/config/annotation/WebMvcConfigurationSupportCustomizer> (0x0000000095059c20) 
thrown [t:/workspace/open/src/hotspot/share/classfile/systemDictionary.cpp, line 226]
Event: 6.727 Thread 0x0000021f7d3dd000 Exception <a 'java/lang/ClassNotFoundException'{0x0000000095078ff8}: org/springframework/web/servlet/config/annotation/DelegatingWebMvcConfigurationCustomizer> (0x0000000095078ff8) 
thrown [t:/workspace/open/src/hotspot/share/classfile/systemDictionary.cpp, line 226]
Event: 6.730 Thread 0x0000021f7d3dd000 Exception <a 'java/lang/ClassNotFoundException'{0x00000000950952e0}: org/springframework/boot/autoconfigure/web/servlet/WebMvcAutoConfiguration$EnableWebMvcConfigurationCustomizer> (0x00000000950952e0) 
thrown [t:/workspace/open/src/hotspot/share/classfile/systemDictionary.cpp, line 226]
Event: 6.732 Thread 0x0000021f7d3dd000 Exception <a 'java/lang/ClassNotFoundException'{0x00000000950b7990}: org/springframework/boot/autoconfigure/web/servlet/WebMvcAutoConfiguration$EnableWebMvcConfiguration$$EnhancerBySpringCGLIB$$542e5be5Customizer> (0x00000000950b7990) 
thrown [t:/workspace/open/src/hotspot/share/classfile/systemDictionary.cpp, line 226]
Event: 6.735 Thread 0x0000021f7d3dd000 Exception <a 'java/lang/ClassNotFoundException'{0x00000000950e3da0}: org/springframework/context/annotation/ConfigurationClassEnhancer$EnhancedConfigurationCustomizer> (0x00000000950e3da0) 
thrown [t:/workspace/open/src/hotspot/share/classfile/systemDictionary.cpp, line 226]
Event: 6.736 Thread 0x0000021f7d3dd000 Exception <a 'java/lang/ClassNotFoundException'{0x00000000950f4a50}: org/springframework/beans/factory/BeanFactoryAwareCustomizer> (0x00000000950f4a50) 
thrown [t:/workspace/open/src/hotspot/share/classfile/systemDictionary.cpp, line 226]
Event: 6.737 Thread 0x0000021f7d3dd000 Exception <a 'java/lang/ClassNotFoundException'{0x0000000094f050c8}: org/springframework/beans/factory/AwareCustomizer> (0x0000000094f050c8) 
thrown [t:/workspace/open/src/hotspot/share/classfile/systemDictionary.cpp, line 226]
Event: 6.738 Thread 0x0000021f7d3dd000 Exception <a 'java/lang/ClassNotFoundException'{0x0000000094f15e40}: org/springframework/context/ApplicationContextAwareCustomizer> (0x0000000094f15e40) 
thrown [t:/workspace/open/src/hotspot/share/classfile/systemDictionary.cpp, line 226]
Event: 6.739 Thread 0x0000021f7d3dd000 Exception <a 'java/lang/ClassNotFoundException'{0x0000000094f26410}: org/springframework/beans/factory/AwareCustomizer> (0x0000000094f26410) 
thrown [t:/workspace/open/src/hotspot/share/classfile/systemDictionary.cpp, line 226]
Event: 6.739 Thread 0x0000021f7d3dd000 Exception <a 'java/lang/ClassNotFoundException'{0x0000000094f37150}: org/springframework/web/context/ServletContextAwareCustomizer> (0x0000000094f37150) 
thrown [t:/workspace/open/src/hotspot/share/classfile/systemDictionary.cpp, line 226]
Event: 6.740 Thread 0x0000021f7d3dd000 Exception <a 'java/lang/ClassNotFoundException'{0x0000000094f46fa8}: org/springframework/beans/factory/AwareCustomizer> (0x0000000094f46fa8) 
thrown [t:/workspace/open/src/hotspot/share/classfile/systemDictionary.cpp, line 226]
Event: 6.941 Thread 0x0000021f7d3dd000 Exception <a 'java/lang/NoSuchMethodError'{0x0000000094260cb8}: 'void java.lang.invoke.DirectMethodHandle$Holder.invokeVirtual(java.lang.Object, java.lang.Object, int)'> (0x0000000094260cb8) 
thrown [t:/workspace/open/src/hotspot/share/interpreter/linkResolver.cpp, line 766]

Events (20 events):
Event: 7.170 loading class java/lang/ExceptionInInitializerError
Event: 7.170 loading class java/lang/ExceptionInInitializerError done
Event: 7.220 loading class javax/management/InstanceAlreadyExistsException
Event: 7.220 loading class javax/management/InstanceAlreadyExistsException done
Event: 7.221 loading class javax/management/NotCompliantMBeanException
Event: 7.221 loading class javax/management/NotCompliantMBeanException done
Event: 7.222 loading class javax/management/modelmbean/ModelMBean
Event: 7.222 loading class javax/management/PersistentMBean
Event: 7.222 loading class javax/management/PersistentMBean done
Event: 7.222 loading class javax/management/modelmbean/ModelMBean done
Event: 7.226 loading class javax/management/modelmbean/ModelMBeanInfo
Event: 7.226 loading class javax/management/modelmbean/ModelMBeanInfo done
Event: 7.236 loading class javax/management/AttributeList
Event: 7.236 loading class javax/management/AttributeList done
Event: 7.236 Executing VM operation: HandshakeAllThreads
Event: 7.236 Executing VM operation: HandshakeAllThreads done
Event: 7.237 loading class javax/management/Attribute
Event: 7.237 loading class javax/management/Attribute done
Event: 7.237 loading class javax/management/IntrospectionException
Event: 7.237 loading class javax/management/IntrospectionException done


Dynamic libraries:
0x00007ff6929f0000 - 0x00007ff6929ff000 	C:\Program Files\Java\jdk-14\bin\java.exe
0x00007ff82ac30000 - 0x00007ff82ae26000 	C:\WINDOWS\SYSTEM32\ntdll.dll
0x00007ff828e00000 - 0x00007ff828ebd000 	C:\WINDOWS\System32\KERNEL32.DLL
0x00007ff8287b0000 - 0x00007ff828a79000 	C:\WINDOWS\System32\KERNELBASE.dll
0x00007ff8285a0000 - 0x00007ff8286a0000 	C:\WINDOWS\System32\ucrtbase.dll
0x00007ff822550000 - 0x00007ff822565000 	C:\Program Files\Java\jdk-14\bin\VCRUNTIME140.dll
0x00007ff813670000 - 0x00007ff813688000 	C:\Program Files\Java\jdk-14\bin\jli.dll
0x00007ff82a2f0000 - 0x00007ff82a39c000 	C:\WINDOWS\System32\ADVAPI32.dll
0x00007ff82a750000 - 0x00007ff82a7ee000 	C:\WINDOWS\System32\msvcrt.dll
0x00007ff828d00000 - 0x00007ff828d9c000 	C:\WINDOWS\System32\sechost.dll
0x00007ff828ec0000 - 0x00007ff828feb000 	C:\WINDOWS\System32\RPCRT4.dll
0x00007ff82a800000 - 0x00007ff82a9a0000 	C:\WINDOWS\System32\USER32.dll
0x00007ff80c750000 - 0x00007ff80c9eb000 	C:\WINDOWS\WinSxS\amd64_microsoft.windows.common-controls_6595b64144ccf1df_6.0.19041.488_none_ca04af081b815d21\COMCTL32.dll
0x00007ff828780000 - 0x00007ff8287a2000 	C:\WINDOWS\System32\win32u.dll
0x00007ff82a450000 - 0x00007ff82a47a000 	C:\WINDOWS\System32\GDI32.dll
0x00007ff828a80000 - 0x00007ff828b89000 	C:\WINDOWS\System32\gdi32full.dll
0x00007ff828b90000 - 0x00007ff828c2d000 	C:\WINDOWS\System32\msvcp_win.dll
0x00007ff81df30000 - 0x00007ff81df3a000 	C:\WINDOWS\SYSTEM32\VERSION.dll
0x00007ff8291a0000 - 0x00007ff8291d0000 	C:\WINDOWS\System32\IMM32.DLL
0x00007ff813af0000 - 0x00007ff813b8b000 	C:\Program Files\Java\jdk-14\bin\msvcp140.dll
0x00007ffffbce0000 - 0x00007ffffc7ff000 	C:\Program Files\Java\jdk-14\bin\server\jvm.dll
0x00007ff828cf0000 - 0x00007ff828cf8000 	C:\WINDOWS\System32\PSAPI.DLL
0x00007ff823630000 - 0x00007ff823639000 	C:\WINDOWS\SYSTEM32\WSOCK32.dll
0x00007ff81df00000 - 0x00007ff81df27000 	C:\WINDOWS\SYSTEM32\WINMM.dll
0x00007ff829b30000 - 0x00007ff829b9b000 	C:\WINDOWS\System32\WS2_32.dll
0x00007ff8262c0000 - 0x00007ff8262d2000 	C:\WINDOWS\SYSTEM32\kernel.appcore.dll
0x00007ff823390000 - 0x00007ff82339a000 	C:\Program Files\Java\jdk-14\bin\jimage.dll
0x00007ff821530000 - 0x00007ff821714000 	C:\WINDOWS\SYSTEM32\DBGHELP.DLL
0x00007ff81ef80000 - 0x00007ff81efac000 	C:\WINDOWS\SYSTEM32\dbgcore.DLL
0x00007ff828370000 - 0x00007ff8283f0000 	C:\WINDOWS\System32\bcryptPrimitives.dll
0x00007ff814680000 - 0x00007ff8146a5000 	C:\Program Files\Java\jdk-14\bin\java.dll
0x00007ff81a240000 - 0x00007ff81a257000 	C:\Program Files\Java\jdk-14\bin\zip.dll
0x00007ff829ba0000 - 0x00007ff82a2e2000 	C:\WINDOWS\System32\SHELL32.dll
0x00007ff8264c0000 - 0x00007ff826c55000 	C:\WINDOWS\SYSTEM32\windows.storage.dll
0x00007ff829750000 - 0x00007ff829aa6000 	C:\WINDOWS\System32\combase.dll
0x00007ff827d10000 - 0x00007ff827d3c000 	C:\WINDOWS\SYSTEM32\Wldp.dll
0x00007ff8296a0000 - 0x00007ff82974e000 	C:\WINDOWS\System32\SHCORE.dll
0x00007ff828da0000 - 0x00007ff828df5000 	C:\WINDOWS\System32\shlwapi.dll
0x00007ff8282a0000 - 0x00007ff8282c6000 	C:\WINDOWS\SYSTEM32\profapi.dll
0x00007ff8145d0000 - 0x00007ff8145e9000 	C:\Program Files\Java\jdk-14\bin\net.dll
0x00007ff81efb0000 - 0x00007ff81f0b0000 	C:\WINDOWS\SYSTEM32\WINHTTP.dll
0x00007ff827a90000 - 0x00007ff827afa000 	C:\WINDOWS\system32\mswsock.dll
0x00007ff813b90000 - 0x00007ff813ba2000 	C:\Program Files\Java\jdk-14\bin\nio.dll
0x00007ff822610000 - 0x00007ff822620000 	C:\Program Files\Java\jdk-14\bin\verify.dll
0x00007ff822600000 - 0x00007ff822609000 	C:\Program Files\Java\jdk-14\bin\management.dll
0x00007ff8225f0000 - 0x00007ff8225fb000 	C:\Program Files\Java\jdk-14\bin\management_ext.dll
0x00007ff814b40000 - 0x00007ff814b57000 	C:\WINDOWS\system32\napinsp.dll
0x00007ff814ad0000 - 0x00007ff814aeb000 	C:\WINDOWS\system32\pnrpnsp.dll
0x00007ff814ab0000 - 0x00007ff814ac5000 	C:\WINDOWS\system32\wshbth.dll
0x00007ff822760000 - 0x00007ff82277d000 	C:\WINDOWS\system32\NLAapi.dll
0x00007ff827780000 - 0x00007ff8277bb000 	C:\WINDOWS\SYSTEM32\IPHLPAPI.DLL
0x00007ff8277c0000 - 0x00007ff82788b000 	C:\WINDOWS\SYSTEM32\DNSAPI.dll
0x00007ff82a6b0000 - 0x00007ff82a6b8000 	C:\WINDOWS\System32\NSI.dll
0x00007ff814a90000 - 0x00007ff814aa2000 	C:\WINDOWS\System32\winrnr.dll
0x00007ff81e120000 - 0x00007ff81e12a000 	C:\Windows\System32\rasadhlp.dll
0x00007ff81bed0000 - 0x00007ff81bf4f000 	C:\WINDOWS\System32\fwpuclnt.dll
0x00007ff828750000 - 0x00007ff828777000 	C:\WINDOWS\System32\bcrypt.dll
0x00007ff827c60000 - 0x00007ff827c78000 	C:\WINDOWS\SYSTEM32\CRYPTSP.dll
0x00007ff827420000 - 0x00007ff827454000 	C:\WINDOWS\system32\rsaenh.dll
0x00007ff828260000 - 0x00007ff82828e000 	C:\WINDOWS\SYSTEM32\USERENV.dll
0x00007ff827c80000 - 0x00007ff827c8c000 	C:\WINDOWS\SYSTEM32\CRYPTBASE.dll
0x00007ff822450000 - 0x00007ff822467000 	C:\WINDOWS\SYSTEM32\dhcpcsvc6.DLL
0x00007ff822430000 - 0x00007ff82244d000 	C:\WINDOWS\SYSTEM32\dhcpcsvc.DLL

dbghelp: loaded successfully - version: 4.0.5 - missing functions: none
symbol engine: initialized successfully - sym options: 0x614 - pdb path: .;C:\Program Files\Java\jdk-14\bin;C:\WINDOWS\SYSTEM32;C:\WINDOWS\WinSxS\amd64_microsoft.windows.common-controls_6595b64144ccf1df_6.0.19041.488_none_ca04af081b815d21;C:\Program Files\Java\jdk-14\bin\server

VM Arguments:
java_command: todoapplication.TodoApplication
java_class_path (initial): C:\Users\tuppu\Documents\NetBeansProjects\mooc-wepa-itseopiskelu\osa02-Osa02_12.TodoApplication\target\classes;C:\Users\tuppu\.m2\repository\org\springframework\boot\spring-boot-starter-web\2.1.3.RELEASE\spring-boot-starter-web-2.1.3.RELEASE.jar;C:\Users\tuppu\.m2\repository\org\springframework\boot\spring-boot-starter\2.1.3.RELEASE\spring-boot-starter-2.1.3.RELEASE.jar;C:\Users\tuppu\.m2\repository\org\springframework\boot\spring-boot-starter-logging\2.1.3.RELEASE\spring-boot-starter-logging-2.1.3.RELEASE.jar;C:\Users\tuppu\.m2\repository\ch\qos\logback\logback-classic\1.2.3\logback-classic-1.2.3.jar;C:\Users\tuppu\.m2\repository\ch\qos\logback\logback-core\1.2.3\logback-core-1.2.3.jar;C:\Users\tuppu\.m2\repository\org\apache\logging\log4j\log4j-to-slf4j\2.11.2\log4j-to-slf4j-2.11.2.jar;C:\Users\tuppu\.m2\repository\org\apache\logging\log4j\log4j-api\2.11.2\log4j-api-2.11.2.jar;C:\Users\tuppu\.m2\repository\org\slf4j\jul-to-slf4j\1.7.25\jul-to-slf4j-1.7.25.jar;C:\Users\tuppu\.m2\repository\javax\annotation\javax.annotation-api\1.3.2\javax.annotation-api-1.3.2.jar;C:\Users\tuppu\.m2\repository\org\yaml\snakeyaml\1.23\snakeyaml-1.23.jar;C:\Users\tuppu\.m2\repository\org\springframework\boot\spring-boot-starter-json\2.1.3.RELEASE\spring-boot-starter-json-2.1.3.RELEASE.jar;C:\Users\tuppu\.m2\repository\com\fasterxml\jackson\core\jackson-databind\2.9.8\jackson-databind-2.9.8.jar;C:\Users\tuppu\.m2\repository\com\fasterxml\jackson\core\jackson-annotations\2.9.0\jackson-annotations-2.9.0.jar;C:\Users\tuppu\.m2\repository\com\fasterxml\jackson\core\jackson-core\2.9.8\jackson-core-2.9.8.jar;C:\Users\tuppu\.m2\repository\com\fasterxml\jackson\datatype\jackson-datatype-jdk8\2.9.8\jackson-datatype-jdk8-2.9.8.jar;C:\Users\tuppu\.m2\repository\com\fasterxml\jackson\datatype\jackson-datatype-jsr310\2.9.8\jackson-datatype-jsr310-2.9.8.jar;C:\Users\tuppu\.m2\repository\com\fasterxml\jackson\module\jackson-module-parameter-names\2.9.8\jackson-module-para
Launcher Type: SUN_STANDARD

[Global flags]
     intx CICompilerCount                          = 4                                         {product} {ergonomic}
     uint ConcGCThreads                            = 2                                         {product} {ergonomic}
     uint G1ConcRefinementThreads                  = 8                                         {product} {ergonomic}
   size_t G1HeapRegionSize                         = 1048576                                   {product} {ergonomic}
    uintx GCDrainStackTargetSize                   = 64                                        {product} {ergonomic}
   size_t InitialHeapSize                          = 117440512                                 {product} {ergonomic}
   size_t MarkStackSize                            = 4194304                                   {product} {ergonomic}
   size_t MaxHeapSize                              = 1853882368                                {product} {ergonomic}
   size_t MaxNewSize                               = 1111490560                                {product} {ergonomic}
   size_t MinHeapDeltaBytes                        = 1048576                                   {product} {ergonomic}
   size_t MinHeapSize                              = 8388608                                   {product} {ergonomic}
    uintx NonNMethodCodeHeapSize                   = 5839372                                {pd product} {ergonomic}
    uintx NonProfiledCodeHeapSize                  = 122909434                              {pd product} {ergonomic}
    uintx ProfiledCodeHeapSize                     = 122909434                              {pd product} {ergonomic}
    uintx ReservedCodeCacheSize                    = 251658240                              {pd product} {ergonomic}
     bool SegmentedCodeCache                       = true                                      {product} {ergonomic}
   size_t SoftMaxHeapSize                          = 1853882368                             {manageable} {ergonomic}
     bool UseCompressedClassPointers               = true                                 {lp64_product} {ergonomic}
     bool UseCompressedOops                        = true                                 {lp64_product} {ergonomic}
     bool UseG1GC                                  = true                                      {product} {ergonomic}
     bool UseLargePagesIndividualAllocation        = false                                  {pd product} {ergonomic}

Logging:
Log output configuration:
 #0: stdout all=warning uptime,level,tags
 #1: stderr all=off uptime,level,tags

Environment Variables:
JAVA_HOME=C:\Program Files\Java\jdk-14
PATH=C:\Program Files (x86)\Common Files\Oracle\Java\javapath;C:\WINDOWS\system32;C:\WINDOWS;C:\WINDOWS\System32\Wbem;C:\WINDOWS\System32\WindowsPowerShell\v1.0\;C:\WINDOWS\System32\OpenSSH\;C:\Program Files (x86)\leJOS EV3\bin;C:\Program Files\Git\cmd;C:\Program Files\PuTTY\;C:\Users\samitup\applications\;C:\Users\tuppu\AppData\Local\Programs\Python\Python39\Scripts\;C:\Users\tuppu\AppData\Local\Programs\Python\Python39\;C:\Users\tuppu\AppData\Local\Microsoft\WindowsApps;;C:\Users\tuppu\AppData\Local\Programs\Microsoft VS Code\bin;C:\Users\tuppu\AppData\Roaming\npm
USERNAME=tuppu
OS=Windows_NT
PROCESSOR_IDENTIFIER=AMD64 Family 23 Model 17 Stepping 0, AuthenticAMD



---------------  S Y S T E M  ---------------

OS: Windows 10 , 64 bit Build 19041 (10.0.19041.662)
OS uptime: 21 days 0:11 hours

CPU:total 8 (initial active 8) (8 cores per cpu, 2 threads per core) family 23 model 17 stepping 0, cmov, cx8, fxsr, mmx, sse, sse2, sse3, ssse3, sse4.1, sse4.2, popcnt, avx, avx2, aes, clmul, mmxext, 3dnowpref, lzcnt, sse4a, ht, tsc, tscinvbit, tscinv, bmi1, bmi2, adx, sha, fma

Memory: 4k page, system-wide physical 7068M (2481M free)
TotalPageFile size 11164M (AvailPageFile size 10M)
current process WorkingSet (physical memory assigned to process): 261M, peak: 266M
current process commit charge ("private bytes"): 299M, peak: 304M

vm_info: Java HotSpot(TM) 64-Bit Server VM (14+36-1461) for windows-amd64 JRE (14+36-1461), built on Feb  6 2020 19:08:04 by "mach5one" with MS VC++ 15.9 (VS2017)

END.
