#
# There is insufficient memory for the Java Runtime Environment to continue.
# Native memory allocation (malloc) failed to allocate 1182096 bytes for Chunk::new
# Possible reasons:
#   The system is out of physical RAM or swap space
#   The process is running with CompressedOops enabled, and the Java Heap may be blocking the growth of the native heap
# Possible solutions:
#   Reduce memory load on the system
#   Increase physical memory or swap space
#   Check if swap backing store is full
#   Decrease Java heap size (-Xmx/-Xms)
#   Decrease number of Java threads
#   Decrease Java thread stack sizes (-Xss)
#   Set larger code cache with -XX:ReservedCodeCacheSize=
#   JVM is running with Unscaled Compressed Oops mode in which the Java heap is
#     placed in the first 4GB address space. The Java Heap base address is the
#     maximum limit for the native heap growth. Please use -XX:HeapBaseMinAddress
#     to set the Java Heap base and to place the Java Heap above 4GB virtual address.
# This output file may be truncated or incomplete.
#
#  Out of Memory Error (t:/workspace/open/src/hotspot/share/memory/arena.cpp:195), pid=3332, tid=7284
#
# JRE version: Java(TM) SE Runtime Environment (14.0+36) (build 14+36-1461)
# Java VM: Java HotSpot(TM) 64-Bit Server VM (14+36-1461, mixed mode, sharing, tiered, compressed oops, g1 gc, windows-amd64)
# No core dump will be written. Minidumps are not enabled by default on client versions of Windows
#

---------------  S U M M A R Y ------------

Command Line: -Dclassworlds.conf=C:\Program Files\TMCBeans\java\maven\bin\m2.conf -Dmaven.home=C:\Program Files\TMCBeans\java\maven -Dmaven.multiModuleProjectDirectory=C:\Users\tuppu\Documents\NetBeansProjects\mooc-wepa-itseopiskelu\osa02-Osa02_12.TodoApplication org.codehaus.plexus.classworlds.launcher.Launcher -Dexec.args=-classpath %classpath todoapplication.TodoApplication -Dexec.executable=C:\Program Files\Java\jdk-14\bin\java.exe -T=1 -q spring-boot:run

Host: AMD Ryzen 5 2500U with Radeon Vega Mobile Gfx  , 8 cores, 6G,  Windows 10 , 64 bit Build 19041 (10.0.19041.662)
Time: Wed Jan 27 02:38:05 2021 FLE Standard Time elapsed time: 4 seconds (0d 0h 0m 4s)

---------------  T H R E A D  ---------------

Current thread (0x0000013ee776a000):  JavaThread "C2 CompilerThread2" daemon [_thread_in_native, id=7284, stack(0x0000001facf00000,0x0000001fad000000)]


Current CompileTask:
C2:   4899 4323   !   4       com.google.inject.spi.InjectionPoint::getInjectionPoints (495 bytes)

Stack: [0x0000001facf00000,0x0000001fad000000]
Native frames: (J=compiled Java code, j=interpreted, Vv=VM code, C=native code)
V  [jvm.dll+0x5f83ea]
V  [jvm.dll+0x741e2a]
V  [jvm.dll+0x7435df]
V  [jvm.dll+0x743c23]
V  [jvm.dll+0x20d268]
V  [jvm.dll+0xabb07]
V  [jvm.dll+0xac1fc]
V  [jvm.dll+0x276d94]
V  [jvm.dll+0x50ca2a]
V  [jvm.dll+0x1ee1ba]
V  [jvm.dll+0x1e7cdb]
V  [jvm.dll+0x1e4f78]
V  [jvm.dll+0x1779cc]
V  [jvm.dll+0x1f40e5]
V  [jvm.dll+0x1f22cb]
V  [jvm.dll+0x706a7d]
V  [jvm.dll+0x6ff89a]
V  [jvm.dll+0x5f72a6]
C  [ucrtbase.dll+0x214c2]
C  [KERNEL32.DLL+0x17034]
C  [ntdll.dll+0x4d0d1]


---------------  P R O C E S S  ---------------

Threads class SMR info:
_java_thread_list=0x0000013ee735f360, length=14, elements={
0x0000013ec4dfc000, 0x0000013ee5486800, 0x0000013ee5488000, 0x0000013ee549b800,
0x0000013ee549e800, 0x0000013ee54a1000, 0x0000013ee54a6000, 0x0000013ee54a9800,
0x0000013ee54b4800, 0x0000013ee5ef3800, 0x0000013ee5efd000, 0x0000013ee61c2800,
0x0000013ee76cc000, 0x0000013ee776a000
}

Java Threads: ( => current thread )
  0x0000013ec4dfc000 JavaThread "main" [_thread_blocked, id=3744, stack(0x0000001fabc00000,0x0000001fabd00000)]
  0x0000013ee5486800 JavaThread "Reference Handler" daemon [_thread_blocked, id=13544, stack(0x0000001fac300000,0x0000001fac400000)]
  0x0000013ee5488000 JavaThread "Finalizer" daemon [_thread_blocked, id=12548, stack(0x0000001fac400000,0x0000001fac500000)]
  0x0000013ee549b800 JavaThread "Signal Dispatcher" daemon [_thread_blocked, id=16328, stack(0x0000001fac500000,0x0000001fac600000)]
  0x0000013ee549e800 JavaThread "Attach Listener" daemon [_thread_blocked, id=14744, stack(0x0000001fac600000,0x0000001fac700000)]
  0x0000013ee54a1000 JavaThread "Service Thread" daemon [_thread_blocked, id=15532, stack(0x0000001fac700000,0x0000001fac800000)]
  0x0000013ee54a6000 JavaThread "C2 CompilerThread0" daemon [_thread_blocked, id=9724, stack(0x0000001fac800000,0x0000001fac900000)]
  0x0000013ee54a9800 JavaThread "C1 CompilerThread0" daemon [_thread_blocked, id=8160, stack(0x0000001fac900000,0x0000001faca00000)]
  0x0000013ee54b4800 JavaThread "Sweeper thread" daemon [_thread_blocked, id=6624, stack(0x0000001faca00000,0x0000001facb00000)]
  0x0000013ee5ef3800 JavaThread "Notification Thread" daemon [_thread_blocked, id=15372, stack(0x0000001facb00000,0x0000001facc00000)]
  0x0000013ee5efd000 JavaThread "Common-Cleaner" daemon [_thread_blocked, id=5460, stack(0x0000001facd00000,0x0000001face00000)]
  0x0000013ee61c2800 JavaThread "C2 CompilerThread1" daemon [_thread_blocked, id=4072, stack(0x0000001face00000,0x0000001facf00000)]
  0x0000013ee76cc000 JavaThread "BuilderThread 0" [_thread_in_native, id=10928, stack(0x0000001fad100000,0x0000001fad200000)]
=>0x0000013ee776a000 JavaThread "C2 CompilerThread2" daemon [_thread_in_native, id=7284, stack(0x0000001facf00000,0x0000001fad000000)]

Other Threads:
  0x0000013ee5483800 VMThread "VM Thread" [stack: 0x0000001fac200000,0x0000001fac300000] [id=12324]
  0x0000013ee5ef4800 WatcherThread [stack: 0x0000001facc00000,0x0000001facd00000] [id=12916]
  0x0000013ec4e3b800 GCTaskThread "GC Thread#0" [stack: 0x0000001fabd00000,0x0000001fabe00000] [id=16300]
  0x0000013ee6737800 GCTaskThread "GC Thread#1" [stack: 0x0000001fad000000,0x0000001fad100000] [id=11312]
  0x0000013ee86bb800 GCTaskThread "GC Thread#2" [stack: 0x0000001fad200000,0x0000001fad300000] [id=2540]
  0x0000013ee8f50000 GCTaskThread "GC Thread#3" [stack: 0x0000001fad300000,0x0000001fad400000] [id=11208]
  0x0000013ec4e4b800 ConcurrentGCThread "G1 Main Marker" [stack: 0x0000001fabe00000,0x0000001fabf00000] [id=11556]
  0x0000013ec4e4d000 ConcurrentGCThread "G1 Conc#0" [stack: 0x0000001fabf00000,0x0000001fac000000] [id=11728]
  0x0000013ec4ed6800 ConcurrentGCThread "G1 Refine#0" [stack: 0x0000001fac000000,0x0000001fac100000] [id=1752]
  0x0000013ec4ed7800 ConcurrentGCThread "G1 Young RemSet Sampling" [stack: 0x0000001fac100000,0x0000001fac200000] [id=16380]

Threads with active compile tasks:
C2 CompilerThread2     4918 4323   !   4       com.google.inject.spi.InjectionPoint::getInjectionPoints (495 bytes)

VM state:not at safepoint (normal execution)

VM Mutex/Monitor currently owned by a thread: None

Heap address: 0x0000000091800000, size: 1768 MB, Compressed Oops mode: 32-bit
Narrow klass base: 0x0000000800000000, Narrow klass shift: 3
Compressed class space size: 1073741824 Address: 0x0000000800b30000

Heap:
 garbage-first heap   total 147456K, used 91030K [0x0000000091800000, 0x0000000100000000)
  region size 1024K, 71 young (72704K), 4 survivors (4096K)
 Metaspace       used 17023K, capacity 17986K, committed 18048K, reserved 1064960K
  class space    used 1932K, capacity 2175K, committed 2176K, reserved 1048576K
Heap Regions: E=young(eden), S=young(survivor), O=old, HS=humongous(starts), HC=humongous(continues), CS=collection set, F=free, OA=open archive, CA=closed archive, TAMS=top-at-mark-start (previous, next)
|   0|0x0000000091800000, 0x0000000091900000, 0x0000000091900000|100%| O|  |TAMS 0x0000000091800000, 0x0000000091800000| Untracked 
|   1|0x0000000091900000, 0x0000000091a00000, 0x0000000091a00000|100%| O|  |TAMS 0x0000000091900000, 0x0000000091900000| Untracked 
|   2|0x0000000091a00000, 0x0000000091b00000, 0x0000000091b00000|100%| O|  |TAMS 0x0000000091a00000, 0x0000000091a00000| Untracked 
|   3|0x0000000091b00000, 0x0000000091c00000, 0x0000000091c00000|100%| O|  |TAMS 0x0000000091b00000, 0x0000000091b00000| Untracked 
|   4|0x0000000091c00000, 0x0000000091d00000, 0x0000000091d00000|100%| O|  |TAMS 0x0000000091c00000, 0x0000000091c00000| Untracked 
|   5|0x0000000091d00000, 0x0000000091e00000, 0x0000000091e00000|100%| O|  |TAMS 0x0000000091d00000, 0x0000000091d00000| Untracked 
|   6|0x0000000091e00000, 0x0000000091f00000, 0x0000000091f00000|100%| O|  |TAMS 0x0000000091e00000, 0x0000000091e00000| Untracked 
|   7|0x0000000091f00000, 0x0000000092000000, 0x0000000092000000|100%| O|  |TAMS 0x0000000091f00000, 0x0000000091f00000| Untracked 
|   8|0x0000000092000000, 0x0000000092100000, 0x0000000092100000|100%| O|  |TAMS 0x0000000092000000, 0x0000000092000000| Untracked 
|   9|0x0000000092100000, 0x0000000092200000, 0x0000000092200000|100%| O|  |TAMS 0x0000000092100000, 0x0000000092100000| Untracked 
|  10|0x0000000092200000, 0x0000000092300000, 0x0000000092300000|100%| O|  |TAMS 0x0000000092200000, 0x0000000092200000| Untracked 
|  11|0x0000000092300000, 0x0000000092400000, 0x0000000092400000|100%| O|  |TAMS 0x0000000092300000, 0x0000000092300000| Untracked 
|  12|0x0000000092400000, 0x0000000092500000, 0x0000000092500000|100%| O|  |TAMS 0x0000000092400000, 0x0000000092400000| Untracked 
|  13|0x0000000092500000, 0x0000000092600000, 0x0000000092600000|100%| O|  |TAMS 0x0000000092500000, 0x0000000092500000| Untracked 
|  14|0x0000000092600000, 0x0000000092700000, 0x0000000092700000|100%| O|  |TAMS 0x0000000092600000, 0x0000000092600000| Untracked 
|  15|0x0000000092700000, 0x0000000092800000, 0x0000000092800000|100%| O|  |TAMS 0x0000000092700000, 0x0000000092700000| Untracked 
|  16|0x0000000092800000, 0x0000000092900000, 0x0000000092900000|100%| O|  |TAMS 0x0000000092800000, 0x0000000092800000| Untracked 
|  17|0x0000000092900000, 0x0000000092a00000, 0x0000000092a00000|100%| O|  |TAMS 0x0000000092900000, 0x0000000092900000| Untracked 
|  18|0x0000000092a00000, 0x0000000092b00000, 0x0000000092b00000|100%| O|  |TAMS 0x0000000092a00000, 0x0000000092a00000| Untracked 
|  19|0x0000000092b00000, 0x0000000092b00000, 0x0000000092c00000|  0%| F|  |TAMS 0x0000000092b00000, 0x0000000092b00000| Untracked 
|  20|0x0000000092c00000, 0x0000000092c00000, 0x0000000092d00000|  0%| F|  |TAMS 0x0000000092c00000, 0x0000000092c00000| Untracked 
|  21|0x0000000092d00000, 0x0000000092d00000, 0x0000000092e00000|  0%| F|  |TAMS 0x0000000092d00000, 0x0000000092d00000| Untracked 
|  22|0x0000000092e00000, 0x0000000092e00000, 0x0000000092f00000|  0%| F|  |TAMS 0x0000000092e00000, 0x0000000092e00000| Untracked 
|  23|0x0000000092f00000, 0x0000000092f00000, 0x0000000093000000|  0%| F|  |TAMS 0x0000000092f00000, 0x0000000092f00000| Untracked 
|  24|0x0000000093000000, 0x0000000093000000, 0x0000000093100000|  0%| F|  |TAMS 0x0000000093000000, 0x0000000093000000| Untracked 
|  25|0x0000000093100000, 0x0000000093100000, 0x0000000093200000|  0%| F|  |TAMS 0x0000000093100000, 0x0000000093100000| Untracked 
|  26|0x0000000093200000, 0x0000000093200000, 0x0000000093300000|  0%| F|  |TAMS 0x0000000093200000, 0x0000000093200000| Untracked 
|  27|0x0000000093300000, 0x0000000093300000, 0x0000000093400000|  0%| F|  |TAMS 0x0000000093300000, 0x0000000093300000| Untracked 
|  28|0x0000000093400000, 0x0000000093400000, 0x0000000093500000|  0%| F|  |TAMS 0x0000000093400000, 0x0000000093400000| Untracked 
|  29|0x0000000093500000, 0x0000000093500000, 0x0000000093600000|  0%| F|  |TAMS 0x0000000093500000, 0x0000000093500000| Untracked 
|  30|0x0000000093600000, 0x0000000093600000, 0x0000000093700000|  0%| F|  |TAMS 0x0000000093600000, 0x0000000093600000| Untracked 
|  31|0x0000000093700000, 0x0000000093700000, 0x0000000093800000|  0%| F|  |TAMS 0x0000000093700000, 0x0000000093700000| Untracked 
|  32|0x0000000093800000, 0x0000000093800000, 0x0000000093900000|  0%| F|  |TAMS 0x0000000093800000, 0x0000000093800000| Untracked 
|  33|0x0000000093900000, 0x0000000093900000, 0x0000000093a00000|  0%| F|  |TAMS 0x0000000093900000, 0x0000000093900000| Untracked 
|  34|0x0000000093a00000, 0x0000000093a00000, 0x0000000093b00000|  0%| F|  |TAMS 0x0000000093a00000, 0x0000000093a00000| Untracked 
|  35|0x0000000093b00000, 0x0000000093b00000, 0x0000000093c00000|  0%| F|  |TAMS 0x0000000093b00000, 0x0000000093b00000| Untracked 
|  36|0x0000000093c00000, 0x0000000093c00000, 0x0000000093d00000|  0%| F|  |TAMS 0x0000000093c00000, 0x0000000093c00000| Untracked 
|  37|0x0000000093d00000, 0x0000000093d00000, 0x0000000093e00000|  0%| F|  |TAMS 0x0000000093d00000, 0x0000000093d00000| Untracked 
|  38|0x0000000093e00000, 0x0000000093e00000, 0x0000000093f00000|  0%| F|  |TAMS 0x0000000093e00000, 0x0000000093e00000| Untracked 
|  39|0x0000000093f00000, 0x0000000093f00000, 0x0000000094000000|  0%| F|  |TAMS 0x0000000093f00000, 0x0000000093f00000| Untracked 
|  40|0x0000000094000000, 0x0000000094000000, 0x0000000094100000|  0%| F|  |TAMS 0x0000000094000000, 0x0000000094000000| Untracked 
|  41|0x0000000094100000, 0x0000000094100000, 0x0000000094200000|  0%| F|  |TAMS 0x0000000094100000, 0x0000000094100000| Untracked 
|  42|0x0000000094200000, 0x0000000094200000, 0x0000000094300000|  0%| F|  |TAMS 0x0000000094200000, 0x0000000094200000| Untracked 
|  43|0x0000000094300000, 0x0000000094300000, 0x0000000094400000|  0%| F|  |TAMS 0x0000000094300000, 0x0000000094300000| Untracked 
|  44|0x0000000094400000, 0x00000000944e59e0, 0x0000000094500000| 89%| S|CS|TAMS 0x0000000094400000, 0x0000000094400000| Complete 
|  45|0x0000000094500000, 0x0000000094600000, 0x0000000094600000|100%| S|CS|TAMS 0x0000000094500000, 0x0000000094500000| Complete 
|  46|0x0000000094600000, 0x0000000094700000, 0x0000000094700000|100%| S|CS|TAMS 0x0000000094600000, 0x0000000094600000| Complete 
|  47|0x0000000094700000, 0x0000000094800000, 0x0000000094800000|100%| S|CS|TAMS 0x0000000094700000, 0x0000000094700000| Complete 
|  48|0x0000000094800000, 0x0000000094800000, 0x0000000094900000|  0%| F|  |TAMS 0x0000000094800000, 0x0000000094800000| Untracked 
|  49|0x0000000094900000, 0x0000000094900000, 0x0000000094a00000|  0%| F|  |TAMS 0x0000000094900000, 0x0000000094900000| Untracked 
|  50|0x0000000094a00000, 0x0000000094a00000, 0x0000000094b00000|  0%| F|  |TAMS 0x0000000094a00000, 0x0000000094a00000| Untracked 
|  51|0x0000000094b00000, 0x0000000094b00000, 0x0000000094c00000|  0%| F|  |TAMS 0x0000000094b00000, 0x0000000094b00000| Untracked 
|  52|0x0000000094c00000, 0x0000000094c00000, 0x0000000094d00000|  0%| F|  |TAMS 0x0000000094c00000, 0x0000000094c00000| Untracked 
|  53|0x0000000094d00000, 0x0000000094d00000, 0x0000000094e00000|  0%| F|  |TAMS 0x0000000094d00000, 0x0000000094d00000| Untracked 
|  54|0x0000000094e00000, 0x0000000094e00000, 0x0000000094f00000|  0%| F|  |TAMS 0x0000000094e00000, 0x0000000094e00000| Untracked 
|  55|0x0000000094f00000, 0x0000000094f00000, 0x0000000095000000|  0%| F|  |TAMS 0x0000000094f00000, 0x0000000094f00000| Untracked 
|  56|0x0000000095000000, 0x0000000095000000, 0x0000000095100000|  0%| F|  |TAMS 0x0000000095000000, 0x0000000095000000| Untracked 
|  57|0x0000000095100000, 0x0000000095100000, 0x0000000095200000|  0%| F|  |TAMS 0x0000000095100000, 0x0000000095100000| Untracked 
|  58|0x0000000095200000, 0x0000000095200000, 0x0000000095300000|  0%| F|  |TAMS 0x0000000095200000, 0x0000000095200000| Untracked 
|  59|0x0000000095300000, 0x0000000095300000, 0x0000000095400000|  0%| F|  |TAMS 0x0000000095300000, 0x0000000095300000| Untracked 
|  60|0x0000000095400000, 0x0000000095400000, 0x0000000095500000|  0%| F|  |TAMS 0x0000000095400000, 0x0000000095400000| Untracked 
|  61|0x0000000095500000, 0x0000000095500000, 0x0000000095600000|  0%| F|  |TAMS 0x0000000095500000, 0x0000000095500000| Untracked 
|  62|0x0000000095600000, 0x0000000095600000, 0x0000000095700000|  0%| F|  |TAMS 0x0000000095600000, 0x0000000095600000| Untracked 
|  63|0x0000000095700000, 0x0000000095700000, 0x0000000095800000|  0%| F|  |TAMS 0x0000000095700000, 0x0000000095700000| Untracked 
|  64|0x0000000095800000, 0x0000000095800000, 0x0000000095900000|  0%| F|  |TAMS 0x0000000095800000, 0x0000000095800000| Untracked 
|  65|0x0000000095900000, 0x0000000095900000, 0x0000000095a00000|  0%| F|  |TAMS 0x0000000095900000, 0x0000000095900000| Untracked 
|  66|0x0000000095a00000, 0x0000000095a00000, 0x0000000095b00000|  0%| F|  |TAMS 0x0000000095a00000, 0x0000000095a00000| Untracked 
|  67|0x0000000095b00000, 0x0000000095b00000, 0x0000000095c00000|  0%| F|  |TAMS 0x0000000095b00000, 0x0000000095b00000| Untracked 
|  68|0x0000000095c00000, 0x0000000095c00000, 0x0000000095d00000|  0%| F|  |TAMS 0x0000000095c00000, 0x0000000095c00000| Untracked 
|  69|0x0000000095d00000, 0x0000000095d00000, 0x0000000095e00000|  0%| F|  |TAMS 0x0000000095d00000, 0x0000000095d00000| Untracked 
|  70|0x0000000095e00000, 0x0000000095e00000, 0x0000000095f00000|  0%| F|  |TAMS 0x0000000095e00000, 0x0000000095e00000| Untracked 
|  71|0x0000000095f00000, 0x0000000095f00000, 0x0000000096000000|  0%| F|  |TAMS 0x0000000095f00000, 0x0000000095f00000| Untracked 
|  72|0x0000000096000000, 0x0000000096000000, 0x0000000096100000|  0%| F|  |TAMS 0x0000000096000000, 0x0000000096000000| Untracked 
|  73|0x0000000096100000, 0x0000000096100000, 0x0000000096200000|  0%| F|  |TAMS 0x0000000096100000, 0x0000000096100000| Untracked 
|  74|0x0000000096200000, 0x0000000096200000, 0x0000000096300000|  0%| F|  |TAMS 0x0000000096200000, 0x0000000096200000| Untracked 
|  75|0x0000000096300000, 0x0000000096300000, 0x0000000096400000|  0%| F|  |TAMS 0x0000000096300000, 0x0000000096300000| Untracked 
|  76|0x0000000096400000, 0x0000000096400000, 0x0000000096500000|  0%| F|  |TAMS 0x0000000096400000, 0x0000000096400000| Untracked 
|  77|0x0000000096500000, 0x0000000096600000, 0x0000000096600000|100%| E|  |TAMS 0x0000000096500000, 0x0000000096500000| Complete 
|  78|0x0000000096600000, 0x0000000096700000, 0x0000000096700000|100%| E|CS|TAMS 0x0000000096600000, 0x0000000096600000| Complete 
|  79|0x0000000096700000, 0x0000000096800000, 0x0000000096800000|100%| E|CS|TAMS 0x0000000096700000, 0x0000000096700000| Complete 
|  80|0x0000000096800000, 0x0000000096900000, 0x0000000096900000|100%| E|CS|TAMS 0x0000000096800000, 0x0000000096800000| Complete 
|  81|0x0000000096900000, 0x0000000096a00000, 0x0000000096a00000|100%| E|CS|TAMS 0x0000000096900000, 0x0000000096900000| Complete 
|  82|0x0000000096a00000, 0x0000000096b00000, 0x0000000096b00000|100%| E|CS|TAMS 0x0000000096a00000, 0x0000000096a00000| Complete 
|  83|0x0000000096b00000, 0x0000000096c00000, 0x0000000096c00000|100%| E|CS|TAMS 0x0000000096b00000, 0x0000000096b00000| Complete 
|  84|0x0000000096c00000, 0x0000000096d00000, 0x0000000096d00000|100%| E|CS|TAMS 0x0000000096c00000, 0x0000000096c00000| Complete 
|  85|0x0000000096d00000, 0x0000000096e00000, 0x0000000096e00000|100%| E|CS|TAMS 0x0000000096d00000, 0x0000000096d00000| Complete 
|  86|0x0000000096e00000, 0x0000000096f00000, 0x0000000096f00000|100%| E|CS|TAMS 0x0000000096e00000, 0x0000000096e00000| Complete 
|  87|0x0000000096f00000, 0x0000000097000000, 0x0000000097000000|100%| E|CS|TAMS 0x0000000096f00000, 0x0000000096f00000| Complete 
|  88|0x0000000097000000, 0x0000000097100000, 0x0000000097100000|100%| E|CS|TAMS 0x0000000097000000, 0x0000000097000000| Complete 
|  89|0x0000000097100000, 0x0000000097200000, 0x0000000097200000|100%| E|CS|TAMS 0x0000000097100000, 0x0000000097100000| Complete 
|  90|0x0000000097200000, 0x0000000097300000, 0x0000000097300000|100%| E|CS|TAMS 0x0000000097200000, 0x0000000097200000| Complete 
|  91|0x0000000097300000, 0x0000000097400000, 0x0000000097400000|100%| E|CS|TAMS 0x0000000097300000, 0x0000000097300000| Complete 
|  92|0x0000000097400000, 0x0000000097500000, 0x0000000097500000|100%| E|CS|TAMS 0x0000000097400000, 0x0000000097400000| Complete 
|  93|0x0000000097500000, 0x0000000097600000, 0x0000000097600000|100%| E|CS|TAMS 0x0000000097500000, 0x0000000097500000| Complete 
|  94|0x0000000097600000, 0x0000000097700000, 0x0000000097700000|100%| E|CS|TAMS 0x0000000097600000, 0x0000000097600000| Complete 
|  95|0x0000000097700000, 0x0000000097800000, 0x0000000097800000|100%| E|CS|TAMS 0x0000000097700000, 0x0000000097700000| Complete 
|  96|0x0000000097800000, 0x0000000097900000, 0x0000000097900000|100%| E|CS|TAMS 0x0000000097800000, 0x0000000097800000| Complete 
|  97|0x0000000097900000, 0x0000000097a00000, 0x0000000097a00000|100%| E|CS|TAMS 0x0000000097900000, 0x0000000097900000| Complete 
|  98|0x0000000097a00000, 0x0000000097b00000, 0x0000000097b00000|100%| E|CS|TAMS 0x0000000097a00000, 0x0000000097a00000| Complete 
|  99|0x0000000097b00000, 0x0000000097c00000, 0x0000000097c00000|100%| E|CS|TAMS 0x0000000097b00000, 0x0000000097b00000| Complete 
| 100|0x0000000097c00000, 0x0000000097d00000, 0x0000000097d00000|100%| E|CS|TAMS 0x0000000097c00000, 0x0000000097c00000| Complete 
| 101|0x0000000097d00000, 0x0000000097e00000, 0x0000000097e00000|100%| E|CS|TAMS 0x0000000097d00000, 0x0000000097d00000| Complete 
| 102|0x0000000097e00000, 0x0000000097f00000, 0x0000000097f00000|100%| E|CS|TAMS 0x0000000097e00000, 0x0000000097e00000| Complete 
| 103|0x0000000097f00000, 0x0000000098000000, 0x0000000098000000|100%| E|CS|TAMS 0x0000000097f00000, 0x0000000097f00000| Complete 
| 104|0x0000000098000000, 0x0000000098100000, 0x0000000098100000|100%| E|CS|TAMS 0x0000000098000000, 0x0000000098000000| Complete 
| 105|0x0000000098100000, 0x0000000098200000, 0x0000000098200000|100%| E|CS|TAMS 0x0000000098100000, 0x0000000098100000| Complete 
| 106|0x0000000098200000, 0x0000000098300000, 0x0000000098300000|100%| E|CS|TAMS 0x0000000098200000, 0x0000000098200000| Complete 
| 107|0x0000000098300000, 0x0000000098400000, 0x0000000098400000|100%| E|CS|TAMS 0x0000000098300000, 0x0000000098300000| Complete 
| 108|0x0000000098400000, 0x0000000098500000, 0x0000000098500000|100%| E|CS|TAMS 0x0000000098400000, 0x0000000098400000| Complete 
| 109|0x0000000098500000, 0x0000000098600000, 0x0000000098600000|100%| E|CS|TAMS 0x0000000098500000, 0x0000000098500000| Complete 
| 110|0x0000000098600000, 0x0000000098700000, 0x0000000098700000|100%| E|CS|TAMS 0x0000000098600000, 0x0000000098600000| Complete 
| 111|0x0000000098700000, 0x0000000098800000, 0x0000000098800000|100%| E|CS|TAMS 0x0000000098700000, 0x0000000098700000| Complete 
| 112|0x0000000098800000, 0x0000000098900000, 0x0000000098900000|100%| E|CS|TAMS 0x0000000098800000, 0x0000000098800000| Complete 
| 113|0x0000000098900000, 0x0000000098a00000, 0x0000000098a00000|100%| E|CS|TAMS 0x0000000098900000, 0x0000000098900000| Complete 
| 114|0x0000000098a00000, 0x0000000098b00000, 0x0000000098b00000|100%| E|CS|TAMS 0x0000000098a00000, 0x0000000098a00000| Complete 
| 115|0x0000000098b00000, 0x0000000098c00000, 0x0000000098c00000|100%| E|CS|TAMS 0x0000000098b00000, 0x0000000098b00000| Complete 
| 116|0x0000000098c00000, 0x0000000098d00000, 0x0000000098d00000|100%| E|CS|TAMS 0x0000000098c00000, 0x0000000098c00000| Complete 
| 117|0x0000000098d00000, 0x0000000098e00000, 0x0000000098e00000|100%| E|CS|TAMS 0x0000000098d00000, 0x0000000098d00000| Complete 
| 118|0x0000000098e00000, 0x0000000098f00000, 0x0000000098f00000|100%| E|CS|TAMS 0x0000000098e00000, 0x0000000098e00000| Complete 
| 119|0x0000000098f00000, 0x0000000099000000, 0x0000000099000000|100%| E|CS|TAMS 0x0000000098f00000, 0x0000000098f00000| Complete 
| 120|0x0000000099000000, 0x0000000099100000, 0x0000000099100000|100%| E|CS|TAMS 0x0000000099000000, 0x0000000099000000| Complete 
| 121|0x0000000099100000, 0x0000000099200000, 0x0000000099200000|100%| E|CS|TAMS 0x0000000099100000, 0x0000000099100000| Complete 
| 122|0x0000000099200000, 0x0000000099300000, 0x0000000099300000|100%| E|CS|TAMS 0x0000000099200000, 0x0000000099200000| Complete 
| 123|0x0000000099300000, 0x0000000099400000, 0x0000000099400000|100%| E|CS|TAMS 0x0000000099300000, 0x0000000099300000| Complete 
| 124|0x0000000099400000, 0x0000000099500000, 0x0000000099500000|100%| E|CS|TAMS 0x0000000099400000, 0x0000000099400000| Complete 
| 125|0x0000000099500000, 0x0000000099600000, 0x0000000099600000|100%| E|CS|TAMS 0x0000000099500000, 0x0000000099500000| Complete 
| 126|0x0000000099600000, 0x0000000099700000, 0x0000000099700000|100%| E|CS|TAMS 0x0000000099600000, 0x0000000099600000| Complete 
| 127|0x0000000099700000, 0x0000000099800000, 0x0000000099800000|100%| E|CS|TAMS 0x0000000099700000, 0x0000000099700000| Complete 
| 128|0x0000000099800000, 0x0000000099900000, 0x0000000099900000|100%| E|CS|TAMS 0x0000000099800000, 0x0000000099800000| Complete 
| 129|0x0000000099900000, 0x0000000099a00000, 0x0000000099a00000|100%| E|CS|TAMS 0x0000000099900000, 0x0000000099900000| Complete 
| 130|0x0000000099a00000, 0x0000000099b00000, 0x0000000099b00000|100%| E|CS|TAMS 0x0000000099a00000, 0x0000000099a00000| Complete 
| 131|0x0000000099b00000, 0x0000000099c00000, 0x0000000099c00000|100%| E|CS|TAMS 0x0000000099b00000, 0x0000000099b00000| Complete 
| 132|0x0000000099c00000, 0x0000000099d00000, 0x0000000099d00000|100%| E|CS|TAMS 0x0000000099c00000, 0x0000000099c00000| Complete 
| 133|0x0000000099d00000, 0x0000000099e00000, 0x0000000099e00000|100%| E|CS|TAMS 0x0000000099d00000, 0x0000000099d00000| Complete 
| 134|0x0000000099e00000, 0x0000000099f00000, 0x0000000099f00000|100%| E|CS|TAMS 0x0000000099e00000, 0x0000000099e00000| Complete 
| 135|0x0000000099f00000, 0x000000009a000000, 0x000000009a000000|100%| E|CS|TAMS 0x0000000099f00000, 0x0000000099f00000| Complete 
| 136|0x000000009a000000, 0x000000009a100000, 0x000000009a100000|100%| E|CS|TAMS 0x000000009a000000, 0x000000009a000000| Complete 
| 137|0x000000009a100000, 0x000000009a200000, 0x000000009a200000|100%| E|CS|TAMS 0x000000009a100000, 0x000000009a100000| Complete 
| 138|0x000000009a200000, 0x000000009a300000, 0x000000009a300000|100%| E|CS|TAMS 0x000000009a200000, 0x000000009a200000| Complete 
| 139|0x000000009a300000, 0x000000009a400000, 0x000000009a400000|100%| E|CS|TAMS 0x000000009a300000, 0x000000009a300000| Complete 
| 140|0x000000009a400000, 0x000000009a500000, 0x000000009a500000|100%| E|CS|TAMS 0x000000009a400000, 0x000000009a400000| Complete 
| 141|0x000000009a500000, 0x000000009a600000, 0x000000009a600000|100%| E|CS|TAMS 0x000000009a500000, 0x000000009a500000| Complete 
| 142|0x000000009a600000, 0x000000009a700000, 0x000000009a700000|100%| E|CS|TAMS 0x000000009a600000, 0x000000009a600000| Complete 
| 143|0x000000009a700000, 0x000000009a800000, 0x000000009a800000|100%| E|CS|TAMS 0x000000009a700000, 0x000000009a700000| Complete 

Card table byte_map: [0x0000013edebb0000,0x0000013edef30000] _byte_map_base: 0x0000013ede724000

Marking Bits (Prev, Next): (CMBitMap*) 0x0000013ec4e3d1e8, (CMBitMap*) 0x0000013ec4e3d228
 Prev Bits: [0x0000013edf2b0000, 0x0000013ee0e50000)
 Next Bits: [0x0000013ee0e50000, 0x0000013ee29f0000)

Polling page: 0x0000013ec4ca0000

Metaspace:

Usage:
  Non-class:     15.44 MB capacity,    14.75 MB ( 96%) used,   679.80 KB (  4%) free+waste,    24.06 KB ( <1%) overhead. 
      Class:      2.16 MB capacity,     1.89 MB ( 88%) used,   261.31 KB ( 12%) free+waste,    11.38 KB ( <1%) overhead. 
       Both:     17.60 MB capacity,    16.64 MB ( 95%) used,   941.11 KB (  5%) free+waste,    35.44 KB ( <1%) overhead. 

Virtual space:
  Non-class space:       16.00 MB reserved,      15.50 MB ( 97%) committed 
      Class space:        1.00 GB reserved,       2.25 MB ( <1%) committed 
             Both:        1.02 GB reserved,      17.75 MB (  2%) committed 

Chunk freelists:
   Non-Class:  0 bytes
       Class:  1.00 KB
        Both:  1.00 KB

MaxMetaspaceSize: 17179869184.00 GB
CompressedClassSpaceSize: 1.00 GB

CodeHeap 'non-profiled nmethods': size=120000Kb used=2532Kb max_used=3016Kb free=117467Kb
 bounds [0x0000013ed6890000, 0x0000013ed6b90000, 0x0000013edddc0000]
CodeHeap 'profiled nmethods': size=120000Kb used=8369Kb max_used=10399Kb free=111631Kb
 bounds [0x0000013ecf360000, 0x0000013ecfd90000, 0x0000013ed6890000]
CodeHeap 'non-nmethods': size=5760Kb used=1189Kb max_used=1267Kb free=4570Kb
 bounds [0x0000013ecedc0000, 0x0000013ecf030000, 0x0000013ecf360000]
 total_blobs=6361 nmethods=3715 adapters=358
 compilation: enabled
              stopped_count=0, restarted_count=0
 full_count=0

Compilation events (20 events):
Event: 4.824 Thread 0x0000013ee54a9800 4392       3       java.lang.ProcessEnvironment$CheckedEntry::getKey (13 bytes)
Event: 4.825 Thread 0x0000013ee54a9800 nmethod 4392 0x0000013ecf8c7b10 code [0x0000013ecf8c7cc0, 0x0000013ecf8c7fa8]
Event: 4.827 Thread 0x0000013ee54a9800 4395       3       java.lang.invoke.LambdaForm$BasicType::basicType (19 bytes)
Event: 4.827 Thread 0x0000013ee54a9800 nmethod 4395 0x0000013ecf94e710 code [0x0000013ecf94e8e0, 0x0000013ecf94eb18]
Event: 4.828 Thread 0x0000013ee54a9800 4396   !   3       java.lang.invoke.MemberName$Factory::resolve (157 bytes)
Event: 4.828 Thread 0x0000013ee54a9800 nmethod 4396 0x0000013ecf772190 code [0x0000013ecf7723c0, 0x0000013ecf772aa8]
Event: 4.828 Thread 0x0000013ee54a9800 4398       3       java.lang.invoke.MemberName::isResolved (13 bytes)
Event: 4.828 Thread 0x0000013ee54a9800 nmethod 4398 0x0000013ecf5af410 code [0x0000013ecf5af5a0, 0x0000013ecf5af718]
Event: 4.829 Thread 0x0000013ee54a9800 4401       1       java.lang.invoke.MethodHandles$Lookup::previousLookupClass (5 bytes)
Event: 4.829 Thread 0x0000013ee54a9800 nmethod 4401 0x0000013ed6940490 code [0x0000013ed6940620, 0x0000013ed69406f8]
Event: 4.830 Thread 0x0000013ee54a9800 4403       3       java.lang.invoke.MethodTypeForm::canonicalize (64 bytes)
Event: 4.830 Thread 0x0000013ee54a9800 nmethod 4403 0x0000013ecfa85f10 code [0x0000013ecfa860e0, 0x0000013ecfa863c8]
Event: 4.830 Thread 0x0000013ee54a9800 4404       3       java.lang.invoke.MethodType$ConcurrentWeakInternSet::add (66 bytes)
Event: 4.831 Thread 0x0000013ee54a9800 nmethod 4404 0x0000013ecf3ba810 code [0x0000013ecf3baa80, 0x0000013ecf3bb9a8]
Event: 4.831 Thread 0x0000013ee54a9800 4402       3       java.lang.invoke.MemberName::getReferenceKind (12 bytes)
Event: 4.831 Thread 0x0000013ee54a9800 nmethod 4402 0x0000013ecf644690 code [0x0000013ecf644820, 0x0000013ecf644958]
Event: 4.831 Thread 0x0000013ee54a9800 4408       3       sun.invoke.util.Wrapper::forPrimitiveType (49 bytes)
Event: 4.833 Thread 0x0000013ee54a9800 nmethod 4408 0x0000013ecf3c2610 code [0x0000013ecf3c29a0, 0x0000013ecf3c3f48]
Event: 4.834 Thread 0x0000013ee54a9800 4410       3       java.lang.invoke.LambdaForm::uncustomize (57 bytes)
Event: 4.834 Thread 0x0000013ee54a9800 nmethod 4410 0x0000013ecfcad190 code [0x0000013ecfcad340, 0x0000013ecfcad668]

GC Heap History (10 events):
Event: 0.567 GC heap before
{Heap before GC invocations=0 (full 0):
 garbage-first heap   total 114688K, used 22528K [0x0000000091800000, 0x0000000100000000)
  region size 1024K, 23 young (23552K), 0 survivors (0K)
 Metaspace       used 4844K, capacity 7525K, committed 7552K, reserved 1056768K
  class space    used 611K, capacity 894K, committed 896K, reserved 1048576K
}
Event: 0.575 GC heap after
{Heap after GC invocations=1 (full 0):
 garbage-first heap   total 114688K, used 3353K [0x0000000091800000, 0x0000000100000000)
  region size 1024K, 3 young (3072K), 3 survivors (3072K)
 Metaspace       used 4844K, capacity 7525K, committed 7552K, reserved 1056768K
  class space    used 611K, capacity 894K, committed 896K, reserved 1048576K
}
Event: 1.162 GC heap before
{Heap before GC invocations=1 (full 0):
 garbage-first heap   total 114688K, used 34073K [0x0000000091800000, 0x0000000100000000)
  region size 1024K, 33 young (33792K), 3 survivors (3072K)
 Metaspace       used 10404K, capacity 12425K, committed 12672K, reserved 1060864K
  class space    used 1316K, capacity 1558K, committed 1664K, reserved 1048576K
}
Event: 1.175 GC heap after
{Heap after GC invocations=2 (full 0):
 garbage-first heap   total 114688K, used 5516K [0x0000000091800000, 0x0000000100000000)
  region size 1024K, 3 young (3072K), 3 survivors (3072K)
 Metaspace       used 10404K, capacity 12425K, committed 12672K, reserved 1060864K
  class space    used 1316K, capacity 1558K, committed 1664K, reserved 1048576K
}
Event: 2.046 GC heap before
{Heap before GC invocations=2 (full 0):
 garbage-first heap   total 114688K, used 71052K [0x0000000091800000, 0x0000000100000000)
  region size 1024K, 67 young (68608K), 3 survivors (3072K)
 Metaspace       used 12907K, capacity 14363K, committed 14592K, reserved 1062912K
  class space    used 1520K, capacity 1730K, committed 1792K, reserved 1048576K
}
Event: 2.063 GC heap after
{Heap after GC invocations=3 (full 0):
 garbage-first heap   total 114688K, used 13305K [0x0000000091800000, 0x0000000100000000)
  region size 1024K, 9 young (9216K), 9 survivors (9216K)
 Metaspace       used 12907K, capacity 14363K, committed 14592K, reserved 1062912K
  class space    used 1520K, capacity 1730K, committed 1792K, reserved 1048576K
}
Event: 2.616 GC heap before
{Heap before GC invocations=3 (full 0):
 garbage-first heap   total 114688K, used 72697K [0x0000000091800000, 0x0000000100000000)
  region size 1024K, 67 young (68608K), 9 survivors (9216K)
 Metaspace       used 13285K, capacity 14706K, committed 14848K, reserved 1062912K
  class space    used 1528K, capacity 1737K, committed 1792K, reserved 1048576K
}
Event: 2.634 GC heap after
{Heap after GC invocations=4 (full 0):
 garbage-first heap   total 114688K, used 19320K [0x0000000091800000, 0x0000000100000000)
  region size 1024K, 6 young (6144K), 6 survivors (6144K)
 Metaspace       used 13285K, capacity 14706K, committed 14848K, reserved 1062912K
  class space    used 1528K, capacity 1737K, committed 1792K, reserved 1048576K
}
Event: 3.642 GC heap before
{Heap before GC invocations=4 (full 0):
 garbage-first heap   total 114688K, used 78712K [0x0000000091800000, 0x0000000100000000)
  region size 1024K, 64 young (65536K), 6 survivors (6144K)
 Metaspace       used 14655K, capacity 15886K, committed 16000K, reserved 1062912K
  class space    used 1646K, capacity 1874K, committed 1920K, reserved 1048576K
}
Event: 3.651 GC heap after
{Heap after GC invocations=5 (full 0):
 garbage-first heap   total 147456K, used 23446K [0x0000000091800000, 0x0000000100000000)
  region size 1024K, 4 young (4096K), 4 survivors (4096K)
 Metaspace       used 14655K, capacity 15886K, committed 16000K, reserved 1062912K
  class space    used 1646K, capacity 1874K, committed 1920K, reserved 1048576K
}

Deoptimization events (20 events):
Event: 4.520 Thread 0x0000013ee76cc000 Uncommon trap: trap_request=0xffffff45 fr.pc=0x0000013ed6b0fdd0 relative=0x0000000000000490
Event: 4.520 Thread 0x0000013ee76cc000 Uncommon trap: reason=unstable_if action=reinterpret pc=0x0000013ed6b0fdd0 method=java.util.jar.Manifest$FastInputStream.readLine([BII)I @ 90 c2
Event: 4.520 Thread 0x0000013ee76cc000 DEOPT PACKING pc=0x0000013ed6b0fdd0 sp=0x0000001fad1fdc20
Event: 4.520 Thread 0x0000013ee76cc000 DEOPT UNPACKING pc=0x0000013ecee0912f sp=0x0000001fad1fdbb0 mode 2
Event: 4.568 Thread 0x0000013ee76cc000 DEOPT PACKING pc=0x0000013ecf53cab2 sp=0x0000001fad1fdef0
Event: 4.568 Thread 0x0000013ee76cc000 DEOPT UNPACKING pc=0x0000013ecee0964e sp=0x0000001fad1fd388 mode 0
Event: 4.572 Thread 0x0000013ee76cc000 DEOPT PACKING pc=0x0000013ecf53cab2 sp=0x0000001fad1fdf40
Event: 4.572 Thread 0x0000013ee76cc000 DEOPT UNPACKING pc=0x0000013ecee0964e sp=0x0000001fad1fd3d8 mode 0
Event: 4.575 Thread 0x0000013ee76cc000 DEOPT PACKING pc=0x0000013ecf53cab2 sp=0x0000001fad1fdf80
Event: 4.575 Thread 0x0000013ee76cc000 DEOPT UNPACKING pc=0x0000013ecee0964e sp=0x0000001fad1fd418 mode 0
Event: 4.588 Thread 0x0000013ee76cc000 DEOPT PACKING pc=0x0000013ecf53cab2 sp=0x0000001fad1fdef0
Event: 4.588 Thread 0x0000013ee76cc000 DEOPT UNPACKING pc=0x0000013ecee0964e sp=0x0000001fad1fd388 mode 0
Event: 4.821 Thread 0x0000013ee76cc000 Uncommon trap: trap_request=0xffffffde fr.pc=0x0000013ed6a3c714 relative=0x0000000000000074
Event: 4.821 Thread 0x0000013ee76cc000 Uncommon trap: reason=class_check action=maybe_recompile pc=0x0000013ed6a3c714 method=java.util.Collections$UnmodifiableMap.size()I @ 4 c2
Event: 4.821 Thread 0x0000013ee76cc000 DEOPT PACKING pc=0x0000013ed6a3c714 sp=0x0000001fad1feb20
Event: 4.821 Thread 0x0000013ee76cc000 DEOPT UNPACKING pc=0x0000013ecee0912f sp=0x0000001fad1feaa8 mode 2
Event: 4.836 Thread 0x0000013ee76cc000 Uncommon trap: trap_request=0xffffffde fr.pc=0x0000013ed6a6e4e0 relative=0x00000000000004a0
Event: 4.836 Thread 0x0000013ee76cc000 Uncommon trap: reason=class_check action=maybe_recompile pc=0x0000013ed6a6e4e0 method=java.util.Hashtable.get(Ljava/lang/Object;)Ljava/lang/Object; @ 6 c2
Event: 4.836 Thread 0x0000013ee76cc000 DEOPT PACKING pc=0x0000013ed6a6e4e0 sp=0x0000001fad1fea00
Event: 4.836 Thread 0x0000013ee76cc000 DEOPT UNPACKING pc=0x0000013ecee0912f sp=0x0000001fad1fe9b0 mode 2

Classes unloaded (0 events):
No events

Classes redefined (0 events):
No events

Internal exceptions (20 events):
Event: 1.879 Thread 0x0000013ee76cc000 Implicit null exception at 0x0000013ed690ce2f to 0x0000013ed690cead
Event: 1.944 Thread 0x0000013ee76cc000 Implicit null exception at 0x0000013ed698a706 to 0x0000013ed698aa44
Event: 1.944 Thread 0x0000013ee76cc000 Implicit null exception at 0x0000013ed69c7d07 to 0x0000013ed69c7e54
Event: 1.945 Thread 0x0000013ee76cc000 Implicit null exception at 0x0000013ed6910ee8 to 0x0000013ed6910f7a
Event: 1.962 Thread 0x0000013ee76cc000 Implicit null exception at 0x0000013ed69b5e36 to 0x0000013ed69b63c0
Event: 3.846 Thread 0x0000013ee76cc000 Implicit null exception at 0x0000013ed69ef69f to 0x0000013ed69f1f08
Event: 4.641 Thread 0x0000013ee76cc000 Exception <a 'java/lang/NoClassDefFoundError'{0x0000000096e033a8}: org/sonatype/aether/resolution/ArtifactDescriptorException> (0x0000000096e033a8) 
thrown [t:/workspace/open/src/hotspot/share/classfile/systemDictionary.cpp, line 215]
Event: 4.663 Thread 0x0000013ee76cc000 Exception <a 'java/lang/NoClassDefFoundError'{0x0000000096d92388}: org/sonatype/aether/graph/Dependency> (0x0000000096d92388) 
thrown [t:/workspace/open/src/hotspot/share/classfile/systemDictionary.cpp, line 215]
Event: 4.684 Thread 0x0000013ee76cc000 Exception <a 'java/lang/NoClassDefFoundError'{0x0000000096cc6328}: org/sonatype/aether/artifact/Artifact> (0x0000000096cc6328) 
thrown [t:/workspace/open/src/hotspot/share/classfile/systemDictionary.cpp, line 215]
Event: 4.686 Thread 0x0000013ee76cc000 Exception <a 'java/lang/NoClassDefFoundError'{0x0000000096ce53a0}: org/sonatype/aether/artifact/ArtifactType> (0x0000000096ce53a0) 
thrown [t:/workspace/open/src/hotspot/share/classfile/systemDictionary.cpp, line 215]
Event: 4.696 Thread 0x0000013ee76cc000 Exception <a 'java/lang/NoClassDefFoundError'{0x0000000096b94f10}: org/sonatype/aether/deployment/DeploymentException> (0x0000000096b94f10) 
thrown [t:/workspace/open/src/hotspot/share/classfile/systemDictionary.cpp, line 215]
Event: 4.705 Thread 0x0000013ee76cc000 Exception <a 'java/lang/NoClassDefFoundError'{0x0000000096a4b480}: org/sonatype/aether/artifact/Artifact> (0x0000000096a4b480) 
thrown [t:/workspace/open/src/hotspot/share/classfile/systemDictionary.cpp, line 215]
Event: 4.732 Thread 0x0000013ee76cc000 Exception <a 'java/lang/NoClassDefFoundError'{0x00000000969ade30}: org/sonatype/aether/artifact/Artifact> (0x00000000969ade30) 
thrown [t:/workspace/open/src/hotspot/share/classfile/systemDictionary.cpp, line 215]
Event: 4.733 Thread 0x0000013ee76cc000 Exception <a 'java/lang/NoClassDefFoundError'{0x00000000969c3ab0}: org/sonatype/aether/installation/InstallationException> (0x00000000969c3ab0) 
thrown [t:/workspace/open/src/hotspot/share/classfile/systemDictionary.cpp, line 215]
Event: 4.748 Thread 0x0000013ee76cc000 Exception <a 'java/lang/NoSuchMethodError'{0x000000009688a978}: 'int java.lang.invoke.DirectMethodHandle$Holder.invokeStaticInit(java.lang.Object, java.lang.Object)'> (0x000000009688a978) 
thrown [t:/workspace/open/src/hotspot/share/interpreter/linkResolver.cpp, line 766]
Event: 4.752 Thread 0x0000013ee76cc000 Exception <a 'java/lang/NoSuchMethodError'{0x00000000968995c0}: 'java.lang.Object java.lang.invoke.Invokers$Holder.invokeExact_MT(java.lang.Object, java.lang.Object, java.lang.Object, java.lang.Object, java.lang.Object, java.lang.Object)'> (0x00000000968995c0) 
thrown [t:/workspace/open/src/hotspot/share/interpreter/linkResolver.cpp, line 766]
Event: 4.827 Thread 0x0000013ee76cc000 Exception <a 'java/lang/NoSuchMethodError'{0x00000000965509c8}: 'void java.lang.invoke.DirectMethodHandle$Holder.invokeStatic(java.lang.Object, long)'> (0x00000000965509c8) 
thrown [t:/workspace/open/src/hotspot/share/interpreter/linkResolver.cpp, line 766]
Event: 4.830 Thread 0x0000013ee76cc000 Exception <a 'java/lang/NoSuchMethodError'{0x000000009655b828}: 'java.lang.Object java.lang.invoke.DirectMethodHandle$Holder.invokeStaticInit(java.lang.Object, java.lang.Object, long, java.lang.Object)'> (0x000000009655b828) 
thrown [t:/workspace/open/src/hotspot/share/interpreter/linkResolver.cpp, line 766]
Event: 4.830 Thread 0x0000013ee76cc000 Exception <a 'java/lang/NoSuchMethodError'{0x0000000096561818}: 'java.lang.Object java.lang.invoke.Invokers$Holder.linkToTargetMethod(java.lang.Object, long, java.lang.Object)'> (0x0000000096561818) 
thrown [t:/workspace/open/src/hotspot/share/interpreter/linkResolver.cpp, line 766]
Event: 4.833 Thread 0x0000013ee76cc000 Exception <a 'java/lang/NoSuchMethodError'{0x0000000096564b70}: 'int java.lang.invoke.DirectMethodHandle$Holder.invokeVirtual(java.lang.Object, java.lang.Object)'> (0x0000000096564b70) 
thrown [t:/workspace/open/src/hotspot/share/interpreter/linkResolver.cpp, line 766]

Events (20 events):
Event: 4.832 loading class java/lang/ProcessBuilder$NullInputStream
Event: 4.832 loading class java/lang/ProcessBuilder$NullInputStream done
Event: 4.834 loading class sun/misc/Signal
Event: 4.835 loading class sun/misc/Signal done
Event: 4.835 loading class sun/misc/SignalHandler
Event: 4.835 loading class sun/misc/SignalHandler done
Event: 4.835 loading class sun/invoke/util/VerifyAccess$1
Event: 4.835 loading class sun/invoke/util/VerifyAccess$1 done
Event: 4.835 Executing VM operation: HandshakeOneThread
Event: 4.835 Executing VM operation: HandshakeOneThread done
Event: 4.836 loading class sun/misc/Signal$InternalMiscHandler
Event: 4.836 loading class sun/misc/Signal$InternalMiscHandler done
Event: 4.836 loading class sun/misc/Signal$SunMiscHandler
Event: 4.836 loading class sun/misc/Signal$SunMiscHandler done
Event: 4.836 Executing VM operation: HandshakeOneThread
Event: 4.836 Executing VM operation: HandshakeOneThread done
Event: 4.836 Executing VM operation: HandshakeOneThread
Event: 4.836 Executing VM operation: HandshakeOneThread done
Event: 4.836 Executing VM operation: HandshakeOneThread
Event: 4.836 Executing VM operation: HandshakeOneThread done


Dynamic libraries:
0x00007ff6929f0000 - 0x00007ff6929ff000 	C:\Program Files\Java\jdk-14\bin\java.exe
0x00007ff82ac30000 - 0x00007ff82ae26000 	C:\WINDOWS\SYSTEM32\ntdll.dll
0x00007ff828e00000 - 0x00007ff828ebd000 	C:\WINDOWS\System32\KERNEL32.DLL
0x00007ff8287b0000 - 0x00007ff828a79000 	C:\WINDOWS\System32\KERNELBASE.dll
0x00007ff8285a0000 - 0x00007ff8286a0000 	C:\WINDOWS\System32\ucrtbase.dll
0x00007ff822640000 - 0x00007ff822655000 	C:\Program Files\Java\jdk-14\bin\VCRUNTIME140.dll
0x00007ff8145d0000 - 0x00007ff8145e8000 	C:\Program Files\Java\jdk-14\bin\jli.dll
0x00007ff82a2f0000 - 0x00007ff82a39c000 	C:\WINDOWS\System32\ADVAPI32.dll
0x00007ff82a750000 - 0x00007ff82a7ee000 	C:\WINDOWS\System32\msvcrt.dll
0x00007ff828d00000 - 0x00007ff828d9c000 	C:\WINDOWS\System32\sechost.dll
0x00007ff828ec0000 - 0x00007ff828feb000 	C:\WINDOWS\System32\RPCRT4.dll
0x00007ff82a800000 - 0x00007ff82a9a0000 	C:\WINDOWS\System32\USER32.dll
0x00007ff828780000 - 0x00007ff8287a2000 	C:\WINDOWS\System32\win32u.dll
0x00007ff80c750000 - 0x00007ff80c9eb000 	C:\WINDOWS\WinSxS\amd64_microsoft.windows.common-controls_6595b64144ccf1df_6.0.19041.488_none_ca04af081b815d21\COMCTL32.dll
0x00007ff82a450000 - 0x00007ff82a47a000 	C:\WINDOWS\System32\GDI32.dll
0x00007ff828a80000 - 0x00007ff828b89000 	C:\WINDOWS\System32\gdi32full.dll
0x00007ff828b90000 - 0x00007ff828c2d000 	C:\WINDOWS\System32\msvcp_win.dll
0x00007ff81df30000 - 0x00007ff81df3a000 	C:\WINDOWS\SYSTEM32\VERSION.dll
0x00007ff8291a0000 - 0x00007ff8291d0000 	C:\WINDOWS\System32\IMM32.DLL
0x00007ff813ad0000 - 0x00007ff813b6b000 	C:\Program Files\Java\jdk-14\bin\msvcp140.dll
0x00007ffffbce0000 - 0x00007ffffc7ff000 	C:\Program Files\Java\jdk-14\bin\server\jvm.dll
0x00007ff828cf0000 - 0x00007ff828cf8000 	C:\WINDOWS\System32\PSAPI.DLL
0x00007ff81df00000 - 0x00007ff81df27000 	C:\WINDOWS\SYSTEM32\WINMM.dll
0x00007ff823630000 - 0x00007ff823639000 	C:\WINDOWS\SYSTEM32\WSOCK32.dll
0x00007ff829b30000 - 0x00007ff829b9b000 	C:\WINDOWS\System32\WS2_32.dll
0x00007ff8262c0000 - 0x00007ff8262d2000 	C:\WINDOWS\SYSTEM32\kernel.appcore.dll
0x00007ff823390000 - 0x00007ff82339a000 	C:\Program Files\Java\jdk-14\bin\jimage.dll
0x00007ff821530000 - 0x00007ff821714000 	C:\WINDOWS\SYSTEM32\DBGHELP.DLL
0x00007ff81ef80000 - 0x00007ff81efac000 	C:\WINDOWS\SYSTEM32\dbgcore.DLL
0x00007ff828370000 - 0x00007ff8283f0000 	C:\WINDOWS\System32\bcryptPrimitives.dll
0x00007ff8225b0000 - 0x00007ff8225d5000 	C:\Program Files\Java\jdk-14\bin\java.dll
0x00007ff822550000 - 0x00007ff822567000 	C:\Program Files\Java\jdk-14\bin\zip.dll
0x00007ff829ba0000 - 0x00007ff82a2e2000 	C:\WINDOWS\System32\SHELL32.dll
0x00007ff8264c0000 - 0x00007ff826c55000 	C:\WINDOWS\SYSTEM32\windows.storage.dll
0x00007ff829750000 - 0x00007ff829aa6000 	C:\WINDOWS\System32\combase.dll
0x00007ff827d10000 - 0x00007ff827d3c000 	C:\WINDOWS\SYSTEM32\Wldp.dll
0x00007ff8296a0000 - 0x00007ff82974e000 	C:\WINDOWS\System32\SHCORE.dll
0x00007ff828da0000 - 0x00007ff828df5000 	C:\WINDOWS\System32\shlwapi.dll
0x00007ff8282a0000 - 0x00007ff8282c6000 	C:\WINDOWS\SYSTEM32\profapi.dll
0x00007ff81a240000 - 0x00007ff81a259000 	C:\Program Files\Java\jdk-14\bin\net.dll
0x00007ff81efb0000 - 0x00007ff81f0b0000 	C:\WINDOWS\SYSTEM32\WINHTTP.dll
0x00007ff827a90000 - 0x00007ff827afa000 	C:\WINDOWS\system32\mswsock.dll
0x00007ff814690000 - 0x00007ff8146a2000 	C:\Program Files\Java\jdk-14\bin\nio.dll
0x00007ff822590000 - 0x00007ff8225a0000 	C:\Program Files\Java\jdk-14\bin\verify.dll

dbghelp: loaded successfully - version: 4.0.5 - missing functions: none
symbol engine: initialized successfully - sym options: 0x614 - pdb path: .;C:\Program Files\Java\jdk-14\bin;C:\WINDOWS\SYSTEM32;C:\WINDOWS\WinSxS\amd64_microsoft.windows.common-controls_6595b64144ccf1df_6.0.19041.488_none_ca04af081b815d21;C:\Program Files\Java\jdk-14\bin\server

VM Arguments:
jvm_args: -Dclassworlds.conf=C:\Program Files\TMCBeans\java\maven\bin\m2.conf -Dmaven.home=C:\Program Files\TMCBeans\java\maven -Dmaven.multiModuleProjectDirectory=C:\Users\tuppu\Documents\NetBeansProjects\mooc-wepa-itseopiskelu\osa02-Osa02_12.TodoApplication 
java_command: org.codehaus.plexus.classworlds.launcher.Launcher -Dexec.args=-classpath %classpath todoapplication.TodoApplication -Dexec.executable=C:\Program Files\Java\jdk-14\bin\java.exe -T=1 -q spring-boot:run
java_class_path (initial): C:\Program Files\TMCBeans\java\maven\boot\plexus-classworlds-2.5.2.jar
Launcher Type: SUN_STANDARD

[Global flags]
     intx CICompilerCount                          = 4                                         {product} {ergonomic}
     uint ConcGCThreads                            = 2                                         {product} {ergonomic}
     uint G1ConcRefinementThreads                  = 8                                         {product} {ergonomic}
   size_t G1HeapRegionSize                         = 1048576                                   {product} {ergonomic}
    uintx GCDrainStackTargetSize                   = 64                                        {product} {ergonomic}
   size_t InitialHeapSize                          = 117440512                                 {product} {ergonomic}
   size_t MarkStackSize                            = 4194304                                   {product} {ergonomic}
   size_t MaxHeapSize                              = 1853882368                                {product} {ergonomic}
   size_t MaxNewSize                               = 1111490560                                {product} {ergonomic}
   size_t MinHeapDeltaBytes                        = 1048576                                   {product} {ergonomic}
   size_t MinHeapSize                              = 8388608                                   {product} {ergonomic}
    uintx NonNMethodCodeHeapSize                   = 5839372                                {pd product} {ergonomic}
    uintx NonProfiledCodeHeapSize                  = 122909434                              {pd product} {ergonomic}
    uintx ProfiledCodeHeapSize                     = 122909434                              {pd product} {ergonomic}
    uintx ReservedCodeCacheSize                    = 251658240                              {pd product} {ergonomic}
     bool SegmentedCodeCache                       = true                                      {product} {ergonomic}
   size_t SoftMaxHeapSize                          = 1853882368                             {manageable} {ergonomic}
     bool UseCompressedClassPointers               = true                                 {lp64_product} {ergonomic}
     bool UseCompressedOops                        = true                                 {lp64_product} {ergonomic}
     bool UseG1GC                                  = true                                      {product} {ergonomic}
     bool UseLargePagesIndividualAllocation        = false                                  {pd product} {ergonomic}

Logging:
Log output configuration:
 #0: stdout all=warning uptime,level,tags
 #1: stderr all=off uptime,level,tags

Environment Variables:
JAVA_HOME=C:\Program Files\Java\jdk-14
PATH=C:\Program Files (x86)\Common Files\Oracle\Java\javapath;C:\WINDOWS\system32;C:\WINDOWS;C:\WINDOWS\System32\Wbem;C:\WINDOWS\System32\WindowsPowerShell\v1.0\;C:\WINDOWS\System32\OpenSSH\;C:\Program Files (x86)\leJOS EV3\bin;C:\Program Files\Git\cmd;C:\Program Files\PuTTY\;C:\Users\samitup\applications\;C:\Users\tuppu\AppData\Local\Programs\Python\Python39\Scripts\;C:\Users\tuppu\AppData\Local\Programs\Python\Python39\;C:\Users\tuppu\AppData\Local\Microsoft\WindowsApps;;C:\Users\tuppu\AppData\Local\Programs\Microsoft VS Code\bin;C:\Users\tuppu\AppData\Roaming\npm
USERNAME=tuppu
OS=Windows_NT
PROCESSOR_IDENTIFIER=AMD64 Family 23 Model 17 Stepping 0, AuthenticAMD



---------------  S Y S T E M  ---------------

OS: Windows 10 , 64 bit Build 19041 (10.0.19041.662)
OS uptime: 20 days 23:22 hours

CPU:total 8 (initial active 8) (8 cores per cpu, 2 threads per core) family 23 model 17 stepping 0, cmov, cx8, fxsr, mmx, sse, sse2, sse3, ssse3, sse4.1, sse4.2, popcnt, avx, avx2, aes, clmul, mmxext, 3dnowpref, lzcnt, sse4a, ht, tsc, tscinvbit, tscinv, bmi1, bmi2, adx, sha, fma

Memory: 4k page, system-wide physical 7068M (2204M free)
TotalPageFile size 11164M (AvailPageFile size 31M)
current process WorkingSet (physical memory assigned to process): 232M, peak: 240M
current process commit charge ("private bytes"): 295M, peak: 305M

vm_info: Java HotSpot(TM) 64-Bit Server VM (14+36-1461) for windows-amd64 JRE (14+36-1461), built on Feb  6 2020 19:08:04 by "mach5one" with MS VC++ 15.9 (VS2017)

END.
