#
# There is insufficient memory for the Java Runtime Environment to continue.
# Native memory allocation (mmap) failed to map 24117248 bytes for Failed to commit area from 0x0000000098800000 to 0x0000000099f00000 of length 24117248.
# Possible reasons:
#   The system is out of physical RAM or swap space
#   The process is running with CompressedOops enabled, and the Java Heap may be blocking the growth of the native heap
# Possible solutions:
#   Reduce memory load on the system
#   Increase physical memory or swap space
#   Check if swap backing store is full
#   Decrease Java heap size (-Xmx/-Xms)
#   Decrease number of Java threads
#   Decrease Java thread stack sizes (-Xss)
#   Set larger code cache with -XX:ReservedCodeCacheSize=
#   JVM is running with Unscaled Compressed Oops mode in which the Java heap is
#     placed in the first 4GB address space. The Java Heap base address is the
#     maximum limit for the native heap growth. Please use -XX:HeapBaseMinAddress
#     to set the Java Heap base and to place the Java Heap above 4GB virtual address.
# This output file may be truncated or incomplete.
#
#  Out of Memory Error (t:/workspace/open/src/hotspot/os/windows/os_windows.cpp:3315), pid=5104, tid=5416
#
# JRE version: Java(TM) SE Runtime Environment (14.0+36) (build 14+36-1461)
# Java VM: Java HotSpot(TM) 64-Bit Server VM (14+36-1461, mixed mode, sharing, tiered, compressed oops, g1 gc, windows-amd64)
# No core dump will be written. Minidumps are not enabled by default on client versions of Windows
#

---------------  S U M M A R Y ------------

Command Line: todoapplication.TodoApplication

Host: AMD Ryzen 5 2500U with Radeon Vega Mobile Gfx  , 8 cores, 6G,  Windows 10 , 64 bit Build 19041 (10.0.19041.662)
Time: Wed Jan 27 02:23:17 2021 FLE Standard Time elapsed time: 1 seconds (0d 0h 0m 1s)

---------------  T H R E A D  ---------------

Current thread (0x000001e2f09ab800):  VMThread "VM Thread" [stack: 0x000000deffb00000,0x000000deffc00000] [id=5416]

Stack: [0x000000deffb00000,0x000000deffc00000]
[error occurred during error reporting (printing stack bounds), id 0xc0000005, EXCEPTION_ACCESS_VIOLATION (0xc0000005) at pc=0x000001e2daa710ad]

Native frames: (J=compiled Java code, j=interpreted, Vv=VM code, C=native code)
V  [jvm.dll+0x5f83ea]
V  [jvm.dll+0x741e2a]
V  [jvm.dll+0x7435df]
V  [jvm.dll+0x743b85]
V  [jvm.dll+0x743b3b]
V  [jvm.dll+0x5f791f]
V  [jvm.dll+0x5f8088]
C  [ntdll.dll+0xa130f]
C  [ntdll.dll+0x4b5e4]
C  [ntdll.dll+0x9fe3e]
C  0x000001e2daa710ad

VM_Operation (0x000000de80afcb60): CollectForMetadataAllocation, mode: safepoint, requested by thread 0x000001e2f21cf000


---------------  P R O C E S S  ---------------

Threads class SMR info:
_java_thread_list=0x000001e2f3dc0c60, length=15, elements={
0x000001e2d22cf000, 0x000001e2f09ae000, 0x000001e2f09af000, 0x000001e2f09c5000,
0x000001e2f09c8000, 0x000001e2f09c9000, 0x000001e2f09cf000, 0x000001e2f09d0000,
0x000001e2f12e8800, 0x000001e2f1411800, 0x000001e2f1426000, 0x000001e2f1577000,
0x000001e2f21ce000, 0x000001e2f21cf000, 0x000001e2f2b5e000
}

Java Threads: ( => current thread )
  0x000001e2d22cf000 JavaThread "main" [_thread_blocked, id=1460, stack(0x000000deff500000,0x000000deff600000)]
  0x000001e2f09ae000 JavaThread "Reference Handler" daemon [_thread_blocked, id=15476, stack(0x000000deffc00000,0x000000deffd00000)]
  0x000001e2f09af000 JavaThread "Finalizer" daemon [_thread_blocked, id=6220, stack(0x000000deffd00000,0x000000deffe00000)]
  0x000001e2f09c5000 JavaThread "Signal Dispatcher" daemon [_thread_blocked, id=10588, stack(0x000000deffe00000,0x000000defff00000)]
  0x000001e2f09c8000 JavaThread "Attach Listener" daemon [_thread_blocked, id=6544, stack(0x000000defff00000,0x000000df00000000)]
  0x000001e2f09c9000 JavaThread "Service Thread" daemon [_thread_blocked, id=16164, stack(0x000000de80000000,0x000000de80100000)]
  0x000001e2f09cf000 JavaThread "C2 CompilerThread0" daemon [_thread_in_native, id=11392, stack(0x000000de80100000,0x000000de80200000)]
  0x000001e2f09d0000 JavaThread "C1 CompilerThread0" daemon [_thread_blocked, id=9120, stack(0x000000de80200000,0x000000de80300000)]
  0x000001e2f12e8800 JavaThread "Sweeper thread" daemon [_thread_blocked, id=15708, stack(0x000000de80300000,0x000000de80400000)]
  0x000001e2f1411800 JavaThread "Notification Thread" daemon [_thread_blocked, id=3036, stack(0x000000de80400000,0x000000de80500000)]
  0x000001e2f1426000 JavaThread "Common-Cleaner" daemon [_thread_blocked, id=12144, stack(0x000000de80600000,0x000000de80700000)]
  0x000001e2f1577000 JavaThread "C2 CompilerThread1" daemon [_thread_in_native, id=1712, stack(0x000000de80700000,0x000000de80800000)]
  0x000001e2f21ce000 JavaThread "Thread-0" [_thread_blocked, id=11572, stack(0x000000de80900000,0x000000de80a00000)]
  0x000001e2f21cf000 JavaThread "restartedMain" [_thread_blocked, id=8292, stack(0x000000de80a00000,0x000000de80b00000)]
  0x000001e2f2b5e000 JavaThread "C2 CompilerThread2" daemon [_thread_in_native, id=6016, stack(0x000000de80c00000,0x000000de80d00000)]

Other Threads:
=>0x000001e2f09ab800 VMThread "VM Thread" [stack: 0x000000deffb00000,0x000000deffc00000] [id=5416]
  0x000001e2f1412800 WatcherThread [stack: 0x000000de80500000,0x000000de80600000] [id=8372]
  0x000001e2d230d800 GCTaskThread "GC Thread#0" [stack: 0x000000deff600000,0x000000deff700000] [id=14308]
  0x000001e2f225d000 GCTaskThread "GC Thread#1" [stack: 0x000000de80800000,0x000000de80900000] [id=9172]
  0x000001e2f2b61000 GCTaskThread "GC Thread#2" [stack: 0x000000de80d00000,0x000000de80e00000] [id=14724]
  0x000001e2f2bb8800 GCTaskThread "GC Thread#3" [stack: 0x000000de80e00000,0x000000de80f00000] [id=12708]
  0x000001e2f3ed3800 GCTaskThread "GC Thread#4" [stack: 0x000000de80f00000,0x000000de81000000] [id=14768]
  0x000001e2f2b42000 GCTaskThread "GC Thread#5" [stack: 0x000000de81000000,0x000000de81100000] [id=8156]
  0x000001e2f2c0f800 GCTaskThread "GC Thread#6" [stack: 0x000000de81100000,0x000000de81200000] [id=84]
  0x000001e2f2ad8000 GCTaskThread "GC Thread#7" [stack: 0x000000de81200000,0x000000de81300000] [id=14124]
  0x000001e2d231e000 ConcurrentGCThread "G1 Main Marker" [stack: 0x000000deff700000,0x000000deff800000] [id=14372]
  0x000001e2d231f800 ConcurrentGCThread "G1 Conc#0" [stack: 0x000000deff800000,0x000000deff900000] [id=15840]
  0x000001e2f080c800 ConcurrentGCThread "G1 Refine#0" [stack: 0x000000deff900000,0x000000deffa00000] [id=15884]
  0x000001e2f080d000 ConcurrentGCThread "G1 Young RemSet Sampling" [stack: 0x000000deffa00000,0x000000deffb00000] [id=9876]

Threads with active compile tasks:
C2 CompilerThread0     1985 2208       4       jdk.internal.module.SystemModuleFinders$SystemModuleReader::find (54 bytes)
C1 CompilerThread0     1985 2315       3       java.io.BufferedInputStream::fill (203 bytes)
C2 CompilerThread1     1985 2161   !   4       org.apache.tomcat.util.IntrospectionUtils::setProperty (736 bytes)
C2 CompilerThread2     1985 2188  s    4       jdk.internal.jimage.BasicImageReader::findLocation (115 bytes)

VM state:at safepoint (normal execution)

VM Mutex/Monitor currently owned by a thread:  ([mutex/lock_event])
[0x000001e2d22cb1d0] Threads_lock - owner thread: 0x000001e2f09ab800
[0x000001e2d22ca720] Heap_lock - owner thread: 0x000001e2f21cf000
[0x000001e2d22cb2f0] MethodData_lock - owner thread: 0x000001e2f21cf000

Heap address: 0x0000000091800000, size: 1768 MB, Compressed Oops mode: 32-bit
Narrow klass base: 0x0000000800000000, Narrow klass shift: 3
Compressed class space size: 1073741824 Address: 0x0000000800b30000

Heap:
 garbage-first heap   total 138240K, used 13132K [0x0000000091800000, 0x0000000100000000)
  region size 1024K, 3 young (3072K), 3 survivors (3072K)
 Metaspace       used 20524K, capacity 21091K, committed 21296K, reserved 1067008K
  class space    used 2606K, capacity 2849K, committed 2944K, reserved 1048576K
Heap Regions: E=young(eden), S=young(survivor), O=old, HS=humongous(starts), HC=humongous(continues), CS=collection set, F=free, OA=open archive, CA=closed archive, TAMS=top-at-mark-start (previous, next)
|   0|0x0000000091800000, 0x0000000091900000, 0x0000000091900000|100%|HS|  |TAMS 0x0000000091800000, 0x0000000091900000| Complete 
|   1|0x0000000091900000, 0x0000000091a00000, 0x0000000091a00000|100%| O|  |TAMS 0x0000000091900000, 0x0000000091a00000| Untracked 
|   2|0x0000000091a00000, 0x0000000091b00000, 0x0000000091b00000|100%| O|  |TAMS 0x0000000091a00000, 0x0000000091b00000| Untracked 
|   3|0x0000000091b00000, 0x0000000091c00000, 0x0000000091c00000|100%| O|  |TAMS 0x0000000091b00000, 0x0000000091c00000| Untracked 
|   4|0x0000000091c00000, 0x0000000091d00000, 0x0000000091d00000|100%| O|  |TAMS 0x0000000091c00000, 0x0000000091d00000| Untracked 
|   5|0x0000000091d00000, 0x0000000091e00000, 0x0000000091e00000|100%| O|  |TAMS 0x0000000091d00000, 0x0000000091e00000| Untracked 
|   6|0x0000000091e00000, 0x0000000091f00000, 0x0000000091f00000|100%| O|  |TAMS 0x0000000091e00000, 0x0000000091f00000| Untracked 
|   7|0x0000000091f00000, 0x0000000092000000, 0x0000000092000000|100%| O|  |TAMS 0x0000000091f00000, 0x0000000091f6d400| Untracked 
|   8|0x0000000092000000, 0x0000000092100000, 0x0000000092100000|100%| O|  |TAMS 0x0000000092000000, 0x0000000092000000| Untracked 
|   9|0x0000000092100000, 0x00000000921f9600, 0x0000000092200000| 97%| O|  |TAMS 0x0000000092100000, 0x0000000092100000| Untracked 
|  10|0x0000000092200000, 0x0000000092200000, 0x0000000092300000|  0%| F|  |TAMS 0x0000000092200000, 0x0000000092200000| Untracked 
|  11|0x0000000092300000, 0x0000000092300000, 0x0000000092400000|  0%| F|  |TAMS 0x0000000092300000, 0x0000000092300000| Untracked 
|  12|0x0000000092400000, 0x0000000092400000, 0x0000000092500000|  0%| F|  |TAMS 0x0000000092400000, 0x0000000092400000| Untracked 
|  13|0x0000000092500000, 0x0000000092500000, 0x0000000092600000|  0%| F|  |TAMS 0x0000000092500000, 0x0000000092500000| Untracked 
|  14|0x0000000092600000, 0x0000000092600000, 0x0000000092700000|  0%| F|  |TAMS 0x0000000092600000, 0x0000000092600000| Untracked 
|  15|0x0000000092700000, 0x0000000092700000, 0x0000000092800000|  0%| F|  |TAMS 0x0000000092700000, 0x0000000092700000| Untracked 
|  16|0x0000000092800000, 0x0000000092800000, 0x0000000092900000|  0%| F|  |TAMS 0x0000000092800000, 0x0000000092800000| Untracked 
|  17|0x0000000092900000, 0x0000000092900000, 0x0000000092a00000|  0%| F|  |TAMS 0x0000000092900000, 0x0000000092900000| Untracked 
|  18|0x0000000092a00000, 0x0000000092a00000, 0x0000000092b00000|  0%| F|  |TAMS 0x0000000092a00000, 0x0000000092a00000| Untracked 
|  19|0x0000000092b00000, 0x0000000092b00000, 0x0000000092c00000|  0%| F|  |TAMS 0x0000000092b00000, 0x0000000092b00000| Untracked 
|  20|0x0000000092c00000, 0x0000000092c00000, 0x0000000092d00000|  0%| F|  |TAMS 0x0000000092c00000, 0x0000000092c00000| Untracked 
|  21|0x0000000092d00000, 0x0000000092d00000, 0x0000000092e00000|  0%| F|  |TAMS 0x0000000092d00000, 0x0000000092d00000| Untracked 
|  22|0x0000000092e00000, 0x0000000092e00000, 0x0000000092f00000|  0%| F|  |TAMS 0x0000000092e00000, 0x0000000092e00000| Untracked 
|  23|0x0000000092f00000, 0x0000000092f00000, 0x0000000093000000|  0%| F|  |TAMS 0x0000000092f00000, 0x0000000092f00000| Untracked 
|  24|0x0000000093000000, 0x0000000093000000, 0x0000000093100000|  0%| F|  |TAMS 0x0000000093000000, 0x0000000093000000| Untracked 
|  25|0x0000000093100000, 0x0000000093100000, 0x0000000093200000|  0%| F|  |TAMS 0x0000000093100000, 0x0000000093100000| Untracked 
|  26|0x0000000093200000, 0x0000000093200000, 0x0000000093300000|  0%| F|  |TAMS 0x0000000093200000, 0x0000000093200000| Untracked 
|  27|0x0000000093300000, 0x0000000093300000, 0x0000000093400000|  0%| F|  |TAMS 0x0000000093300000, 0x0000000093300000| Untracked 
|  28|0x0000000093400000, 0x0000000093400000, 0x0000000093500000|  0%| F|  |TAMS 0x0000000093400000, 0x0000000093400000| Untracked 
|  29|0x0000000093500000, 0x0000000093500000, 0x0000000093600000|  0%| F|  |TAMS 0x0000000093500000, 0x0000000093500000| Untracked 
|  30|0x0000000093600000, 0x0000000093600000, 0x0000000093700000|  0%| F|  |TAMS 0x0000000093600000, 0x0000000093600000| Untracked 
|  31|0x0000000093700000, 0x0000000093700000, 0x0000000093800000|  0%| F|  |TAMS 0x0000000093700000, 0x0000000093700000| Untracked 
|  32|0x0000000093800000, 0x0000000093800000, 0x0000000093900000|  0%| F|  |TAMS 0x0000000093800000, 0x0000000093800000| Untracked 
|  33|0x0000000093900000, 0x0000000093900000, 0x0000000093a00000|  0%| F|  |TAMS 0x0000000093900000, 0x0000000093900000| Untracked 
|  34|0x0000000093a00000, 0x0000000093a00000, 0x0000000093b00000|  0%| F|  |TAMS 0x0000000093a00000, 0x0000000093a00000| Untracked 
|  35|0x0000000093b00000, 0x0000000093b00000, 0x0000000093c00000|  0%| F|  |TAMS 0x0000000093b00000, 0x0000000093b00000| Untracked 
|  36|0x0000000093c00000, 0x0000000093c00000, 0x0000000093d00000|  0%| F|  |TAMS 0x0000000093c00000, 0x0000000093c00000| Untracked 
|  37|0x0000000093d00000, 0x0000000093d00000, 0x0000000093e00000|  0%| F|  |TAMS 0x0000000093d00000, 0x0000000093d00000| Untracked 
|  38|0x0000000093e00000, 0x0000000093e00000, 0x0000000093f00000|  0%| F|  |TAMS 0x0000000093e00000, 0x0000000093e00000| Untracked 
|  39|0x0000000093f00000, 0x0000000093f00000, 0x0000000094000000|  0%| F|  |TAMS 0x0000000093f00000, 0x0000000093f00000| Untracked 
|  40|0x0000000094000000, 0x0000000094000000, 0x0000000094100000|  0%| F|  |TAMS 0x0000000094000000, 0x0000000094000000| Untracked 
|  41|0x0000000094100000, 0x0000000094100000, 0x0000000094200000|  0%| F|  |TAMS 0x0000000094100000, 0x0000000094100000| Untracked 
|  42|0x0000000094200000, 0x0000000094200000, 0x0000000094300000|  0%| F|  |TAMS 0x0000000094200000, 0x0000000094200000| Untracked 
|  43|0x0000000094300000, 0x0000000094300000, 0x0000000094400000|  0%| F|  |TAMS 0x0000000094300000, 0x0000000094300000| Untracked 
|  44|0x0000000094400000, 0x0000000094400000, 0x0000000094500000|  0%| F|  |TAMS 0x0000000094400000, 0x0000000094400000| Untracked 
|  45|0x0000000094500000, 0x0000000094500000, 0x0000000094600000|  0%| F|  |TAMS 0x0000000094500000, 0x0000000094500000| Untracked 
|  46|0x0000000094600000, 0x0000000094600000, 0x0000000094700000|  0%| F|  |TAMS 0x0000000094600000, 0x0000000094600000| Untracked 
|  47|0x0000000094700000, 0x0000000094700000, 0x0000000094800000|  0%| F|  |TAMS 0x0000000094700000, 0x0000000094700000| Untracked 
|  48|0x0000000094800000, 0x0000000094800000, 0x0000000094900000|  0%| F|  |TAMS 0x0000000094800000, 0x0000000094800000| Untracked 
|  49|0x0000000094900000, 0x0000000094900000, 0x0000000094a00000|  0%| F|  |TAMS 0x0000000094900000, 0x0000000094900000| Untracked 
|  50|0x0000000094a00000, 0x0000000094a00000, 0x0000000094b00000|  0%| F|  |TAMS 0x0000000094a00000, 0x0000000094a00000| Untracked 
|  51|0x0000000094b00000, 0x0000000094b00000, 0x0000000094c00000|  0%| F|  |TAMS 0x0000000094b00000, 0x0000000094b00000| Untracked 
|  52|0x0000000094c00000, 0x0000000094c00000, 0x0000000094d00000|  0%| F|  |TAMS 0x0000000094c00000, 0x0000000094c00000| Untracked 
|  53|0x0000000094d00000, 0x0000000094d00000, 0x0000000094e00000|  0%| F|  |TAMS 0x0000000094d00000, 0x0000000094d00000| Untracked 
|  54|0x0000000094e00000, 0x0000000094e00000, 0x0000000094f00000|  0%| F|  |TAMS 0x0000000094e00000, 0x0000000094e00000| Untracked 
|  55|0x0000000094f00000, 0x0000000094f00000, 0x0000000095000000|  0%| F|  |TAMS 0x0000000094f00000, 0x0000000094f00000| Untracked 
|  56|0x0000000095000000, 0x0000000095000000, 0x0000000095100000|  0%| F|  |TAMS 0x0000000095000000, 0x0000000095000000| Untracked 
|  57|0x0000000095100000, 0x0000000095100000, 0x0000000095200000|  0%| F|  |TAMS 0x0000000095100000, 0x0000000095100000| Untracked 
|  58|0x0000000095200000, 0x0000000095200000, 0x0000000095300000|  0%| F|  |TAMS 0x0000000095200000, 0x0000000095200000| Untracked 
|  59|0x0000000095300000, 0x0000000095300000, 0x0000000095400000|  0%| F|  |TAMS 0x0000000095300000, 0x0000000095300000| Untracked 
|  60|0x0000000095400000, 0x0000000095400000, 0x0000000095500000|  0%| F|  |TAMS 0x0000000095400000, 0x0000000095400000| Untracked 
|  61|0x0000000095500000, 0x0000000095500000, 0x0000000095600000|  0%| F|  |TAMS 0x0000000095500000, 0x0000000095500000| Untracked 
|  62|0x0000000095600000, 0x0000000095600000, 0x0000000095700000|  0%| F|  |TAMS 0x0000000095600000, 0x0000000095600000| Untracked 
|  63|0x0000000095700000, 0x0000000095700000, 0x0000000095800000|  0%| F|  |TAMS 0x0000000095700000, 0x0000000095700000| Untracked 
|  64|0x0000000095800000, 0x0000000095800000, 0x0000000095900000|  0%| F|  |TAMS 0x0000000095800000, 0x0000000095800000| Untracked 
|  65|0x0000000095900000, 0x0000000095900000, 0x0000000095a00000|  0%| F|  |TAMS 0x0000000095900000, 0x0000000095900000| Untracked 
|  66|0x0000000095a00000, 0x0000000095a00000, 0x0000000095b00000|  0%| F|  |TAMS 0x0000000095a00000, 0x0000000095a00000| Untracked 
|  67|0x0000000095b00000, 0x0000000095b00000, 0x0000000095c00000|  0%| F|  |TAMS 0x0000000095b00000, 0x0000000095b00000| Untracked 
|  68|0x0000000095c00000, 0x0000000095c00000, 0x0000000095d00000|  0%| F|  |TAMS 0x0000000095c00000, 0x0000000095c00000| Untracked 
|  69|0x0000000095d00000, 0x0000000095d00000, 0x0000000095e00000|  0%| F|  |TAMS 0x0000000095d00000, 0x0000000095d00000| Untracked 
|  70|0x0000000095e00000, 0x0000000095e00000, 0x0000000095f00000|  0%| F|  |TAMS 0x0000000095e00000, 0x0000000095e00000| Untracked 
|  71|0x0000000095f00000, 0x0000000095f00000, 0x0000000096000000|  0%| F|  |TAMS 0x0000000095f00000, 0x0000000095f00000| Untracked 
|  72|0x0000000096000000, 0x0000000096000000, 0x0000000096100000|  0%| F|  |TAMS 0x0000000096000000, 0x0000000096000000| Untracked 
|  73|0x0000000096100000, 0x0000000096100000, 0x0000000096200000|  0%| F|  |TAMS 0x0000000096100000, 0x0000000096100000| Untracked 
|  74|0x0000000096200000, 0x0000000096200000, 0x0000000096300000|  0%| F|  |TAMS 0x0000000096200000, 0x0000000096200000| Untracked 
|  75|0x0000000096300000, 0x0000000096300000, 0x0000000096400000|  0%| F|  |TAMS 0x0000000096300000, 0x0000000096300000| Untracked 
|  76|0x0000000096400000, 0x0000000096400000, 0x0000000096500000|  0%| F|  |TAMS 0x0000000096400000, 0x0000000096400000| Untracked 
|  77|0x0000000096500000, 0x0000000096500000, 0x0000000096600000|  0%| F|  |TAMS 0x0000000096500000, 0x0000000096500000| Untracked 
|  78|0x0000000096600000, 0x0000000096600000, 0x0000000096700000|  0%| F|  |TAMS 0x0000000096600000, 0x0000000096600000| Untracked 
|  79|0x0000000096700000, 0x0000000096700000, 0x0000000096800000|  0%| F|  |TAMS 0x0000000096700000, 0x0000000096700000| Untracked 
|  80|0x0000000096800000, 0x0000000096800000, 0x0000000096900000|  0%| F|  |TAMS 0x0000000096800000, 0x0000000096800000| Untracked 
|  81|0x0000000096900000, 0x0000000096900000, 0x0000000096a00000|  0%| F|  |TAMS 0x0000000096900000, 0x0000000096900000| Untracked 
|  82|0x0000000096a00000, 0x0000000096a00000, 0x0000000096b00000|  0%| F|  |TAMS 0x0000000096a00000, 0x0000000096a00000| Untracked 
|  83|0x0000000096b00000, 0x0000000096b00000, 0x0000000096c00000|  0%| F|  |TAMS 0x0000000096b00000, 0x0000000096b00000| Untracked 
|  84|0x0000000096c00000, 0x0000000096c00000, 0x0000000096d00000|  0%| F|  |TAMS 0x0000000096c00000, 0x0000000096c00000| Untracked 
|  85|0x0000000096d00000, 0x0000000096d00000, 0x0000000096e00000|  0%| F|  |TAMS 0x0000000096d00000, 0x0000000096d00000| Untracked 
|  86|0x0000000096e00000, 0x0000000096e00000, 0x0000000096f00000|  0%| F|  |TAMS 0x0000000096e00000, 0x0000000096e00000| Untracked 
|  87|0x0000000096f00000, 0x0000000096f00000, 0x0000000097000000|  0%| F|  |TAMS 0x0000000096f00000, 0x0000000096f00000| Untracked 
|  88|0x0000000097000000, 0x0000000097000000, 0x0000000097100000|  0%| F|  |TAMS 0x0000000097000000, 0x0000000097000000| Untracked 
|  89|0x0000000097100000, 0x0000000097100000, 0x0000000097200000|  0%| F|  |TAMS 0x0000000097100000, 0x0000000097100000| Untracked 
|  90|0x0000000097200000, 0x0000000097200000, 0x0000000097300000|  0%| F|  |TAMS 0x0000000097200000, 0x0000000097200000| Untracked 
|  91|0x0000000097300000, 0x0000000097300000, 0x0000000097400000|  0%| F|  |TAMS 0x0000000097300000, 0x0000000097300000| Untracked 
|  92|0x0000000097400000, 0x0000000097400000, 0x0000000097500000|  0%| F|  |TAMS 0x0000000097400000, 0x0000000097400000| Untracked 
|  93|0x0000000097500000, 0x0000000097500000, 0x0000000097600000|  0%| F|  |TAMS 0x0000000097500000, 0x0000000097500000| Untracked 
|  94|0x0000000097600000, 0x0000000097600000, 0x0000000097700000|  0%| F|  |TAMS 0x0000000097600000, 0x0000000097600000| Untracked 
|  95|0x0000000097700000, 0x0000000097700000, 0x0000000097800000|  0%| F|  |TAMS 0x0000000097700000, 0x0000000097700000| Untracked 
|  96|0x0000000097800000, 0x0000000097800000, 0x0000000097900000|  0%| F|  |TAMS 0x0000000097800000, 0x0000000097800000| Untracked 
|  97|0x0000000097900000, 0x0000000097900000, 0x0000000097a00000|  0%| F|  |TAMS 0x0000000097900000, 0x0000000097900000| Untracked 
|  98|0x0000000097a00000, 0x0000000097a00000, 0x0000000097b00000|  0%| F|  |TAMS 0x0000000097a00000, 0x0000000097a00000| Untracked 
|  99|0x0000000097b00000, 0x0000000097b00000, 0x0000000097c00000|  0%| F|  |TAMS 0x0000000097b00000, 0x0000000097b00000| Untracked 
| 100|0x0000000097c00000, 0x0000000097cd9b30, 0x0000000097d00000| 85%| S|CS|TAMS 0x0000000097c00000, 0x0000000097c00000| Complete 
| 101|0x0000000097d00000, 0x0000000097e00000, 0x0000000097e00000|100%| S|CS|TAMS 0x0000000097d00000, 0x0000000097d00000| Complete 
| 102|0x0000000097e00000, 0x0000000097f00000, 0x0000000097f00000|100%| S|CS|TAMS 0x0000000097e00000, 0x0000000097e00000| Complete 
| 103|0x0000000097f00000, 0x0000000097f00000, 0x0000000098000000|  0%| F|  |TAMS 0x0000000097f00000, 0x0000000097f00000| Untracked 
| 104|0x0000000098000000, 0x0000000098000000, 0x0000000098100000|  0%| F|  |TAMS 0x0000000098000000, 0x0000000098000000| Untracked 
| 105|0x0000000098100000, 0x0000000098100000, 0x0000000098200000|  0%| F|  |TAMS 0x0000000098100000, 0x0000000098100000| Untracked 
| 106|0x0000000098200000, 0x0000000098200000, 0x0000000098300000|  0%| F|  |TAMS 0x0000000098200000, 0x0000000098200000| Untracked 
| 107|0x0000000098300000, 0x0000000098300000, 0x0000000098400000|  0%| F|  |TAMS 0x0000000098300000, 0x0000000098300000| Untracked 
| 108|0x0000000098400000, 0x0000000098400000, 0x0000000098500000|  0%| F|  |TAMS 0x0000000098400000, 0x0000000098400000| Untracked 
| 109|0x0000000098500000, 0x0000000098500000, 0x0000000098600000|  0%| F|  |TAMS 0x0000000098500000, 0x0000000098500000| Untracked 
| 110|0x0000000098600000, 0x0000000098600000, 0x0000000098700000|  0%| F|  |TAMS 0x0000000098600000, 0x0000000098600000| Untracked 
| 111|0x0000000098700000, 0x0000000098700000, 0x0000000098800000|  0%| F|  |TAMS 0x0000000098700000, 0x0000000098700000| Untracked 

Card table byte_map: [0x000001e2ea120000,0x000001e2ea4a0000] _byte_map_base: 0x000001e2e9c94000

Marking Bits (Prev, Next): (CMBitMap*) 0x000001e2d230e3d8, (CMBitMap*) 0x000001e2d230e418
 Prev Bits: [0x000001e2ea820000, 0x000001e2ec3c0000)
 Next Bits: [0x000001e2ec3c0000, 0x000001e2edf60000)

Polling page: 0x000001e2d02a0000

Metaspace:

Usage:
  Non-class:     17.81 MB capacity,    17.50 MB ( 98%) used,   270.27 KB (  1%) free+waste,    53.56 KB ( <1%) overhead. 
      Class:      2.78 MB capacity,     2.55 MB ( 91%) used,   215.21 KB (  8%) free+waste,    27.38 KB ( <1%) overhead. 
       Both:     20.60 MB capacity,    20.04 MB ( 97%) used,   485.48 KB (  2%) free+waste,    80.94 KB ( <1%) overhead. 

Virtual space:
  Non-class space:       18.00 MB reserved,      17.92 MB (>99%) committed 
      Class space:        1.00 GB reserved,       2.88 MB ( <1%) committed 
             Both:        1.02 GB reserved,      20.80 MB (  2%) committed 

Chunk freelists:
   Non-Class:  0 bytes
       Class:  31.00 KB
        Both:  31.00 KB

MaxMetaspaceSize: 17179869184.00 GB
CompressedClassSpaceSize: 1.00 GB

CodeHeap 'non-profiled nmethods': size=120000Kb used=1109Kb max_used=1109Kb free=118890Kb
 bounds [0x000001e2e2540000, 0x000001e2e27b0000, 0x000001e2e9a70000]
CodeHeap 'profiled nmethods': size=120000Kb used=5086Kb max_used=5086Kb free=114913Kb
 bounds [0x000001e2db010000, 0x000001e2db510000, 0x000001e2e2540000]
CodeHeap 'non-nmethods': size=5760Kb used=1225Kb max_used=1262Kb free=4534Kb
 bounds [0x000001e2daa70000, 0x000001e2dace0000, 0x000001e2db010000]
 total_blobs=3602 nmethods=2298 adapters=400
 compilation: enabled
              stopped_count=0, restarted_count=0
 full_count=0

Compilation events (20 events):
Event: 1.960 Thread 0x000001e2f09d0000 nmethod 2308 0x000001e2db4ffc10 code [0x000001e2db4ffde0, 0x000001e2db500418]
Event: 1.960 Thread 0x000001e2f09d0000 2309       3       org.springframework.asm.ClassReader::readLabel (34 bytes)
Event: 1.961 Thread 0x000001e2f09d0000 nmethod 2309 0x000001e2db500690 code [0x000001e2db500860, 0x000001e2db500e38]
Event: 1.961 Thread 0x000001e2f09d0000 2303   !   3       org.springframework.core.type.classreading.SimpleMetadataReaderFactory::getMetadataReader (156 bytes)
Event: 1.963 Thread 0x000001e2f09d0000 nmethod 2303 0x000001e2db501010 code [0x000001e2db501520, 0x000001e2db5039c8]
Event: 1.963 Thread 0x000001e2f09d0000 2310       3       sun.reflect.annotation.AnnotationParser::parseArrayElements (101 bytes)
Event: 1.963 Thread 0x000001e2f09d0000 nmethod 2310 0x000001e2db504790 code [0x000001e2db504a00, 0x000001e2db5056f8]
Event: 1.963 Thread 0x000001e2f09d0000 2295  s    3       com.sun.jmx.mbeanserver.DefaultMXBeanMappingFactory::getMapping (27 bytes)
Event: 1.964 Thread 0x000001e2f09d0000 nmethod 2295 0x000001e2db505a90 code [0x000001e2db505c60, 0x000001e2db5062d8]
Event: 1.964 Thread 0x000001e2f09d0000 2311       3       java.lang.invoke.LambdaForm$MH/0x0000000800cd1840::linkToTargetMethod (15 bytes)
Event: 1.964 Thread 0x000001e2f09d0000 nmethod 2311 0x000001e2db506410 code [0x000001e2db5065c0, 0x000001e2db506a78]
Event: 1.964 Thread 0x000001e2f09d0000 2313       3       org.springframework.asm.MethodVisitor::visitCode (15 bytes)
Event: 1.964 Thread 0x000001e2f09d0000 nmethod 2313 0x000001e2db506b90 code [0x000001e2db506d40, 0x000001e2db506f68]
Event: 1.964 Thread 0x000001e2f09d0000 2312       3       java.lang.invoke.LambdaForm$DMH/0x0000000800cd0c40::invokeStatic (22 bytes)
Event: 1.964 Thread 0x000001e2f09d0000 nmethod 2312 0x000001e2db507010 code [0x000001e2db5071e0, 0x000001e2db507798]
Event: 1.964 Thread 0x000001e2f09d0000 2304       1       java.util.stream.Collectors$CollectorImpl::characteristics (5 bytes)
Event: 1.964 Thread 0x000001e2f09d0000 nmethod 2304 0x000001e2e2654f90 code [0x000001e2e2655120, 0x000001e2e26551f8]
Event: 1.964 Thread 0x000001e2f09d0000 2314       1       java.util.zip.ZipFile$ZipFileInputStream::size (5 bytes)
Event: 1.964 Thread 0x000001e2f09d0000 nmethod 2314 0x000001e2e2655290 code [0x000001e2e2655420, 0x000001e2e26554f8]
Event: 1.964 Thread 0x000001e2f09d0000 2315       3       java.io.BufferedInputStream::fill (203 bytes)

GC Heap History (9 events):
Event: 0.637 GC heap before
{Heap before GC invocations=0 (full 0):
 garbage-first heap   total 114688K, used 23552K [0x0000000091800000, 0x0000000100000000)
  region size 1024K, 23 young (23552K), 0 survivors (0K)
 Metaspace       used 3937K, capacity 6142K, committed 6400K, reserved 1056768K
  class space    used 434K, capacity 646K, committed 768K, reserved 1048576K
}
Event: 0.645 GC heap after
{Heap after GC invocations=1 (full 0):
 garbage-first heap   total 114688K, used 7600K [0x0000000091800000, 0x0000000100000000)
  region size 1024K, 3 young (3072K), 3 survivors (3072K)
 Metaspace       used 3937K, capacity 6142K, committed 6400K, reserved 1056768K
  class space    used 434K, capacity 646K, committed 768K, reserved 1048576K
}
Event: 0.657 GC heap before
{Heap before GC invocations=1 (full 0):
 garbage-first heap   total 114688K, used 33200K [0x0000000091800000, 0x0000000100000000)
  region size 1024K, 29 young (29696K), 3 survivors (3072K)
 Metaspace       used 3937K, capacity 6142K, committed 6400K, reserved 1056768K
  class space    used 434K, capacity 646K, committed 768K, reserved 1048576K
}
Event: 0.660 GC heap after
{Heap after GC invocations=2 (full 0):
 garbage-first heap   total 114688K, used 7666K [0x0000000091800000, 0x0000000100000000)
  region size 1024K, 1 young (1024K), 1 survivors (1024K)
 Metaspace       used 3937K, capacity 6142K, committed 6400K, reserved 1056768K
  class space    used 434K, capacity 646K, committed 768K, reserved 1048576K
}
Event: 1.420 GC heap before
{Heap before GC invocations=2 (full 0):
 garbage-first heap   total 114688K, used 74226K [0x0000000091800000, 0x0000000100000000)
  region size 1024K, 67 young (68608K), 1 survivors (1024K)
 Metaspace       used 15536K, capacity 15869K, committed 16000K, reserved 1062912K
  class space    used 1989K, capacity 2132K, committed 2176K, reserved 1048576K
}
Event: 1.425 GC heap after
{Heap after GC invocations=3 (full 0):
 garbage-first heap   total 114688K, used 10327K [0x0000000091800000, 0x0000000100000000)
  region size 1024K, 3 young (3072K), 3 survivors (3072K)
 Metaspace       used 15536K, capacity 15869K, committed 16000K, reserved 1062912K
  class space    used 1989K, capacity 2132K, committed 2176K, reserved 1048576K
}
Event: 1.943 GC heap before
{Heap before GC invocations=3 (full 0):
 garbage-first heap   total 114688K, used 74839K [0x0000000091800000, 0x0000000100000000)
  region size 1024K, 67 young (68608K), 3 survivors (3072K)
 Metaspace       used 20408K, capacity 20993K, committed 21120K, reserved 1067008K
  class space    used 2595K, capacity 2817K, committed 2944K, reserved 1048576K
}
Event: 1.949 GC heap after
{Heap after GC invocations=4 (full 0):
 garbage-first heap   total 114688K, used 12687K [0x0000000091800000, 0x0000000100000000)
  region size 1024K, 5 young (5120K), 5 survivors (5120K)
 Metaspace       used 20408K, capacity 20993K, committed 21120K, reserved 1067008K
  class space    used 2595K, capacity 2817K, committed 2944K, reserved 1048576K
}
Event: 1.965 GC heap before
{Heap before GC invocations=4 (full 0):
 garbage-first heap   total 114688K, used 19855K [0x0000000091800000, 0x0000000100000000)
  region size 1024K, 14 young (14336K), 5 survivors (5120K)
 Metaspace       used 20524K, capacity 21091K, committed 21296K, reserved 1067008K
  class space    used 2606K, capacity 2849K, committed 2944K, reserved 1048576K
}

Deoptimization events (20 events):
Event: 1.822 Thread 0x000001e2f21cf000 Uncommon trap: trap_request=0xffffffbe fr.pc=0x000001e2e2637fc0 relative=0x0000000000002640
Event: 1.822 Thread 0x000001e2f21cf000 Uncommon trap: reason=profile_predicate action=maybe_recompile pc=0x000001e2e2637fc0 method=jdk.internal.jimage.ImageStringsReader.charsFromByteBuffer([CLjava/nio/ByteBuffer;)V @ 6 c2
Event: 1.822 Thread 0x000001e2f21cf000 DEOPT PACKING pc=0x000001e2e2637fc0 sp=0x000000de80afd200
Event: 1.822 Thread 0x000001e2f21cf000 DEOPT UNPACKING pc=0x000001e2daab912f sp=0x000000de80afce78 mode 2
Event: 1.822 Thread 0x000001e2f21cf000 Uncommon trap: trap_request=0xffffffbe fr.pc=0x000001e2e2637fc0 relative=0x0000000000002640
Event: 1.822 Thread 0x000001e2f21cf000 Uncommon trap: reason=profile_predicate action=maybe_recompile pc=0x000001e2e2637fc0 method=jdk.internal.jimage.ImageStringsReader.charsFromByteBuffer([CLjava/nio/ByteBuffer;)V @ 6 c2
Event: 1.822 Thread 0x000001e2f21cf000 DEOPT PACKING pc=0x000001e2e2637fc0 sp=0x000000de80afd200
Event: 1.822 Thread 0x000001e2f21cf000 DEOPT UNPACKING pc=0x000001e2daab912f sp=0x000000de80afce78 mode 2
Event: 1.829 Thread 0x000001e2f21cf000 Uncommon trap: trap_request=0xffffffbe fr.pc=0x000001e2e263f484 relative=0x0000000000002404
Event: 1.829 Thread 0x000001e2f21cf000 Uncommon trap: reason=profile_predicate action=maybe_recompile pc=0x000001e2e263f484 method=jdk.internal.jimage.ImageStringsReader.charsFromByteBuffer([CLjava/nio/ByteBuffer;)V @ 6 c2
Event: 1.829 Thread 0x000001e2f21cf000 DEOPT PACKING pc=0x000001e2e263f484 sp=0x000000de80afd160
Event: 1.829 Thread 0x000001e2f21cf000 DEOPT UNPACKING pc=0x000001e2daab912f sp=0x000000de80afce60 mode 2
Event: 1.846 Thread 0x000001e2f2263000 DEOPT PACKING pc=0x000001e2db48b507 sp=0x000000de80bfd580
Event: 1.846 Thread 0x000001e2f2263000 DEOPT UNPACKING pc=0x000001e2daab964e sp=0x000000de80bfcb00 mode 0
Event: 1.851 Thread 0x000001e2f2263000 DEOPT PACKING pc=0x000001e2db491438 sp=0x000000de80bfd2e0
Event: 1.851 Thread 0x000001e2f2263000 DEOPT UNPACKING pc=0x000001e2daab964e sp=0x000000de80bfc820 mode 0
Event: 1.854 Thread 0x000001e2f2263000 DEOPT PACKING pc=0x000001e2db491438 sp=0x000000de80bfd2e0
Event: 1.854 Thread 0x000001e2f2263000 DEOPT UNPACKING pc=0x000001e2daab964e sp=0x000000de80bfc820 mode 0
Event: 1.858 Thread 0x000001e2f2263000 DEOPT PACKING pc=0x000001e2db491438 sp=0x000000de80bfd2e0
Event: 1.858 Thread 0x000001e2f2263000 DEOPT UNPACKING pc=0x000001e2daab964e sp=0x000000de80bfc820 mode 0

Classes unloaded (0 events):
No events

Classes redefined (0 events):
No events

Internal exceptions (20 events):
Event: 1.303 Thread 0x000001e2f21cf000 Exception <a 'java/lang/IncompatibleClassChangeError'{0x0000000094f78380}: Found class java.lang.Object, but interface was expected> (0x0000000094f78380) 
thrown [t:/workspace/open/src/hotspot/share/interpreter/linkResolver.cpp, line 832]
Event: 1.308 Thread 0x000001e2f21cf000 Exception <a 'java/lang/ClassNotFoundException'{0x0000000094e99d68}: org/springframework/context/annotation/ConfigurationClassPostProcessorCustomizer> (0x0000000094e99d68) 
thrown [t:/workspace/open/src/hotspot/share/classfile/systemDictionary.cpp, line 226]
Event: 1.315 Thread 0x000001e2f21cf000 Exception <a 'java/lang/ClassNotFoundException'{0x0000000094efa250}: org/springframework/beans/factory/support/BeanDefinitionRegistryPostProcessorCustomizer> (0x0000000094efa250) 
thrown [t:/workspace/open/src/hotspot/share/classfile/systemDictionary.cpp, line 226]
Event: 1.316 Thread 0x000001e2f21cf000 Exception <a 'java/lang/ClassNotFoundException'{0x0000000094d97cc0}: org/springframework/beans/factory/config/BeanFactoryPostProcessorCustomizer> (0x0000000094d97cc0) 
thrown [t:/workspace/open/src/hotspot/share/classfile/systemDictionary.cpp, line 226]
Event: 1.317 Thread 0x000001e2f21cf000 Exception <a 'java/lang/ClassNotFoundException'{0x0000000094da8270}: org/springframework/core/PriorityOrderedCustomizer> (0x0000000094da8270) 
thrown [t:/workspace/open/src/hotspot/share/classfile/systemDictionary.cpp, line 226]
Event: 1.317 Thread 0x000001e2f21cf000 Exception <a 'java/lang/ClassNotFoundException'{0x0000000094db6360}: org/springframework/core/OrderedCustomizer> (0x0000000094db6360) 
thrown [t:/workspace/open/src/hotspot/share/classfile/systemDictionary.cpp, line 226]
Event: 1.318 Thread 0x000001e2f21cf000 Exception <a 'java/lang/ClassNotFoundException'{0x0000000094dc71f0}: org/springframework/context/ResourceLoaderAwareCustomizer> (0x0000000094dc71f0) 
thrown [t:/workspace/open/src/hotspot/share/classfile/systemDictionary.cpp, line 226]
Event: 1.319 Thread 0x000001e2f21cf000 Exception <a 'java/lang/ClassNotFoundException'{0x0000000094dd7088}: org/springframework/beans/factory/AwareCustomizer> (0x0000000094dd7088) 
thrown [t:/workspace/open/src/hotspot/share/classfile/systemDictionary.cpp, line 226]
Event: 1.320 Thread 0x000001e2f21cf000 Exception <a 'java/lang/ClassNotFoundException'{0x0000000094de8210}: org/springframework/beans/factory/BeanClassLoaderAwareCustomizer> (0x0000000094de8210) 
thrown [t:/workspace/open/src/hotspot/share/classfile/systemDictionary.cpp, line 226]
Event: 1.321 Thread 0x000001e2f21cf000 Exception <a 'java/lang/ClassNotFoundException'{0x0000000094df80c0}: org/springframework/beans/factory/AwareCustomizer> (0x0000000094df80c0) 
thrown [t:/workspace/open/src/hotspot/share/classfile/systemDictionary.cpp, line 226]
Event: 1.322 Thread 0x000001e2f21cf000 Exception <a 'java/lang/ClassNotFoundException'{0x0000000094c888c8}: org/springframework/context/EnvironmentAwareCustomizer> (0x0000000094c888c8) 
thrown [t:/workspace/open/src/hotspot/share/classfile/systemDictionary.cpp, line 226]
Event: 1.324 Thread 0x000001e2f21cf000 Exception <a 'java/lang/ClassNotFoundException'{0x0000000094c986c8}: org/springframework/beans/factory/AwareCustomizer> (0x0000000094c986c8) 
thrown [t:/workspace/open/src/hotspot/share/classfile/systemDictionary.cpp, line 226]
Event: 1.360 Thread 0x000001e2f21cf000 Exception <a 'java/lang/NoSuchMethodError'{0x0000000094807258}: 'java.lang.Object java.lang.invoke.Invokers$Holder.invokeExact_MT(java.lang.Object, java.lang.Object, java.lang.Object, java.lang.Object, java.lang.Object, java.lang.Object)'> (0x0000000094807258) 
thrown [t:/workspace/open/src/hotspot/share/interpreter/linkResolver.cpp, line 766]
Event: 1.510 Thread 0x000001e2f2263000 Exception <a 'java/lang/NoSuchMethodError'{0x0000000097ff34f0}: 'long java.lang.invoke.DirectMethodHandle$Holder.invokeStatic(java.lang.Object, java.lang.Object)'> (0x0000000097ff34f0) 
thrown [t:/workspace/open/src/hotspot/share/interpreter/linkResolver.cpp, line 766]
Event: 1.510 Thread 0x000001e2f2263000 Exception <a 'java/lang/NoSuchMethodError'{0x0000000097ff61f8}: 'long java.lang.invoke.DirectMethodHandle$Holder.invokeStaticInit(java.lang.Object, java.lang.Object)'> (0x0000000097ff61f8) 
thrown [t:/workspace/open/src/hotspot/share/interpreter/linkResolver.cpp, line 766]
Event: 1.513 Thread 0x000001e2f2263000 Exception <a 'java/lang/NoSuchMethodError'{0x0000000097e020c8}: 'long java.lang.invoke.DirectMethodHandle$Holder.invokeInterface(java.lang.Object, java.lang.Object)'> (0x0000000097e020c8) 
thrown [t:/workspace/open/src/hotspot/share/interpreter/linkResolver.cpp, line 766]
Event: 1.513 Thread 0x000001e2f2263000 Exception <a 'java/lang/IncompatibleClassChangeError'{0x0000000097e04bf0}: Found class java.lang.Object, but interface was expected> (0x0000000097e04bf0) 
thrown [t:/workspace/open/src/hotspot/share/interpreter/linkResolver.cpp, line 832]
Event: 1.518 Thread 0x000001e2f2263000 Exception <a 'java/lang/NoSuchMethodError'{0x0000000097e20a68}: 'java.lang.Object java.lang.invoke.DirectMethodHandle$Holder.invokeVirtual(java.lang.Object, java.lang.Object, java.lang.Object, java.lang.Object)'> (0x0000000097e20a68) 
thrown [t:/workspace/open/src/hotspot/share/interpreter/linkResolver.cpp, line 766]
Event: 1.554 Thread 0x000001e2f21cf000 Exception <a 'java/lang/IncompatibleClassChangeError'{0x0000000097b89660}: Found class java.lang.Object, but interface was expected> (0x0000000097b89660) 
thrown [t:/workspace/open/src/hotspot/share/interpreter/linkResolver.cpp, line 832]
Event: 1.876 Thread 0x000001e2f2263000 Exception <a 'java/lang/IncompatibleClassChangeError'{0x000000009654c130}: Found class java.lang.Object, but interface was expected> (0x000000009654c130) 
thrown [t:/workspace/open/src/hotspot/share/interpreter/linkResolver.cpp, line 832]

Events (20 events):
Event: 1.955 loading class javax/management/StandardMBean$MBeanInfoSafeAction
Event: 1.955 loading class javax/management/StandardMBean$MBeanInfoSafeAction done
Event: 1.955 loading class javax/management/NotificationListener
Event: 1.955 loading class javax/management/NotificationListener done
Event: 1.955 loading class javax/management/NotificationFilter
Event: 1.955 loading class javax/management/NotificationFilter done
Event: 1.955 loading class javax/management/ListenerNotFoundException
Event: 1.955 loading class javax/management/ListenerNotFoundException done
Event: 1.956 loading class jdk/jfr/Recording
Event: 1.956 loading class jdk/jfr/Recording done
Event: 1.956 loading class jdk/jfr/FlightRecorder
Event: 1.956 loading class jdk/jfr/FlightRecorder done
Event: 1.956 loading class jdk/management/jfr/FlightRecorderMXBeanImpl$MXBeanListener
Event: 1.956 loading class jdk/jfr/FlightRecorderListener
Event: 1.956 loading class jdk/jfr/FlightRecorderListener done
Event: 1.956 loading class jdk/management/jfr/FlightRecorderMXBeanImpl$MXBeanListener done
Event: 1.959 Executing VM operation: HandshakeOneThread
Event: 1.960 Executing VM operation: HandshakeOneThread done
Event: 1.960 Thread 0x000001e2f2263000 Thread exited: 0x000001e2f2263000
Event: 1.965 Executing VM operation: CollectForMetadataAllocation


Dynamic libraries:
0x00007ff6929f0000 - 0x00007ff6929ff000 	C:\Program Files\Java\jdk-14\bin\java.exe
0x00007ff82ac30000 - 0x00007ff82ae26000 	C:\WINDOWS\SYSTEM32\ntdll.dll
0x00007ff828e00000 - 0x00007ff828ebd000 	C:\WINDOWS\System32\KERNEL32.DLL
0x00007ff8287b0000 - 0x00007ff828a79000 	C:\WINDOWS\System32\KERNELBASE.dll
0x00007ff8285a0000 - 0x00007ff8286a0000 	C:\WINDOWS\System32\ucrtbase.dll
0x00007ff8225b0000 - 0x00007ff8225c5000 	C:\Program Files\Java\jdk-14\bin\VCRUNTIME140.dll
0x00007ff81a280000 - 0x00007ff81a298000 	C:\Program Files\Java\jdk-14\bin\jli.dll
0x00007ff82a2f0000 - 0x00007ff82a39c000 	C:\WINDOWS\System32\ADVAPI32.dll
0x00007ff82a750000 - 0x00007ff82a7ee000 	C:\WINDOWS\System32\msvcrt.dll
0x00007ff828d00000 - 0x00007ff828d9c000 	C:\WINDOWS\System32\sechost.dll
0x00007ff828ec0000 - 0x00007ff828feb000 	C:\WINDOWS\System32\RPCRT4.dll
0x00007ff82a800000 - 0x00007ff82a9a0000 	C:\WINDOWS\System32\USER32.dll
0x00007ff80c750000 - 0x00007ff80c9eb000 	C:\WINDOWS\WinSxS\amd64_microsoft.windows.common-controls_6595b64144ccf1df_6.0.19041.488_none_ca04af081b815d21\COMCTL32.dll
0x00007ff828780000 - 0x00007ff8287a2000 	C:\WINDOWS\System32\win32u.dll
0x00007ff82a450000 - 0x00007ff82a47a000 	C:\WINDOWS\System32\GDI32.dll
0x00007ff828a80000 - 0x00007ff828b89000 	C:\WINDOWS\System32\gdi32full.dll
0x00007ff828b90000 - 0x00007ff828c2d000 	C:\WINDOWS\System32\msvcp_win.dll
0x00007ff81df30000 - 0x00007ff81df3a000 	C:\WINDOWS\SYSTEM32\VERSION.dll
0x00007ff8291a0000 - 0x00007ff8291d0000 	C:\WINDOWS\System32\IMM32.DLL
0x00007ff813ad0000 - 0x00007ff813b6b000 	C:\Program Files\Java\jdk-14\bin\msvcp140.dll
0x00007ffffbce0000 - 0x00007ffffc7ff000 	C:\Program Files\Java\jdk-14\bin\server\jvm.dll
0x00007ff828cf0000 - 0x00007ff828cf8000 	C:\WINDOWS\System32\PSAPI.DLL
0x00007ff81df00000 - 0x00007ff81df27000 	C:\WINDOWS\SYSTEM32\WINMM.dll
0x00007ff823390000 - 0x00007ff823399000 	C:\WINDOWS\SYSTEM32\WSOCK32.dll
0x00007ff829b30000 - 0x00007ff829b9b000 	C:\WINDOWS\System32\WS2_32.dll
0x00007ff8262c0000 - 0x00007ff8262d2000 	C:\WINDOWS\SYSTEM32\kernel.appcore.dll
0x00007ff822590000 - 0x00007ff82259a000 	C:\Program Files\Java\jdk-14\bin\jimage.dll
0x00007ff821530000 - 0x00007ff821714000 	C:\WINDOWS\SYSTEM32\DBGHELP.DLL
0x00007ff81ef80000 - 0x00007ff81efac000 	C:\WINDOWS\SYSTEM32\dbgcore.DLL
0x00007ff828370000 - 0x00007ff8283f0000 	C:\WINDOWS\System32\bcryptPrimitives.dll
0x00007ff814680000 - 0x00007ff8146a5000 	C:\Program Files\Java\jdk-14\bin\java.dll
0x00007ff822550000 - 0x00007ff822567000 	C:\Program Files\Java\jdk-14\bin\zip.dll
0x00007ff829ba0000 - 0x00007ff82a2e2000 	C:\WINDOWS\System32\SHELL32.dll
0x00007ff8264c0000 - 0x00007ff826c55000 	C:\WINDOWS\SYSTEM32\windows.storage.dll
0x00007ff829750000 - 0x00007ff829aa6000 	C:\WINDOWS\System32\combase.dll
0x00007ff827d10000 - 0x00007ff827d3c000 	C:\WINDOWS\SYSTEM32\Wldp.dll
0x00007ff8296a0000 - 0x00007ff82974e000 	C:\WINDOWS\System32\SHCORE.dll
0x00007ff828da0000 - 0x00007ff828df5000 	C:\WINDOWS\System32\shlwapi.dll
0x00007ff8282a0000 - 0x00007ff8282c6000 	C:\WINDOWS\SYSTEM32\profapi.dll
0x00007ff81a240000 - 0x00007ff81a259000 	C:\Program Files\Java\jdk-14\bin\net.dll
0x00007ff81efb0000 - 0x00007ff81f0b0000 	C:\WINDOWS\SYSTEM32\WINHTTP.dll
0x00007ff827a90000 - 0x00007ff827afa000 	C:\WINDOWS\system32\mswsock.dll
0x00007ff8145d0000 - 0x00007ff8145e2000 	C:\Program Files\Java\jdk-14\bin\nio.dll
0x00007ff8206b0000 - 0x00007ff8206c0000 	C:\Program Files\Java\jdk-14\bin\verify.dll
0x00007ff81a4f0000 - 0x00007ff81a4f9000 	C:\Program Files\Java\jdk-14\bin\management.dll
0x00007ff814d30000 - 0x00007ff814d3b000 	C:\Program Files\Java\jdk-14\bin\management_ext.dll
0x00007ff814b40000 - 0x00007ff814b57000 	C:\WINDOWS\system32\napinsp.dll
0x00007ff814ad0000 - 0x00007ff814aeb000 	C:\WINDOWS\system32\pnrpnsp.dll
0x00007ff814ab0000 - 0x00007ff814ac5000 	C:\WINDOWS\system32\wshbth.dll
0x00007ff822760000 - 0x00007ff82277d000 	C:\WINDOWS\system32\NLAapi.dll
0x00007ff827780000 - 0x00007ff8277bb000 	C:\WINDOWS\SYSTEM32\IPHLPAPI.DLL
0x00007ff8277c0000 - 0x00007ff82788b000 	C:\WINDOWS\SYSTEM32\DNSAPI.dll
0x00007ff82a6b0000 - 0x00007ff82a6b8000 	C:\WINDOWS\System32\NSI.dll
0x00007ff814a90000 - 0x00007ff814aa2000 	C:\WINDOWS\System32\winrnr.dll
0x00007ff81e120000 - 0x00007ff81e12a000 	C:\Windows\System32\rasadhlp.dll
0x00007ff81bed0000 - 0x00007ff81bf4f000 	C:\WINDOWS\System32\fwpuclnt.dll
0x00007ff828750000 - 0x00007ff828777000 	C:\WINDOWS\System32\bcrypt.dll

dbghelp: loaded successfully - version: 4.0.5 - missing functions: none
symbol engine: initialized successfully - sym options: 0x614 - pdb path: .;C:\Program Files\Java\jdk-14\bin;C:\WINDOWS\SYSTEM32;C:\WINDOWS\WinSxS\amd64_microsoft.windows.common-controls_6595b64144ccf1df_6.0.19041.488_none_ca04af081b815d21;C:\Program Files\Java\jdk-14\bin\server

VM Arguments:
java_command: todoapplication.TodoApplication
java_class_path (initial): C:\Users\tuppu\Documents\NetBeansProjects\mooc-wepa-itseopiskelu\osa02-Osa02_12.TodoApplication\target\classes;C:\Users\tuppu\.m2\repository\org\springframework\boot\spring-boot-starter-web\2.1.3.RELEASE\spring-boot-starter-web-2.1.3.RELEASE.jar;C:\Users\tuppu\.m2\repository\org\springframework\boot\spring-boot-starter\2.1.3.RELEASE\spring-boot-starter-2.1.3.RELEASE.jar;C:\Users\tuppu\.m2\repository\org\springframework\boot\spring-boot-starter-logging\2.1.3.RELEASE\spring-boot-starter-logging-2.1.3.RELEASE.jar;C:\Users\tuppu\.m2\repository\ch\qos\logback\logback-classic\1.2.3\logback-classic-1.2.3.jar;C:\Users\tuppu\.m2\repository\ch\qos\logback\logback-core\1.2.3\logback-core-1.2.3.jar;C:\Users\tuppu\.m2\repository\org\apache\logging\log4j\log4j-to-slf4j\2.11.2\log4j-to-slf4j-2.11.2.jar;C:\Users\tuppu\.m2\repository\org\apache\logging\log4j\log4j-api\2.11.2\log4j-api-2.11.2.jar;C:\Users\tuppu\.m2\repository\org\slf4j\jul-to-slf4j\1.7.25\jul-to-slf4j-1.7.25.jar;C:\Users\tuppu\.m2\repository\javax\annotation\javax.annotation-api\1.3.2\javax.annotation-api-1.3.2.jar;C:\Users\tuppu\.m2\repository\org\yaml\snakeyaml\1.23\snakeyaml-1.23.jar;C:\Users\tuppu\.m2\repository\org\springframework\boot\spring-boot-starter-json\2.1.3.RELEASE\spring-boot-starter-json-2.1.3.RELEASE.jar;C:\Users\tuppu\.m2\repository\com\fasterxml\jackson\core\jackson-databind\2.9.8\jackson-databind-2.9.8.jar;C:\Users\tuppu\.m2\repository\com\fasterxml\jackson\core\jackson-annotations\2.9.0\jackson-annotations-2.9.0.jar;C:\Users\tuppu\.m2\repository\com\fasterxml\jackson\core\jackson-core\2.9.8\jackson-core-2.9.8.jar;C:\Users\tuppu\.m2\repository\com\fasterxml\jackson\datatype\jackson-datatype-jdk8\2.9.8\jackson-datatype-jdk8-2.9.8.jar;C:\Users\tuppu\.m2\repository\com\fasterxml\jackson\datatype\jackson-datatype-jsr310\2.9.8\jackson-datatype-jsr310-2.9.8.jar;C:\Users\tuppu\.m2\repository\com\fasterxml\jackson\module\jackson-module-parameter-names\2.9.8\jackson-module-para
Launcher Type: SUN_STANDARD

[Global flags]
     intx CICompilerCount                          = 4                                         {product} {ergonomic}
     uint ConcGCThreads                            = 2                                         {product} {ergonomic}
     uint G1ConcRefinementThreads                  = 8                                         {product} {ergonomic}
   size_t G1HeapRegionSize                         = 1048576                                   {product} {ergonomic}
    uintx GCDrainStackTargetSize                   = 64                                        {product} {ergonomic}
   size_t InitialHeapSize                          = 117440512                                 {product} {ergonomic}
   size_t MarkStackSize                            = 4194304                                   {product} {ergonomic}
   size_t MaxHeapSize                              = 1853882368                                {product} {ergonomic}
   size_t MaxNewSize                               = 1111490560                                {product} {ergonomic}
   size_t MinHeapDeltaBytes                        = 1048576                                   {product} {ergonomic}
   size_t MinHeapSize                              = 8388608                                   {product} {ergonomic}
    uintx NonNMethodCodeHeapSize                   = 5839372                                {pd product} {ergonomic}
    uintx NonProfiledCodeHeapSize                  = 122909434                              {pd product} {ergonomic}
    uintx ProfiledCodeHeapSize                     = 122909434                              {pd product} {ergonomic}
    uintx ReservedCodeCacheSize                    = 251658240                              {pd product} {ergonomic}
     bool SegmentedCodeCache                       = true                                      {product} {ergonomic}
   size_t SoftMaxHeapSize                          = 1853882368                             {manageable} {ergonomic}
     bool UseCompressedClassPointers               = true                                 {lp64_product} {ergonomic}
     bool UseCompressedOops                        = true                                 {lp64_product} {ergonomic}
     bool UseG1GC                                  = true                                      {product} {ergonomic}
     bool UseLargePagesIndividualAllocation        = false                                  {pd product} {ergonomic}

Logging:
Log output configuration:
 #0: stdout all=warning uptime,level,tags
 #1: stderr all=off uptime,level,tags

Environment Variables:
JAVA_HOME=C:\Program Files\Java\jdk-14
PATH=C:\Program Files (x86)\Common Files\Oracle\Java\javapath;C:\WINDOWS\system32;C:\WINDOWS;C:\WINDOWS\System32\Wbem;C:\WINDOWS\System32\WindowsPowerShell\v1.0\;C:\WINDOWS\System32\OpenSSH\;C:\Program Files (x86)\leJOS EV3\bin;C:\Program Files\Git\cmd;C:\Program Files\PuTTY\;C:\Users\samitup\applications\;C:\Users\tuppu\AppData\Local\Programs\Python\Python39\Scripts\;C:\Users\tuppu\AppData\Local\Programs\Python\Python39\;C:\Users\tuppu\AppData\Local\Microsoft\WindowsApps;;C:\Users\tuppu\AppData\Local\Programs\Microsoft VS Code\bin;C:\Users\tuppu\AppData\Roaming\npm
USERNAME=tuppu
OS=Windows_NT
PROCESSOR_IDENTIFIER=AMD64 Family 23 Model 17 Stepping 0, AuthenticAMD



---------------  S Y S T E M  ---------------

OS: Windows 10 , 64 bit Build 19041 (10.0.19041.662)
OS uptime: 20 days 23:07 hours

CPU:total 8 (initial active 8) (8 cores per cpu, 2 threads per core) family 23 model 17 stepping 0, cmov, cx8, fxsr, mmx, sse, sse2, sse3, ssse3, sse4.1, sse4.2, popcnt, avx, avx2, aes, clmul, mmxext, 3dnowpref, lzcnt, sse4a, ht, tsc, tscinvbit, tscinv, bmi1, bmi2, adx, sha, fma

Memory: 4k page, system-wide physical 7068M (2244M free)
TotalPageFile size 11164M (AvailPageFile size 7M)
current process WorkingSet (physical memory assigned to process): 188M, peak: 188M
current process commit charge ("private bytes"): 264M, peak: 285M

vm_info: Java HotSpot(TM) 64-Bit Server VM (14+36-1461) for windows-amd64 JRE (14+36-1461), built on Feb  6 2020 19:08:04 by "mach5one" with MS VC++ 15.9 (VS2017)

END.
