#
# There is insufficient memory for the Java Runtime Environment to continue.
# Native memory allocation (malloc) failed to allocate 701920 bytes for Chunk::new
# Possible reasons:
#   The system is out of physical RAM or swap space
#   The process is running with CompressedOops enabled, and the Java Heap may be blocking the growth of the native heap
# Possible solutions:
#   Reduce memory load on the system
#   Increase physical memory or swap space
#   Check if swap backing store is full
#   Decrease Java heap size (-Xmx/-Xms)
#   Decrease number of Java threads
#   Decrease Java thread stack sizes (-Xss)
#   Set larger code cache with -XX:ReservedCodeCacheSize=
#   JVM is running with Unscaled Compressed Oops mode in which the Java heap is
#     placed in the first 4GB address space. The Java Heap base address is the
#     maximum limit for the native heap growth. Please use -XX:HeapBaseMinAddress
#     to set the Java Heap base and to place the Java Heap above 4GB virtual address.
# This output file may be truncated or incomplete.
#
#  Out of Memory Error (t:/workspace/open/src/hotspot/share/memory/arena.cpp:195), pid=6656, tid=13844
#
# JRE version: Java(TM) SE Runtime Environment (14.0+36) (build 14+36-1461)
# Java VM: Java HotSpot(TM) 64-Bit Server VM (14+36-1461, mixed mode, sharing, tiered, compressed oops, g1 gc, windows-amd64)
# No core dump will be written. Minidumps are not enabled by default on client versions of Windows
#

---------------  S U M M A R Y ------------

Command Line: -Dclassworlds.conf=C:\Program Files\TMCBeans\java\maven\bin\m2.conf -Dmaven.home=C:\Program Files\TMCBeans\java\maven -Dmaven.multiModuleProjectDirectory=C:\Users\tuppu\Documents\NetBeansProjects\mooc-wepa-itseopiskelu\osa01-Osa01_02.HelloServer org.codehaus.plexus.classworlds.launcher.Launcher -Dexec.args=-classpath %classpath HelloServer -Dexec.executable=C:\Program Files\Java\jdk-14\bin\java.exe -T=1 -q org.codehaus.mojo:exec-maven-plugin:1.5.0:exec

Host: AMD Ryzen 5 2500U with Radeon Vega Mobile Gfx  , 8 cores, 6G,  Windows 10 , 64 bit Build 19041 (10.0.19041.662)
Time: Fri Jan  8 23:26:18 2021 FLE Standard Time elapsed time: 3 seconds (0d 0h 0m 3s)

---------------  T H R E A D  ---------------

Current thread (0x000001d1eb13c000):  JavaThread "C2 CompilerThread2" daemon [_thread_in_native, id=13844, stack(0x0000006a7de00000,0x0000006a7df00000)]


Current CompileTask:
C2:   3721 2624       4       org.codehaus.plexus.util.xml.Xpp3Dom::<init> (131 bytes)

Stack: [0x0000006a7de00000,0x0000006a7df00000]
Native frames: (J=compiled Java code, j=interpreted, Vv=VM code, C=native code)
V  [jvm.dll+0x5f83ea]
V  [jvm.dll+0x741e2a]
V  [jvm.dll+0x7435df]
V  [jvm.dll+0x743c23]
V  [jvm.dll+0x20d268]
V  [jvm.dll+0xabb07]
V  [jvm.dll+0xac1fc]
V  [jvm.dll+0x31c4a5]
V  [jvm.dll+0x18ce00]
V  [jvm.dll+0x1e5eda]
V  [jvm.dll+0x1e5098]
V  [jvm.dll+0x1779cc]
V  [jvm.dll+0x1f40e5]
V  [jvm.dll+0x1f22cb]
V  [jvm.dll+0x706a7d]
V  [jvm.dll+0x6ff89a]
V  [jvm.dll+0x5f72a6]
C  [ucrtbase.dll+0x214c2]
C  [KERNEL32.DLL+0x17034]
C  [ntdll.dll+0x4d0d1]


---------------  P R O C E S S  ---------------

Threads class SMR info:
_java_thread_list=0x000001d1eb135f00, length=14, elements={
0x000001d1c8dfb800, 0x000001d1e9461800, 0x000001d1e9463000, 0x000001d1e947c800,
0x000001d1e947e800, 0x000001d1e9482000, 0x000001d1e9483800, 0x000001d1e948b800,
0x000001d1e9490000, 0x000001d1e9ec8000, 0x000001d1e9ede800, 0x000001d1ead2b800,
0x000001d1eb0f3800, 0x000001d1eb13c000
}

Java Threads: ( => current thread )
  0x000001d1c8dfb800 JavaThread "main" [_thread_blocked, id=11096, stack(0x0000006a7c900000,0x0000006a7ca00000)]
  0x000001d1e9461800 JavaThread "Reference Handler" daemon [_thread_blocked, id=15172, stack(0x0000006a7d000000,0x0000006a7d100000)]
  0x000001d1e9463000 JavaThread "Finalizer" daemon [_thread_blocked, id=14440, stack(0x0000006a7d100000,0x0000006a7d200000)]
  0x000001d1e947c800 JavaThread "Signal Dispatcher" daemon [_thread_blocked, id=2728, stack(0x0000006a7d200000,0x0000006a7d300000)]
  0x000001d1e947e800 JavaThread "Attach Listener" daemon [_thread_blocked, id=1732, stack(0x0000006a7d300000,0x0000006a7d400000)]
  0x000001d1e9482000 JavaThread "Service Thread" daemon [_thread_blocked, id=2244, stack(0x0000006a7d400000,0x0000006a7d500000)]
  0x000001d1e9483800 JavaThread "C2 CompilerThread0" daemon [_thread_in_native, id=2032, stack(0x0000006a7d500000,0x0000006a7d600000)]
  0x000001d1e948b800 JavaThread "C1 CompilerThread0" daemon [_thread_in_native, id=7548, stack(0x0000006a7d600000,0x0000006a7d700000)]
  0x000001d1e9490000 JavaThread "Sweeper thread" daemon [_thread_blocked, id=12632, stack(0x0000006a7d700000,0x0000006a7d800000)]
  0x000001d1e9ec8000 JavaThread "Notification Thread" daemon [_thread_blocked, id=4896, stack(0x0000006a7d800000,0x0000006a7d900000)]
  0x000001d1e9ede800 JavaThread "Common-Cleaner" daemon [_thread_blocked, id=13676, stack(0x0000006a7da00000,0x0000006a7db00000)]
  0x000001d1ead2b800 JavaThread "C2 CompilerThread1" daemon [_thread_in_native, id=12680, stack(0x0000006a7db00000,0x0000006a7dc00000)]
  0x000001d1eb0f3800 JavaThread "BuilderThread 0" [_thread_in_native, id=1272, stack(0x0000006a7dc00000,0x0000006a7dd00000)]
=>0x000001d1eb13c000 JavaThread "C2 CompilerThread2" daemon [_thread_in_native, id=13844, stack(0x0000006a7de00000,0x0000006a7df00000)]

Other Threads:
  0x000001d1e9460000 VMThread "VM Thread" [stack: 0x0000006a7cf00000,0x0000006a7d000000] [id=3240]
  0x000001d1e9ec9800 WatcherThread [stack: 0x0000006a7d900000,0x0000006a7da00000] [id=10728]
  0x000001d1c8e39000 GCTaskThread "GC Thread#0" [stack: 0x0000006a7ca00000,0x0000006a7cb00000] [id=10068]
  0x000001d1eae03800 GCTaskThread "GC Thread#1" [stack: 0x0000006a7dd00000,0x0000006a7de00000] [id=2876]
  0x000001d1c8e4a800 ConcurrentGCThread "G1 Main Marker" [stack: 0x0000006a7cb00000,0x0000006a7cc00000] [id=8948]
  0x000001d1c8e4c800 ConcurrentGCThread "G1 Conc#0" [stack: 0x0000006a7cc00000,0x0000006a7cd00000] [id=6492]
  0x000001d1e92e1800 ConcurrentGCThread "G1 Refine#0" [stack: 0x0000006a7cd00000,0x0000006a7ce00000] [id=5836]
  0x000001d1c8ec5000 ConcurrentGCThread "G1 Young RemSet Sampling" [stack: 0x0000006a7ce00000,0x0000006a7cf00000] [id=11728]

Threads with active compile tasks:
C2 CompilerThread0     3768 2739       4       org.apache.maven.model.Dependency::getManagementKey (94 bytes)
C2 CompilerThread1     3768 2695       4       org.eclipse.sisu.plexus.RealmFilteredBeans$FilteredItr::hasNext (81 bytes)
C2 CompilerThread2     3768 2624       4       org.codehaus.plexus.util.xml.Xpp3Dom::<init> (131 bytes)

VM state:not at safepoint (normal execution)

VM Mutex/Monitor currently owned by a thread: None

Heap address: 0x0000000091800000, size: 1768 MB, Compressed Oops mode: 32-bit
Narrow klass base: 0x0000000800000000, Narrow klass shift: 3
Compressed class space size: 1073741824 Address: 0x0000000800b30000

Heap:
 garbage-first heap   total 114688K, used 38043K [0x0000000091800000, 0x0000000100000000)
  region size 1024K, 35 young (35840K), 2 survivors (2048K)
 Metaspace       used 12841K, capacity 14452K, committed 14592K, reserved 1062912K
  class space    used 1525K, capacity 1760K, committed 1792K, reserved 1048576K
Heap Regions: E=young(eden), S=young(survivor), O=old, HS=humongous(starts), HC=humongous(continues), CS=collection set, F=free, OA=open archive, CA=closed archive, TAMS=top-at-mark-start (previous, next)
|   0|0x0000000091800000, 0x0000000091900000, 0x0000000091900000|100%| O|  |TAMS 0x0000000091800000, 0x0000000091800000| Untracked 
|   1|0x0000000091900000, 0x0000000091a00000, 0x0000000091a00000|100%| O|  |TAMS 0x0000000091900000, 0x0000000091900000| Untracked 
|   2|0x0000000091a00000, 0x0000000091b00000, 0x0000000091b00000|100%| O|  |TAMS 0x0000000091a00000, 0x0000000091a00000| Untracked 
|   3|0x0000000091b00000, 0x0000000091b26c00, 0x0000000091c00000| 15%| O|  |TAMS 0x0000000091b00000, 0x0000000091b00000| Untracked 
|   4|0x0000000091c00000, 0x0000000091c00000, 0x0000000091d00000|  0%| F|  |TAMS 0x0000000091c00000, 0x0000000091c00000| Untracked 
|   5|0x0000000091d00000, 0x0000000091d00000, 0x0000000091e00000|  0%| F|  |TAMS 0x0000000091d00000, 0x0000000091d00000| Untracked 
|   6|0x0000000091e00000, 0x0000000091e00000, 0x0000000091f00000|  0%| F|  |TAMS 0x0000000091e00000, 0x0000000091e00000| Untracked 
|   7|0x0000000091f00000, 0x0000000091f00000, 0x0000000092000000|  0%| F|  |TAMS 0x0000000091f00000, 0x0000000091f00000| Untracked 
|   8|0x0000000092000000, 0x0000000092000000, 0x0000000092100000|  0%| F|  |TAMS 0x0000000092000000, 0x0000000092000000| Untracked 
|   9|0x0000000092100000, 0x0000000092100000, 0x0000000092200000|  0%| F|  |TAMS 0x0000000092100000, 0x0000000092100000| Untracked 
|  10|0x0000000092200000, 0x0000000092200000, 0x0000000092300000|  0%| F|  |TAMS 0x0000000092200000, 0x0000000092200000| Untracked 
|  11|0x0000000092300000, 0x0000000092300000, 0x0000000092400000|  0%| F|  |TAMS 0x0000000092300000, 0x0000000092300000| Untracked 
|  12|0x0000000092400000, 0x0000000092400000, 0x0000000092500000|  0%| F|  |TAMS 0x0000000092400000, 0x0000000092400000| Untracked 
|  13|0x0000000092500000, 0x0000000092500000, 0x0000000092600000|  0%| F|  |TAMS 0x0000000092500000, 0x0000000092500000| Untracked 
|  14|0x0000000092600000, 0x0000000092600000, 0x0000000092700000|  0%| F|  |TAMS 0x0000000092600000, 0x0000000092600000| Untracked 
|  15|0x0000000092700000, 0x0000000092700000, 0x0000000092800000|  0%| F|  |TAMS 0x0000000092700000, 0x0000000092700000| Untracked 
|  16|0x0000000092800000, 0x0000000092800000, 0x0000000092900000|  0%| F|  |TAMS 0x0000000092800000, 0x0000000092800000| Untracked 
|  17|0x0000000092900000, 0x0000000092900000, 0x0000000092a00000|  0%| F|  |TAMS 0x0000000092900000, 0x0000000092900000| Untracked 
|  18|0x0000000092a00000, 0x0000000092a00000, 0x0000000092b00000|  0%| F|  |TAMS 0x0000000092a00000, 0x0000000092a00000| Untracked 
|  19|0x0000000092b00000, 0x0000000092b00000, 0x0000000092c00000|  0%| F|  |TAMS 0x0000000092b00000, 0x0000000092b00000| Untracked 
|  20|0x0000000092c00000, 0x0000000092c00000, 0x0000000092d00000|  0%| F|  |TAMS 0x0000000092c00000, 0x0000000092c00000| Untracked 
|  21|0x0000000092d00000, 0x0000000092d00000, 0x0000000092e00000|  0%| F|  |TAMS 0x0000000092d00000, 0x0000000092d00000| Untracked 
|  22|0x0000000092e00000, 0x0000000092e00000, 0x0000000092f00000|  0%| F|  |TAMS 0x0000000092e00000, 0x0000000092e00000| Untracked 
|  23|0x0000000092f00000, 0x0000000092f00000, 0x0000000093000000|  0%| F|  |TAMS 0x0000000092f00000, 0x0000000092f00000| Untracked 
|  24|0x0000000093000000, 0x0000000093000000, 0x0000000093100000|  0%| F|  |TAMS 0x0000000093000000, 0x0000000093000000| Untracked 
|  25|0x0000000093100000, 0x0000000093100000, 0x0000000093200000|  0%| F|  |TAMS 0x0000000093100000, 0x0000000093100000| Untracked 
|  26|0x0000000093200000, 0x0000000093200000, 0x0000000093300000|  0%| F|  |TAMS 0x0000000093200000, 0x0000000093200000| Untracked 
|  27|0x0000000093300000, 0x0000000093300000, 0x0000000093400000|  0%| F|  |TAMS 0x0000000093300000, 0x0000000093300000| Untracked 
|  28|0x0000000093400000, 0x0000000093400000, 0x0000000093500000|  0%| F|  |TAMS 0x0000000093400000, 0x0000000093400000| Untracked 
|  29|0x0000000093500000, 0x0000000093500000, 0x0000000093600000|  0%| F|  |TAMS 0x0000000093500000, 0x0000000093500000| Untracked 
|  30|0x0000000093600000, 0x0000000093600000, 0x0000000093700000|  0%| F|  |TAMS 0x0000000093600000, 0x0000000093600000| Untracked 
|  31|0x0000000093700000, 0x0000000093700000, 0x0000000093800000|  0%| F|  |TAMS 0x0000000093700000, 0x0000000093700000| Untracked 
|  32|0x0000000093800000, 0x0000000093800000, 0x0000000093900000|  0%| F|  |TAMS 0x0000000093800000, 0x0000000093800000| Untracked 
|  33|0x0000000093900000, 0x0000000093900000, 0x0000000093a00000|  0%| F|  |TAMS 0x0000000093900000, 0x0000000093900000| Untracked 
|  34|0x0000000093a00000, 0x0000000093a00000, 0x0000000093b00000|  0%| F|  |TAMS 0x0000000093a00000, 0x0000000093a00000| Untracked 
|  35|0x0000000093b00000, 0x0000000093b00000, 0x0000000093c00000|  0%| F|  |TAMS 0x0000000093b00000, 0x0000000093b00000| Untracked 
|  36|0x0000000093c00000, 0x0000000093c00000, 0x0000000093d00000|  0%| F|  |TAMS 0x0000000093c00000, 0x0000000093c00000| Untracked 
|  37|0x0000000093d00000, 0x0000000093d00000, 0x0000000093e00000|  0%| F|  |TAMS 0x0000000093d00000, 0x0000000093d00000| Untracked 
|  38|0x0000000093e00000, 0x0000000093e00000, 0x0000000093f00000|  0%| F|  |TAMS 0x0000000093e00000, 0x0000000093e00000| Untracked 
|  39|0x0000000093f00000, 0x0000000093f00000, 0x0000000094000000|  0%| F|  |TAMS 0x0000000093f00000, 0x0000000093f00000| Untracked 
|  40|0x0000000094000000, 0x0000000094000000, 0x0000000094100000|  0%| F|  |TAMS 0x0000000094000000, 0x0000000094000000| Untracked 
|  41|0x0000000094100000, 0x0000000094100000, 0x0000000094200000|  0%| F|  |TAMS 0x0000000094100000, 0x0000000094100000| Untracked 
|  42|0x0000000094200000, 0x0000000094200000, 0x0000000094300000|  0%| F|  |TAMS 0x0000000094200000, 0x0000000094200000| Untracked 
|  43|0x0000000094300000, 0x0000000094300000, 0x0000000094400000|  0%| F|  |TAMS 0x0000000094300000, 0x0000000094300000| Untracked 
|  44|0x0000000094400000, 0x0000000094400000, 0x0000000094500000|  0%| F|  |TAMS 0x0000000094400000, 0x0000000094400000| Untracked 
|  45|0x0000000094500000, 0x0000000094500000, 0x0000000094600000|  0%| F|  |TAMS 0x0000000094500000, 0x0000000094500000| Untracked 
|  46|0x0000000094600000, 0x0000000094600000, 0x0000000094700000|  0%| F|  |TAMS 0x0000000094600000, 0x0000000094600000| Untracked 
|  47|0x0000000094700000, 0x0000000094700000, 0x0000000094800000|  0%| F|  |TAMS 0x0000000094700000, 0x0000000094700000| Untracked 
|  48|0x0000000094800000, 0x0000000094800000, 0x0000000094900000|  0%| F|  |TAMS 0x0000000094800000, 0x0000000094800000| Untracked 
|  49|0x0000000094900000, 0x0000000094900000, 0x0000000094a00000|  0%| F|  |TAMS 0x0000000094900000, 0x0000000094900000| Untracked 
|  50|0x0000000094a00000, 0x0000000094a00000, 0x0000000094b00000|  0%| F|  |TAMS 0x0000000094a00000, 0x0000000094a00000| Untracked 
|  51|0x0000000094b00000, 0x0000000094b00000, 0x0000000094c00000|  0%| F|  |TAMS 0x0000000094b00000, 0x0000000094b00000| Untracked 
|  52|0x0000000094c00000, 0x0000000094c00000, 0x0000000094d00000|  0%| F|  |TAMS 0x0000000094c00000, 0x0000000094c00000| Untracked 
|  53|0x0000000094d00000, 0x0000000094d00000, 0x0000000094e00000|  0%| F|  |TAMS 0x0000000094d00000, 0x0000000094d00000| Untracked 
|  54|0x0000000094e00000, 0x0000000094e00000, 0x0000000094f00000|  0%| F|  |TAMS 0x0000000094e00000, 0x0000000094e00000| Untracked 
|  55|0x0000000094f00000, 0x0000000094f00000, 0x0000000095000000|  0%| F|  |TAMS 0x0000000094f00000, 0x0000000094f00000| Untracked 
|  56|0x0000000095000000, 0x0000000095000000, 0x0000000095100000|  0%| F|  |TAMS 0x0000000095000000, 0x0000000095000000| Untracked 
|  57|0x0000000095100000, 0x0000000095100000, 0x0000000095200000|  0%| F|  |TAMS 0x0000000095100000, 0x0000000095100000| Untracked 
|  58|0x0000000095200000, 0x0000000095200000, 0x0000000095300000|  0%| F|  |TAMS 0x0000000095200000, 0x0000000095200000| Untracked 
|  59|0x0000000095300000, 0x0000000095300000, 0x0000000095400000|  0%| F|  |TAMS 0x0000000095300000, 0x0000000095300000| Untracked 
|  60|0x0000000095400000, 0x0000000095400000, 0x0000000095500000|  0%| F|  |TAMS 0x0000000095400000, 0x0000000095400000| Untracked 
|  61|0x0000000095500000, 0x0000000095500000, 0x0000000095600000|  0%| F|  |TAMS 0x0000000095500000, 0x0000000095500000| Untracked 
|  62|0x0000000095600000, 0x0000000095600000, 0x0000000095700000|  0%| F|  |TAMS 0x0000000095600000, 0x0000000095600000| Untracked 
|  63|0x0000000095700000, 0x0000000095700000, 0x0000000095800000|  0%| F|  |TAMS 0x0000000095700000, 0x0000000095700000| Untracked 
|  64|0x0000000095800000, 0x0000000095800000, 0x0000000095900000|  0%| F|  |TAMS 0x0000000095800000, 0x0000000095800000| Untracked 
|  65|0x0000000095900000, 0x0000000095900000, 0x0000000095a00000|  0%| F|  |TAMS 0x0000000095900000, 0x0000000095900000| Untracked 
|  66|0x0000000095a00000, 0x0000000095a00000, 0x0000000095b00000|  0%| F|  |TAMS 0x0000000095a00000, 0x0000000095a00000| Untracked 
|  67|0x0000000095b00000, 0x0000000095b00000, 0x0000000095c00000|  0%| F|  |TAMS 0x0000000095b00000, 0x0000000095b00000| Untracked 
|  68|0x0000000095c00000, 0x0000000095c00000, 0x0000000095d00000|  0%| F|  |TAMS 0x0000000095c00000, 0x0000000095c00000| Untracked 
|  69|0x0000000095d00000, 0x0000000095d00000, 0x0000000095e00000|  0%| F|  |TAMS 0x0000000095d00000, 0x0000000095d00000| Untracked 
|  70|0x0000000095e00000, 0x0000000095e00000, 0x0000000095f00000|  0%| F|  |TAMS 0x0000000095e00000, 0x0000000095e00000| Untracked 
|  71|0x0000000095f00000, 0x0000000095f00000, 0x0000000096000000|  0%| F|  |TAMS 0x0000000095f00000, 0x0000000095f00000| Untracked 
|  72|0x0000000096000000, 0x0000000096000000, 0x0000000096100000|  0%| F|  |TAMS 0x0000000096000000, 0x0000000096000000| Untracked 
|  73|0x0000000096100000, 0x0000000096100000, 0x0000000096200000|  0%| F|  |TAMS 0x0000000096100000, 0x0000000096100000| Untracked 
|  74|0x0000000096200000, 0x0000000096200000, 0x0000000096300000|  0%| F|  |TAMS 0x0000000096200000, 0x0000000096200000| Untracked 
|  75|0x0000000096300000, 0x0000000096300000, 0x0000000096400000|  0%| F|  |TAMS 0x0000000096300000, 0x0000000096300000| Untracked 
|  76|0x0000000096400000, 0x0000000096400000, 0x0000000096500000|  0%| F|  |TAMS 0x0000000096400000, 0x0000000096400000| Untracked 
|  77|0x0000000096500000, 0x0000000096600000, 0x0000000096600000|100%| E|  |TAMS 0x0000000096500000, 0x0000000096500000| Complete 
|  78|0x0000000096600000, 0x0000000096700000, 0x0000000096700000|100%| S|CS|TAMS 0x0000000096600000, 0x0000000096600000| Complete 
|  79|0x0000000096700000, 0x0000000096800000, 0x0000000096800000|100%| S|CS|TAMS 0x0000000096700000, 0x0000000096700000| Complete 
|  80|0x0000000096800000, 0x0000000096900000, 0x0000000096900000|100%| E|CS|TAMS 0x0000000096800000, 0x0000000096800000| Complete 
|  81|0x0000000096900000, 0x0000000096a00000, 0x0000000096a00000|100%| E|CS|TAMS 0x0000000096900000, 0x0000000096900000| Complete 
|  82|0x0000000096a00000, 0x0000000096b00000, 0x0000000096b00000|100%| E|CS|TAMS 0x0000000096a00000, 0x0000000096a00000| Complete 
|  83|0x0000000096b00000, 0x0000000096c00000, 0x0000000096c00000|100%| E|CS|TAMS 0x0000000096b00000, 0x0000000096b00000| Complete 
|  84|0x0000000096c00000, 0x0000000096d00000, 0x0000000096d00000|100%| E|CS|TAMS 0x0000000096c00000, 0x0000000096c00000| Complete 
|  85|0x0000000096d00000, 0x0000000096e00000, 0x0000000096e00000|100%| E|CS|TAMS 0x0000000096d00000, 0x0000000096d00000| Complete 
|  86|0x0000000096e00000, 0x0000000096f00000, 0x0000000096f00000|100%| E|CS|TAMS 0x0000000096e00000, 0x0000000096e00000| Complete 
|  87|0x0000000096f00000, 0x0000000097000000, 0x0000000097000000|100%| E|CS|TAMS 0x0000000096f00000, 0x0000000096f00000| Complete 
|  88|0x0000000097000000, 0x0000000097100000, 0x0000000097100000|100%| E|CS|TAMS 0x0000000097000000, 0x0000000097000000| Complete 
|  89|0x0000000097100000, 0x0000000097200000, 0x0000000097200000|100%| E|CS|TAMS 0x0000000097100000, 0x0000000097100000| Complete 
|  90|0x0000000097200000, 0x0000000097300000, 0x0000000097300000|100%| E|CS|TAMS 0x0000000097200000, 0x0000000097200000| Complete 
|  91|0x0000000097300000, 0x0000000097400000, 0x0000000097400000|100%| E|CS|TAMS 0x0000000097300000, 0x0000000097300000| Complete 
|  92|0x0000000097400000, 0x0000000097500000, 0x0000000097500000|100%| E|CS|TAMS 0x0000000097400000, 0x0000000097400000| Complete 
|  93|0x0000000097500000, 0x0000000097600000, 0x0000000097600000|100%| E|CS|TAMS 0x0000000097500000, 0x0000000097500000| Complete 
|  94|0x0000000097600000, 0x0000000097700000, 0x0000000097700000|100%| E|CS|TAMS 0x0000000097600000, 0x0000000097600000| Complete 
|  95|0x0000000097700000, 0x0000000097800000, 0x0000000097800000|100%| E|CS|TAMS 0x0000000097700000, 0x0000000097700000| Complete 
|  96|0x0000000097800000, 0x0000000097900000, 0x0000000097900000|100%| E|CS|TAMS 0x0000000097800000, 0x0000000097800000| Complete 
|  97|0x0000000097900000, 0x0000000097a00000, 0x0000000097a00000|100%| E|CS|TAMS 0x0000000097900000, 0x0000000097900000| Complete 
|  98|0x0000000097a00000, 0x0000000097b00000, 0x0000000097b00000|100%| E|CS|TAMS 0x0000000097a00000, 0x0000000097a00000| Complete 
|  99|0x0000000097b00000, 0x0000000097c00000, 0x0000000097c00000|100%| E|CS|TAMS 0x0000000097b00000, 0x0000000097b00000| Complete 
| 100|0x0000000097c00000, 0x0000000097d00000, 0x0000000097d00000|100%| E|CS|TAMS 0x0000000097c00000, 0x0000000097c00000| Complete 
| 101|0x0000000097d00000, 0x0000000097e00000, 0x0000000097e00000|100%| E|CS|TAMS 0x0000000097d00000, 0x0000000097d00000| Complete 
| 102|0x0000000097e00000, 0x0000000097f00000, 0x0000000097f00000|100%| E|CS|TAMS 0x0000000097e00000, 0x0000000097e00000| Complete 
| 103|0x0000000097f00000, 0x0000000098000000, 0x0000000098000000|100%| E|CS|TAMS 0x0000000097f00000, 0x0000000097f00000| Complete 
| 104|0x0000000098000000, 0x0000000098100000, 0x0000000098100000|100%| E|CS|TAMS 0x0000000098000000, 0x0000000098000000| Complete 
| 105|0x0000000098100000, 0x0000000098200000, 0x0000000098200000|100%| E|CS|TAMS 0x0000000098100000, 0x0000000098100000| Complete 
| 106|0x0000000098200000, 0x0000000098300000, 0x0000000098300000|100%| E|CS|TAMS 0x0000000098200000, 0x0000000098200000| Complete 
| 107|0x0000000098300000, 0x0000000098400000, 0x0000000098400000|100%| E|CS|TAMS 0x0000000098300000, 0x0000000098300000| Complete 
| 108|0x0000000098400000, 0x0000000098500000, 0x0000000098500000|100%| E|CS|TAMS 0x0000000098400000, 0x0000000098400000| Complete 
| 109|0x0000000098500000, 0x0000000098600000, 0x0000000098600000|100%| E|CS|TAMS 0x0000000098500000, 0x0000000098500000| Complete 
| 110|0x0000000098600000, 0x0000000098700000, 0x0000000098700000|100%| E|CS|TAMS 0x0000000098600000, 0x0000000098600000| Complete 
| 111|0x0000000098700000, 0x0000000098800000, 0x0000000098800000|100%| E|CS|TAMS 0x0000000098700000, 0x0000000098700000| Complete 

Card table byte_map: [0x000001d1e2b80000,0x000001d1e2f00000] _byte_map_base: 0x000001d1e26f4000

Marking Bits (Prev, Next): (CMBitMap*) 0x000001d1c8e3aec8, (CMBitMap*) 0x000001d1c8e3af08
 Prev Bits: [0x000001d1e3280000, 0x000001d1e4e20000)
 Next Bits: [0x000001d1e4e20000, 0x000001d1e69c0000)

Polling page: 0x000001d1c8ed0000

Metaspace:

Usage:
  Non-class:     12.39 MB capacity,    11.05 MB ( 89%) used,     1.32 MB ( 11%) free+waste,    16.63 KB ( <1%) overhead. 
      Class:      1.72 MB capacity,     1.49 MB ( 87%) used,   227.24 KB ( 13%) free+waste,     7.69 KB ( <1%) overhead. 
       Both:     14.11 MB capacity,    12.54 MB ( 89%) used,     1.55 MB ( 11%) free+waste,    24.31 KB ( <1%) overhead. 

Virtual space:
  Non-class space:       14.00 MB reserved,      12.50 MB ( 89%) committed 
      Class space:        1.00 GB reserved,       1.75 MB ( <1%) committed 
             Both:        1.01 GB reserved,      14.25 MB (  1%) committed 

Chunk freelists:
   Non-Class:  44.00 KB
       Class:  0 bytes
        Both:  44.00 KB

MaxMetaspaceSize: 17179869184.00 GB
CompressedClassSpaceSize: 1.00 GB

CodeHeap 'non-profiled nmethods': size=120000Kb used=1295Kb max_used=1295Kb free=118704Kb
 bounds [0x000001d1da870000, 0x000001d1daae0000, 0x000001d1e1da0000]
CodeHeap 'profiled nmethods': size=120000Kb used=5751Kb max_used=5751Kb free=114248Kb
 bounds [0x000001d1d3340000, 0x000001d1d38e0000, 0x000001d1da870000]
CodeHeap 'non-nmethods': size=5760Kb used=1175Kb max_used=1216Kb free=4584Kb
 bounds [0x000001d1d2da0000, 0x000001d1d3010000, 0x000001d1d3340000]
 total_blobs=4127 nmethods=2760 adapters=345
 compilation: enabled
              stopped_count=0, restarted_count=0
 full_count=0

Compilation events (20 events):
Event: 3.704 Thread 0x000001d1e948b800 2727       3       java.util.regex.Pattern$Begin::match (62 bytes)
Event: 3.705 Thread 0x000001d1e948b800 nmethod 2727 0x000001d1d38c4d90 code [0x000001d1d38c4f40, 0x000001d1d38c5288]
Event: 3.706 Thread 0x000001d1e948b800 2728   !   3       org.apache.maven.model.Build::clone (115 bytes)
Event: 3.709 Thread 0x000001d1e948b800 nmethod 2728 0x000001d1d38c5410 code [0x000001d1d38c5740, 0x000001d1d38c6b18]
Event: 3.709 Thread 0x000001d1e948b800 2729       3       java.util.Collections$3::nextElement (10 bytes)
Event: 3.709 Thread 0x000001d1e948b800 nmethod 2729 0x000001d1d38c7310 code [0x000001d1d38c74c0, 0x000001d1d38c76a8]
Event: 3.709 Thread 0x000001d1e948b800 2732       3       org.apache.maven.repository.internal.ArtifactDescriptorUtils::toRemoteRepository (49 bytes)
Event: 3.710 Thread 0x000001d1e948b800 nmethod 2732 0x000001d1d38c7790 code [0x000001d1d38c79a0, 0x000001d1d38c80f8]
Event: 3.710 Thread 0x000001d1e948b800 2736       3       org.eclipse.aether.util.repository.DefaultMirrorSelector::getMirror (101 bytes)
Event: 3.712 Thread 0x000001d1e948b800 nmethod 2736 0x000001d1d38c8310 code [0x000001d1d38c85c0, 0x000001d1d38c9198]
Event: 3.712 Thread 0x000001d1e948b800 2737       3       org.eclipse.aether.util.repository.DefaultMirrorSelector::findMirror (149 bytes)
Event: 3.713 Thread 0x000001d1e948b800 nmethod 2737 0x000001d1d38c9710 code [0x000001d1d38c99c0, 0x000001d1d38ca808]
Event: 3.713 Thread 0x000001d1e948b800 2733       1       org.eclipse.aether.graph.Dependency::getExclusions (5 bytes)
Event: 3.713 Thread 0x000001d1e948b800 nmethod 2733 0x000001d1da9b0c10 code [0x000001d1da9b0da0, 0x000001d1da9b0e78]
Event: 3.713 Thread 0x000001d1e948b800 2734       1       java.util.Collections$EmptySet::isEmpty (2 bytes)
Event: 3.713 Thread 0x000001d1e948b800 nmethod 2734 0x000001d1da9b0f10 code [0x000001d1da9b10a0, 0x000001d1da9b1178]
Event: 3.713 Thread 0x000001d1e948b800 2735       1       org.eclipse.aether.util.version.GenericVersionConstraint::getRange (5 bytes)
Event: 3.714 Thread 0x000001d1e948b800 nmethod 2735 0x000001d1da9b1210 code [0x000001d1da9b13a0, 0x000001d1da9b1478]
Event: 3.716 Thread 0x000001d1e9483800 nmethod 2723 0x000001d1da9b1510 code [0x000001d1da9b16c0, 0x000001d1da9b1e38]
Event: 3.716 Thread 0x000001d1e9483800 2730       4       java.util.LinkedHashMap$LinkedHashIterator::nextNode (54 bytes)

GC Heap History (4 events):
Event: 1.259 GC heap before
{Heap before GC invocations=0 (full 0):
 garbage-first heap   total 114688K, used 22528K [0x0000000091800000, 0x0000000100000000)
  region size 1024K, 23 young (23552K), 0 survivors (0K)
 Metaspace       used 4860K, capacity 7589K, committed 7808K, reserved 1056768K
  class space    used 617K, capacity 894K, committed 896K, reserved 1048576K
}
Event: 1.272 GC heap after
{Heap after GC invocations=1 (full 0):
 garbage-first heap   total 114688K, used 3374K [0x0000000091800000, 0x0000000100000000)
  region size 1024K, 3 young (3072K), 3 survivors (3072K)
 Metaspace       used 4860K, capacity 7589K, committed 7808K, reserved 1056768K
  class space    used 617K, capacity 894K, committed 896K, reserved 1048576K
}
Event: 2.435 GC heap before
{Heap before GC invocations=1 (full 0):
 garbage-first heap   total 114688K, used 33070K [0x0000000091800000, 0x0000000100000000)
  region size 1024K, 32 young (32768K), 3 survivors (3072K)
 Metaspace       used 10044K, capacity 12322K, committed 12672K, reserved 1060864K
  class space    used 1278K, capacity 1549K, committed 1664K, reserved 1048576K
}
Event: 2.452 GC heap after
{Heap after GC invocations=2 (full 0):
 garbage-first heap   total 114688K, used 5275K [0x0000000091800000, 0x0000000100000000)
  region size 1024K, 2 young (2048K), 2 survivors (2048K)
 Metaspace       used 10044K, capacity 12322K, committed 12672K, reserved 1060864K
  class space    used 1278K, capacity 1549K, committed 1664K, reserved 1048576K
}

Deoptimization events (20 events):
Event: 3.553 Thread 0x000001d1eb0f3800 DEOPT PACKING pc=0x000001d1d38875a6 sp=0x0000006a7dcfcb60
Event: 3.553 Thread 0x000001d1eb0f3800 DEOPT UNPACKING pc=0x000001d1d2de964e sp=0x0000006a7dcfc110 mode 0
Event: 3.564 Thread 0x000001d1eb0f3800 DEOPT PACKING pc=0x000001d1d37f373e sp=0x0000006a7dcfca90
Event: 3.564 Thread 0x000001d1eb0f3800 DEOPT UNPACKING pc=0x000001d1d2de964e sp=0x0000006a7dcfbfe8 mode 0
Event: 3.599 Thread 0x000001d1eb0f3800 DEOPT PACKING pc=0x000001d1d38875a6 sp=0x0000006a7dcfc230
Event: 3.599 Thread 0x000001d1eb0f3800 DEOPT UNPACKING pc=0x000001d1d2de964e sp=0x0000006a7dcfb7e0 mode 0
Event: 3.628 Thread 0x000001d1eb0f3800 DEOPT PACKING pc=0x000001d1d38875a6 sp=0x0000006a7dcfd0d0
Event: 3.628 Thread 0x000001d1eb0f3800 DEOPT UNPACKING pc=0x000001d1d2de964e sp=0x0000006a7dcfc680 mode 0
Event: 3.634 Thread 0x000001d1eb0f3800 Uncommon trap: trap_request=0xffffffde fr.pc=0x000001d1da92fc90 relative=0x00000000000004d0
Event: 3.634 Thread 0x000001d1eb0f3800 Uncommon trap: reason=class_check action=maybe_recompile pc=0x000001d1da92fc90 method=java.nio.charset.CharsetDecoder.decode(Ljava/nio/ByteBuffer;Ljava/nio/CharBuffer;Z)Ljava/nio/charset/CoderResult; @ 57 c2
Event: 3.634 Thread 0x000001d1eb0f3800 DEOPT PACKING pc=0x000001d1da92fc90 sp=0x0000006a7dcfcef0
Event: 3.634 Thread 0x000001d1eb0f3800 DEOPT UNPACKING pc=0x000001d1d2de912f sp=0x0000006a7dcfce10 mode 2
Event: 3.636 Thread 0x000001d1eb0f3800 DEOPT PACKING pc=0x000001d1d38875a6 sp=0x0000006a7dcfcec0
Event: 3.636 Thread 0x000001d1eb0f3800 DEOPT UNPACKING pc=0x000001d1d2de964e sp=0x0000006a7dcfc470 mode 0
Event: 3.649 Thread 0x000001d1eb0f3800 Uncommon trap: trap_request=0xffffffde fr.pc=0x000001d1da9a5b64 relative=0x0000000000002264
Event: 3.649 Thread 0x000001d1eb0f3800 Uncommon trap: reason=class_check action=maybe_recompile pc=0x000001d1da9a5b64 method=org.apache.maven.model.interpolation.StringSearchModelInterpolator$InterpolateObjectAction$MapField.doInterpolate(Ljava/lang/Object;Lorg/apache/maven/model/interpolation
Event: 3.649 Thread 0x000001d1eb0f3800 DEOPT PACKING pc=0x000001d1da9a5b64 sp=0x0000006a7dcfd400
Event: 3.649 Thread 0x000001d1eb0f3800 DEOPT UNPACKING pc=0x000001d1d2de912f sp=0x0000006a7dcfd3b0 mode 2
Event: 3.677 Thread 0x000001d1eb0f3800 DEOPT PACKING pc=0x000001d1d37a17e9 sp=0x0000006a7dcfd350
Event: 3.677 Thread 0x000001d1eb0f3800 DEOPT UNPACKING pc=0x000001d1d2de964e sp=0x0000006a7dcfc838 mode 0

Classes unloaded (0 events):
No events

Classes redefined (0 events):
No events

Internal exceptions (8 events):
Event: 0.531 Thread 0x000001d1c8dfb800 Exception <a 'java/lang/NoSuchMethodError'{0x00000000982f3980}: 'int java.lang.invoke.DirectMethodHandle$Holder.invokeSpecialIFC(java.lang.Object, java.lang.Object, int)'> (0x00000000982f3980) 
thrown [t:/workspace/open/src/hotspot/share/interpreter/linkResolver.cpp, line 766]
Event: 2.328 Thread 0x000001d1c8dfb800 Exception <a 'java/lang/NoClassDefFoundError'{0x000000009698a6a0}: com/google/inject/servlet/ServletModuleTargetVisitor> (0x000000009698a6a0) 
thrown [t:/workspace/open/src/hotspot/share/classfile/systemDictionary.cpp, line 215]
Event: 2.329 Thread 0x000001d1c8dfb800 Exception <a 'java/lang/NoClassDefFoundError'{0x000000009698d358}: javax/annotation/Priority> (0x000000009698d358) 
thrown [t:/workspace/open/src/hotspot/share/classfile/systemDictionary.cpp, line 215]
Event: 2.498 Thread 0x000001d1c8dfb800 Exception <a 'java/lang/NoSuchMethodError'{0x0000000098758340}: 'java.lang.Object java.lang.invoke.DirectMethodHandle$Holder.invokeStaticInit(java.lang.Object, int, int, int, int)'> (0x0000000098758340) 
thrown [t:/workspace/open/src/hotspot/share/interpreter/linkResolver.cpp, line 766]
Event: 2.653 Thread 0x000001d1c8dfb800 Implicit null exception at 0x000001d1da9210bd to 0x000001d1da921204
Event: 2.908 Thread 0x000001d1eb0f3800 Implicit null exception at 0x000001d1da8e5625 to 0x000001d1da8e5870
Event: 2.908 Thread 0x000001d1eb0f3800 Implicit null exception at 0x000001d1da8ee02f to 0x000001d1da8ee0ad
Event: 2.910 Thread 0x000001d1eb0f3800 Implicit null exception at 0x000001d1da8f3968 to 0x000001d1da8f39fa

Events (20 events):
Event: 2.999 Executing VM operation: HandshakeOneThread done
Event: 3.009 Executing VM operation: HandshakeOneThread
Event: 3.009 Executing VM operation: HandshakeOneThread done
Event: 3.012 Executing VM operation: HandshakeOneThread
Event: 3.013 Executing VM operation: HandshakeOneThread done
Event: 3.038 Executing VM operation: HandshakeOneThread
Event: 3.038 Executing VM operation: HandshakeOneThread done
Event: 3.038 Executing VM operation: HandshakeOneThread
Event: 3.038 Executing VM operation: HandshakeOneThread done
Event: 3.126 Thread 0x000001d1eb13c000 Thread added: 0x000001d1eb13c000
Event: 3.128 Executing VM operation: HandshakeOneThread
Event: 3.128 Executing VM operation: HandshakeOneThread done
Event: 3.134 Executing VM operation: HandshakeOneThread
Event: 3.134 Executing VM operation: HandshakeOneThread done
Event: 3.134 loading class sun/nio/cs/ISO_8859_1$Decoder
Event: 3.135 loading class sun/nio/cs/ISO_8859_1$Decoder done
Event: 3.484 Executing VM operation: ICBufferFull
Event: 3.484 Executing VM operation: ICBufferFull done
Event: 3.648 Executing VM operation: HandshakeOneThread
Event: 3.648 Executing VM operation: HandshakeOneThread done


Dynamic libraries:
0x00007ff6e9890000 - 0x00007ff6e989f000 	C:\Program Files\Java\jdk-14\bin\java.exe
0x00007ff82ac30000 - 0x00007ff82ae26000 	C:\WINDOWS\SYSTEM32\ntdll.dll
0x00007ff828e00000 - 0x00007ff828ebd000 	C:\WINDOWS\System32\KERNEL32.DLL
0x00007ff8287b0000 - 0x00007ff828a79000 	C:\WINDOWS\System32\KERNELBASE.dll
0x00007ff825d00000 - 0x00007ff825d90000 	C:\WINDOWS\SYSTEM32\apphelp.dll
0x00007ff8285a0000 - 0x00007ff8286a0000 	C:\WINDOWS\System32\ucrtbase.dll
0x00007ff8224e0000 - 0x00007ff8224f5000 	C:\Program Files\Java\jdk-14\bin\VCRUNTIME140.dll
0x00007ff81a320000 - 0x00007ff81a338000 	C:\Program Files\Java\jdk-14\bin\jli.dll
0x00007ff82a2f0000 - 0x00007ff82a39c000 	C:\WINDOWS\System32\ADVAPI32.dll
0x00007ff82a750000 - 0x00007ff82a7ee000 	C:\WINDOWS\System32\msvcrt.dll
0x00007ff828d00000 - 0x00007ff828d9c000 	C:\WINDOWS\System32\sechost.dll
0x00007ff828ec0000 - 0x00007ff828feb000 	C:\WINDOWS\System32\RPCRT4.dll
0x00007ff82a800000 - 0x00007ff82a9a0000 	C:\WINDOWS\System32\USER32.dll
0x00007ff828780000 - 0x00007ff8287a2000 	C:\WINDOWS\System32\win32u.dll
0x00007ff82a450000 - 0x00007ff82a47a000 	C:\WINDOWS\System32\GDI32.dll
0x00007ff828a80000 - 0x00007ff828b89000 	C:\WINDOWS\System32\gdi32full.dll
0x00007ff828b90000 - 0x00007ff828c2d000 	C:\WINDOWS\System32\msvcp_win.dll
0x00007ff80c750000 - 0x00007ff80c9eb000 	C:\WINDOWS\WinSxS\amd64_microsoft.windows.common-controls_6595b64144ccf1df_6.0.19041.488_none_ca04af081b815d21\COMCTL32.dll
0x00007ff81df30000 - 0x00007ff81df3a000 	C:\WINDOWS\SYSTEM32\VERSION.dll
0x00007ff8291a0000 - 0x00007ff8291d0000 	C:\WINDOWS\System32\IMM32.DLL
0x00007ff812610000 - 0x00007ff8126ab000 	C:\Program Files\Java\jdk-14\bin\msvcp140.dll
0x00007fffdf120000 - 0x00007fffdfc3f000 	C:\Program Files\Java\jdk-14\bin\server\jvm.dll
0x00007ff828cf0000 - 0x00007ff828cf8000 	C:\WINDOWS\System32\PSAPI.DLL
0x00007ff822610000 - 0x00007ff822619000 	C:\WINDOWS\SYSTEM32\WSOCK32.dll
0x00007ff81df00000 - 0x00007ff81df27000 	C:\WINDOWS\SYSTEM32\WINMM.dll
0x00007ff829b30000 - 0x00007ff829b9b000 	C:\WINDOWS\System32\WS2_32.dll
0x00007ff8262c0000 - 0x00007ff8262d2000 	C:\WINDOWS\SYSTEM32\kernel.appcore.dll
0x00007ff8224d0000 - 0x00007ff8224da000 	C:\Program Files\Java\jdk-14\bin\jimage.dll
0x00007ff821530000 - 0x00007ff821714000 	C:\WINDOWS\SYSTEM32\DBGHELP.DLL
0x00007ff81ef80000 - 0x00007ff81efac000 	C:\WINDOWS\SYSTEM32\dbgcore.DLL
0x00007ff828370000 - 0x00007ff8283f0000 	C:\WINDOWS\System32\bcryptPrimitives.dll
0x00007ff814640000 - 0x00007ff814665000 	C:\Program Files\Java\jdk-14\bin\java.dll
0x00007ff8145f0000 - 0x00007ff814607000 	C:\Program Files\Java\jdk-14\bin\zip.dll
0x00007ff829ba0000 - 0x00007ff82a2e2000 	C:\WINDOWS\System32\SHELL32.dll
0x00007ff8264c0000 - 0x00007ff826c55000 	C:\WINDOWS\SYSTEM32\windows.storage.dll
0x00007ff829750000 - 0x00007ff829aa6000 	C:\WINDOWS\System32\combase.dll
0x00007ff827d10000 - 0x00007ff827d3c000 	C:\WINDOWS\SYSTEM32\Wldp.dll
0x00007ff8296a0000 - 0x00007ff82974e000 	C:\WINDOWS\System32\SHCORE.dll
0x00007ff828da0000 - 0x00007ff828df5000 	C:\WINDOWS\System32\shlwapi.dll
0x00007ff8282a0000 - 0x00007ff8282c6000 	C:\WINDOWS\SYSTEM32\profapi.dll
0x00007ff8145d0000 - 0x00007ff8145e9000 	C:\Program Files\Java\jdk-14\bin\net.dll
0x00007ff81efb0000 - 0x00007ff81f0b0000 	C:\WINDOWS\SYSTEM32\WINHTTP.dll
0x00007ff827a90000 - 0x00007ff827afa000 	C:\WINDOWS\system32\mswsock.dll
0x00007ff81a280000 - 0x00007ff81a292000 	C:\Program Files\Java\jdk-14\bin\nio.dll
0x00007ff8206b0000 - 0x00007ff8206c0000 	C:\Program Files\Java\jdk-14\bin\verify.dll

dbghelp: loaded successfully - version: 4.0.5 - missing functions: none
symbol engine: initialized successfully - sym options: 0x614 - pdb path: .;C:\Program Files\Java\jdk-14\bin;C:\WINDOWS\SYSTEM32;C:\WINDOWS\WinSxS\amd64_microsoft.windows.common-controls_6595b64144ccf1df_6.0.19041.488_none_ca04af081b815d21;C:\Program Files\Java\jdk-14\bin\server

VM Arguments:
jvm_args: -Dclassworlds.conf=C:\Program Files\TMCBeans\java\maven\bin\m2.conf -Dmaven.home=C:\Program Files\TMCBeans\java\maven -Dmaven.multiModuleProjectDirectory=C:\Users\tuppu\Documents\NetBeansProjects\mooc-wepa-itseopiskelu\osa01-Osa01_02.HelloServer 
java_command: org.codehaus.plexus.classworlds.launcher.Launcher -Dexec.args=-classpath %classpath HelloServer -Dexec.executable=C:\Program Files\Java\jdk-14\bin\java.exe -T=1 -q org.codehaus.mojo:exec-maven-plugin:1.5.0:exec
java_class_path (initial): C:\Program Files\TMCBeans\java\maven\boot\plexus-classworlds-2.5.2.jar
Launcher Type: SUN_STANDARD

[Global flags]
     intx CICompilerCount                          = 4                                         {product} {ergonomic}
     uint ConcGCThreads                            = 2                                         {product} {ergonomic}
     uint G1ConcRefinementThreads                  = 8                                         {product} {ergonomic}
   size_t G1HeapRegionSize                         = 1048576                                   {product} {ergonomic}
    uintx GCDrainStackTargetSize                   = 64                                        {product} {ergonomic}
   size_t InitialHeapSize                          = 117440512                                 {product} {ergonomic}
   size_t MarkStackSize                            = 4194304                                   {product} {ergonomic}
   size_t MaxHeapSize                              = 1853882368                                {product} {ergonomic}
   size_t MaxNewSize                               = 1111490560                                {product} {ergonomic}
   size_t MinHeapDeltaBytes                        = 1048576                                   {product} {ergonomic}
   size_t MinHeapSize                              = 8388608                                   {product} {ergonomic}
    uintx NonNMethodCodeHeapSize                   = 5839372                                {pd product} {ergonomic}
    uintx NonProfiledCodeHeapSize                  = 122909434                              {pd product} {ergonomic}
    uintx ProfiledCodeHeapSize                     = 122909434                              {pd product} {ergonomic}
    uintx ReservedCodeCacheSize                    = 251658240                              {pd product} {ergonomic}
     bool SegmentedCodeCache                       = true                                      {product} {ergonomic}
   size_t SoftMaxHeapSize                          = 1853882368                             {manageable} {ergonomic}
     bool UseCompressedClassPointers               = true                                 {lp64_product} {ergonomic}
     bool UseCompressedOops                        = true                                 {lp64_product} {ergonomic}
     bool UseG1GC                                  = true                                      {product} {ergonomic}
     bool UseLargePagesIndividualAllocation        = false                                  {pd product} {ergonomic}

Logging:
Log output configuration:
 #0: stdout all=warning uptime,level,tags
 #1: stderr all=off uptime,level,tags

Environment Variables:
JAVA_HOME=C:\Program Files\Java\jdk-14
PATH=C:\Program Files (x86)\Common Files\Oracle\Java\javapath;C:\WINDOWS\system32;C:\WINDOWS;C:\WINDOWS\System32\Wbem;C:\WINDOWS\System32\WindowsPowerShell\v1.0\;C:\WINDOWS\System32\OpenSSH\;C:\Program Files (x86)\leJOS EV3\bin;C:\Program Files\Git\cmd;C:\Program Files\PuTTY\;C:\Users\samitup\applications\;C:\Users\tuppu\AppData\Local\Programs\Python\Python39\Scripts\;C:\Users\tuppu\AppData\Local\Programs\Python\Python39\;C:\Users\tuppu\AppData\Local\Microsoft\WindowsApps;;C:\Users\tuppu\AppData\Local\Programs\Microsoft VS Code\bin;C:\Users\tuppu\AppData\Roaming\npm
USERNAME=tuppu
OS=Windows_NT
PROCESSOR_IDENTIFIER=AMD64 Family 23 Model 17 Stepping 0, AuthenticAMD



---------------  S Y S T E M  ---------------

OS: Windows 10 , 64 bit Build 19041 (10.0.19041.662)
OS uptime: 2 days 20:10 hours

CPU:total 8 (initial active 8) (8 cores per cpu, 2 threads per core) family 23 model 17 stepping 0, cmov, cx8, fxsr, mmx, sse, sse2, sse3, ssse3, sse4.1, sse4.2, popcnt, avx, avx2, aes, clmul, mmxext, 3dnowpref, lzcnt, sse4a, ht, tsc, tscinvbit, tscinv, bmi1, bmi2, adx, sha, fma

Memory: 4k page, system-wide physical 7068M (913M free)
TotalPageFile size 11164M (AvailPageFile size 5M)
current process WorkingSet (physical memory assigned to process): 115M, peak: 115M
current process commit charge ("private bytes"): 236M, peak: 237M

vm_info: Java HotSpot(TM) 64-Bit Server VM (14+36-1461) for windows-amd64 JRE (14+36-1461), built on Feb  6 2020 19:08:04 by "mach5one" with MS VC++ 15.9 (VS2017)

END.
